<?xml version="1.0" ?>
<!DOCTYPE coverage SYSTEM "http://cobertura.sourceforge.net/xml/coverage-04.dtd">
<coverage lines-valid="6380"  lines-covered="4817"  line-rate="0.755"  branches-valid="2276"  branches-covered="1303"  branch-rate="0.5725"  timestamp="1455832251206" complexity="0" version="0.1">
<sources>
	<source>/Users/nebulae/voyager/navigo</source>
</sources>
<packages>
	<package name="src"  line-rate="0.6951999999999999"  branch-rate="0.5769" >
	<classes>
		<class name="app-config.js"  filename="app/src/app-config.js"  line-rate="0.7940999999999999"  branch-rate="0.6" >
		<methods>
			<method name="(anonymous_1)"  hits="13"  signature="()V" >
				<lines><line number="3"  hits="13" /></lines>
			</method>
			<method name="_loadIfAllowed"  hits="7"  signature="()V" >
				<lines><line number="6"  hits="7" /></lines>
			</method>
			<method name="(anonymous_3)"  hits="7"  signature="()V" >
				<lines><line number="7"  hits="7" /></lines>
			</method>
			<method name="_canProcess"  hits="1"  signature="()V" >
				<lines><line number="16"  hits="1" /></lines>
			</method>
			<method name="(anonymous_5)"  hits="1"  signature="()V" >
				<lines><line number="17"  hits="1" /></lines>
			</method>
			<method name="(anonymous_6)"  hits="2"  signature="()V" >
				<lines><line number="50"  hits="2" /></lines>
			</method>
			<method name="(anonymous_7)"  hits="4"  signature="()V" >
				<lines><line number="59"  hits="4" /></lines>
			</method>
			<method name="(anonymous_8)"  hits="1"  signature="()V" >
				<lines><line number="79"  hits="1" /></lines>
			</method>
			<method name="(anonymous_9)"  hits="1"  signature="()V" >
				<lines><line number="89"  hits="1" /></lines>
			</method>
			<method name="(anonymous_10)"  hits="1"  signature="()V" >
				<lines><line number="98"  hits="1" /></lines>
			</method>
			<method name="(anonymous_11)"  hits="0"  signature="()V" >
				<lines><line number="107"  hits="0" /></lines>
			</method>
			<method name="(anonymous_12)"  hits="0"  signature="()V" >
				<lines><line number="118"  hits="0" /></lines>
			</method>
			<method name="(anonymous_13)"  hits="0"  signature="()V" >
				<lines><line number="128"  hits="0" /></lines>
			</method>
			<method name="(anonymous_14)"  hits="0"  signature="()V" >
				<lines><line number="137"  hits="0" /></lines>
			</method>
			<method name="(anonymous_15)"  hits="4"  signature="()V" >
				<lines><line number="147"  hits="4" /></lines>
			</method>
			<method name="(anonymous_16)"  hits="4"  signature="()V" >
				<lines><line number="148"  hits="4" /></lines>
			</method>
		</methods>
		<lines>
			<line number="2"  hits="1"  branch="false" />
			<line number="6"  hits="1"  branch="false" />
			<line number="7"  hits="7"  branch="false" />
			<line number="8"  hits="7"  branch="true"  condition-coverage="100% (2/2)" />
			<line number="9"  hits="4"  branch="false" />
			<line number="11"  hits="3"  branch="false" />
			<line number="16"  hits="1"  branch="false" />
			<line number="17"  hits="1"  branch="false" />
			<line number="18"  hits="1"  branch="true"  condition-coverage="50% (1/2)" />
			<line number="19"  hits="1"  branch="false" />
			<line number="21"  hits="0"  branch="false" />
			<line number="26"  hits="13"  branch="false" />
			<line number="51"  hits="2"  branch="false" />
			<line number="60"  hits="4"  branch="true"  condition-coverage="50% (1/2)" />
			<line number="61"  hits="4"  branch="false" />
			<line number="63"  hits="0"  branch="false" />
			<line number="80"  hits="1"  branch="false" />
			<line number="90"  hits="1"  branch="false" />
			<line number="99"  hits="1"  branch="false" />
			<line number="108"  hits="0"  branch="false" />
			<line number="119"  hits="0"  branch="false" />
			<line number="129"  hits="0"  branch="false" />
			<line number="138"  hits="0"  branch="false" />
			<line number="147"  hits="13"  branch="false" />
			<line number="148"  hits="4"  branch="false" />
			<line number="149"  hits="4"  branch="true"  condition-coverage="50% (1/2)" />
			<line number="150"  hits="4"  branch="false" />
			<line number="152"  hits="0"  branch="false" />
			<line number="158"  hits="13"  branch="false" />
			<line number="164"  hits="13"  branch="true"  condition-coverage="50% (1/2)" />
			<line number="165"  hits="13"  branch="false" />
			<line number="168"  hits="13"  branch="false" />
			<line number="169"  hits="13"  branch="false" />
			<line number="170"  hits="13"  branch="false" />
		</lines>
		</class>
		<class name="app-module.js"  filename="app/src/app-module.js"  line-rate="1"  branch-rate="0.8332999999999999" >
		<methods>
			<method name="(anonymous_1)"  hits="13"  signature="()V" >
				<lines><line number="34"  hits="13" /></lines>
			</method>
			<method name="(anonymous_2)"  hits="20"  signature="()V" >
				<lines><line number="37"  hits="20" /></lines>
			</method>
			<method name="(anonymous_3)"  hits="2"  signature="()V" >
				<lines><line number="46"  hits="2" /></lines>
			</method>
		</methods>
		<lines>
			<line number="1"  hits="1"  branch="false" />
			<line number="36"  hits="13"  branch="false" />
			<line number="38"  hits="20"  branch="false" />
			<line number="39"  hits="20"  branch="true"  condition-coverage="100% (2/2)" />
			<line number="40"  hits="1"  branch="false" />
			<line number="41"  hits="1"  branch="false" />
			<line number="42"  hits="1"  branch="false" />
			<line number="44"  hits="20"  branch="false" />
			<line number="47"  hits="2"  branch="true"  condition-coverage="100% (2/2)" />
			<line number="48"  hits="1"  branch="false" />
			<line number="49"  hits="1"  branch="false" />
			<line number="50"  hits="1"  branch="false" />
			<line number="52"  hits="1"  branch="false" />
			<line number="53"  hits="1"  branch="true"  condition-coverage="50% (1/2)" />
			<line number="54"  hits="1"  branch="false" />
			<line number="56"  hits="1"  branch="false" />
			<line number="60"  hits="2"  branch="false" />
		</lines>
		</class>
		<class name="app-run.js"  filename="app/src/app-run.js"  line-rate="0.537"  branch-rate="0.4" >
		<methods>
			<method name="(anonymous_1)"  hits="13"  signature="()V" >
				<lines><line number="2"  hits="13" /></lines>
			</method>
			<method name="(anonymous_2)"  hits="0"  signature="()V" >
				<lines><line number="8"  hits="0" /></lines>
			</method>
			<method name="(anonymous_3)"  hits="0"  signature="()V" >
				<lines><line number="27"  hits="0" /></lines>
			</method>
			<method name="(anonymous_4)"  hits="0"  signature="()V" >
				<lines><line number="30"  hits="0" /></lines>
			</method>
			<method name="(anonymous_5)"  hits="0"  signature="()V" >
				<lines><line number="33"  hits="0" /></lines>
			</method>
			<method name="(anonymous_6)"  hits="0"  signature="()V" >
				<lines><line number="36"  hits="0" /></lines>
			</method>
			<method name="(anonymous_7)"  hits="0"  signature="()V" >
				<lines><line number="39"  hits="0" /></lines>
			</method>
			<method name="(anonymous_8)"  hits="0"  signature="()V" >
				<lines><line number="42"  hits="0" /></lines>
			</method>
			<method name="(anonymous_9)"  hits="0"  signature="()V" >
				<lines><line number="46"  hits="0" /></lines>
			</method>
			<method name="(anonymous_10)"  hits="0"  signature="()V" >
				<lines><line number="49"  hits="0" /></lines>
			</method>
			<method name="(anonymous_11)"  hits="0"  signature="()V" >
				<lines><line number="52"  hits="0" /></lines>
			</method>
			<method name="(anonymous_12)"  hits="0"  signature="()V" >
				<lines><line number="55"  hits="0" /></lines>
			</method>
			<method name="(anonymous_13)"  hits="0"  signature="()V" >
				<lines><line number="58"  hits="0" /></lines>
			</method>
			<method name="(anonymous_14)"  hits="0"  signature="()V" >
				<lines><line number="61"  hits="0" /></lines>
			</method>
			<method name="(anonymous_15)"  hits="0"  signature="()V" >
				<lines><line number="65"  hits="0" /></lines>
			</method>
			<method name="(anonymous_16)"  hits="0"  signature="()V" >
				<lines><line number="69"  hits="0" /></lines>
			</method>
			<method name="(anonymous_17)"  hits="0"  signature="()V" >
				<lines><line number="73"  hits="0" /></lines>
			</method>
			<method name="(anonymous_18)"  hits="0"  signature="()V" >
				<lines><line number="77"  hits="0" /></lines>
			</method>
			<method name="(anonymous_19)"  hits="1"  signature="()V" >
				<lines><line number="81"  hits="1" /></lines>
			</method>
			<method name="(anonymous_20)"  hits="0"  signature="()V" >
				<lines><line number="89"  hits="0" /></lines>
			</method>
		</methods>
		<lines>
			<line number="1"  hits="1"  branch="false" />
			<line number="5"  hits="13"  branch="true"  condition-coverage="50% (1/2)" />
			<line number="6"  hits="0"  branch="false" />
			<line number="7"  hits="0"  branch="false" />
			<line number="8"  hits="0"  branch="false" />
			<line number="9"  hits="0"  branch="false" />
			<line number="10"  hits="0"  branch="false" />
			<line number="14"  hits="13"  branch="true"  condition-coverage="50% (1/2)" />
			<line number="15"  hits="0"  branch="false" />
			<line number="18"  hits="13"  branch="false" />
			<line number="20"  hits="13"  branch="false" />
			<line number="22"  hits="13"  branch="false" />
			<line number="23"  hits="13"  branch="true"  condition-coverage="50% (1/2)" />
			<line number="24"  hits="13"  branch="false" />
			<line number="27"  hits="13"  branch="false" />
			<line number="28"  hits="0"  branch="false" />
			<line number="30"  hits="13"  branch="false" />
			<line number="31"  hits="0"  branch="false" />
			<line number="33"  hits="13"  branch="false" />
			<line number="34"  hits="0"  branch="false" />
			<line number="36"  hits="13"  branch="false" />
			<line number="37"  hits="0"  branch="false" />
			<line number="39"  hits="13"  branch="false" />
			<line number="40"  hits="0"  branch="false" />
			<line number="42"  hits="13"  branch="false" />
			<line number="44"  hits="0"  branch="false" />
			<line number="46"  hits="13"  branch="false" />
			<line number="47"  hits="0"  branch="false" />
			<line number="49"  hits="13"  branch="false" />
			<line number="50"  hits="0"  branch="false" />
			<line number="52"  hits="13"  branch="false" />
			<line number="53"  hits="0"  branch="false" />
			<line number="55"  hits="13"  branch="false" />
			<line number="56"  hits="0"  branch="false" />
			<line number="58"  hits="13"  branch="false" />
			<line number="59"  hits="0"  branch="false" />
			<line number="61"  hits="13"  branch="false" />
			<line number="62"  hits="0"  branch="false" />
			<line number="65"  hits="13"  branch="false" />
			<line number="66"  hits="0"  branch="false" />
			<line number="69"  hits="13"  branch="false" />
			<line number="70"  hits="0"  branch="false" />
			<line number="73"  hits="13"  branch="false" />
			<line number="74"  hits="0"  branch="false" />
			<line number="77"  hits="13"  branch="false" />
			<line number="78"  hits="0"  branch="false" />
			<line number="81"  hits="13"  branch="false" />
			<line number="82"  hits="1"  branch="true"  condition-coverage="50% (1/2)" />
			<line number="83"  hits="1"  branch="false" />
			<line number="84"  hits="0"  branch="true"  condition-coverage="0% (0/2)" />
			<line number="85"  hits="0"  branch="false" />
			<line number="89"  hits="13"  branch="false" />
			<line number="90"  hits="0"  branch="false" />
			<line number="93"  hits="13"  branch="false" />
		</lines>
		</class>
	</classes>
	</package>
	<package name="src.bulk-update"  line-rate="0.9265000000000001"  branch-rate="0.5625" >
	<classes>
		<class name="base-update-controller.js"  filename="app/src/bulk-update/base-update-controller.js"  line-rate="0.8387"  branch-rate="0.3" >
		<methods>
			<method name="(anonymous_1)"  hits="8"  signature="()V" >
				<lines><line number="3"  hits="8" /></lines>
			</method>
			<method name="(anonymous_2)"  hits="0"  signature="()V" >
				<lines><line number="7"  hits="0" /></lines>
			</method>
			<method name="(anonymous_3)"  hits="1"  signature="()V" >
				<lines><line number="18"  hits="1" /></lines>
			</method>
			<method name="(anonymous_4)"  hits="3"  signature="()V" >
				<lines><line number="20"  hits="3" /></lines>
			</method>
			<method name="(anonymous_5)"  hits="0"  signature="()V" >
				<lines><line number="29"  hits="0" /></lines>
			</method>
			<method name="(anonymous_6)"  hits="3"  signature="()V" >
				<lines><line number="35"  hits="3" /></lines>
			</method>
			<method name="(anonymous_7)"  hits="3"  signature="()V" >
				<lines><line number="40"  hits="3" /></lines>
			</method>
			<method name="(anonymous_8)"  hits="1"  signature="()V" >
				<lines><line number="48"  hits="1" /></lines>
			</method>
			<method name="(anonymous_9)"  hits="3"  signature="()V" >
				<lines><line number="53"  hits="3" /></lines>
			</method>
		</methods>
		<lines>
			<line number="2"  hits="1"  branch="false" />
			<line number="5"  hits="8"  branch="false" />
			<line number="7"  hits="8"  branch="false" />
			<line number="8"  hits="0"  branch="false" />
			<line number="11"  hits="8"  branch="false" />
			<line number="13"  hits="8"  branch="false" />
			<line number="14"  hits="8"  branch="true"  condition-coverage="50% (1/2)" />
			<line number="15"  hits="0"  branch="false" />
			<line number="18"  hits="8"  branch="false" />
			<line number="20"  hits="8"  branch="false" />
			<line number="21"  hits="3"  branch="true"  condition-coverage="50% (1/2)" />
			<line number="22"  hits="3"  branch="false" />
			<line number="23"  hits="3"  branch="false" />
			<line number="24"  hits="3"  branch="false" />
			<line number="25"  hits="3"  branch="false" />
			<line number="29"  hits="8"  branch="false" />
			<line number="30"  hits="0"  branch="true"  condition-coverage="0% (0/4)" />
			<line number="31"  hits="0"  branch="false" />
			<line number="35"  hits="8"  branch="false" />
			<line number="36"  hits="3"  branch="false" />
			<line number="37"  hits="3"  branch="false" />
			<line number="38"  hits="3"  branch="true"  condition-coverage="50% (1/2)" />
			<line number="39"  hits="3"  branch="false" />
			<line number="40"  hits="3"  branch="false" />
			<line number="41"  hits="3"  branch="false" />
			<line number="44"  hits="0"  branch="false" />
			<line number="48"  hits="8"  branch="false" />
			<line number="49"  hits="1"  branch="false" />
			<line number="50"  hits="1"  branch="false" />
			<line number="53"  hits="8"  branch="false" />
			<line number="54"  hits="3"  branch="false" />
		</lines>
		</class>
		<class name="edit-all-controller.js"  filename="app/src/bulk-update/edit-all-controller.js"  line-rate="1"  branch-rate="1" >
		<methods>
			<method name="(anonymous_1)"  hits="3"  signature="()V" >
				<lines><line number="3"  hits="3" /></lines>
			</method>
			<method name="_init"  hits="3"  signature="()V" >
				<lines><line number="16"  hits="3" /></lines>
			</method>
			<method name="(anonymous_3)"  hits="3"  signature="()V" >
				<lines><line number="18"  hits="3" /></lines>
			</method>
			<method name="(anonymous_4)"  hits="3"  signature="()V" >
				<lines><line number="27"  hits="3" /></lines>
			</method>
			<method name="(anonymous_5)"  hits="1"  signature="()V" >
				<lines><line number="36"  hits="1" /></lines>
			</method>
			<method name="_getFieldList"  hits="3"  signature="()V" >
				<lines><line number="40"  hits="3" /></lines>
			</method>
		</methods>
		<lines>
			<line number="2"  hits="1"  branch="false" />
			<line number="6"  hits="3"  branch="false" />
			<line number="8"  hits="3"  branch="false" />
			<line number="10"  hits="3"  branch="false" />
			<line number="16"  hits="1"  branch="false" />
			<line number="18"  hits="3"  branch="false" />
			<line number="19"  hits="3"  branch="false" />
			<line number="22"  hits="3"  branch="false" />
			<line number="25"  hits="3"  branch="false" />
			<line number="27"  hits="3"  branch="false" />
			<line number="28"  hits="3"  branch="true"  condition-coverage="100% (4/4)" />
			<line number="29"  hits="2"  branch="false" />
			<line number="31"  hits="1"  branch="false" />
			<line number="32"  hits="1"  branch="false" />
			<line number="36"  hits="3"  branch="false" />
			<line number="37"  hits="1"  branch="false" />
			<line number="40"  hits="1"  branch="false" />
			<line number="41"  hits="3"  branch="false" />
		</lines>
		</class>
		<class name="flag-all-controller.js"  filename="app/src/bulk-update/flag-all-controller.js"  line-rate="1"  branch-rate="1" >
		<methods>
			<method name="(anonymous_1)"  hits="3"  signature="()V" >
				<lines><line number="3"  hits="3" /></lines>
			</method>
			<method name="_init"  hits="3"  signature="()V" >
				<lines><line number="14"  hits="3" /></lines>
			</method>
			<method name="(anonymous_3)"  hits="3"  signature="()V" >
				<lines><line number="15"  hits="3" /></lines>
			</method>
			<method name="(anonymous_4)"  hits="3"  signature="()V" >
				<lines><line number="22"  hits="3" /></lines>
			</method>
			<method name="(anonymous_5)"  hits="1"  signature="()V" >
				<lines><line number="31"  hits="1" /></lines>
			</method>
		</methods>
		<lines>
			<line number="2"  hits="1"  branch="false" />
			<line number="6"  hits="3"  branch="false" />
			<line number="8"  hits="3"  branch="false" />
			<line number="10"  hits="3"  branch="false" />
			<line number="14"  hits="1"  branch="false" />
			<line number="15"  hits="3"  branch="false" />
			<line number="16"  hits="3"  branch="false" />
			<line number="20"  hits="3"  branch="false" />
			<line number="22"  hits="3"  branch="false" />
			<line number="23"  hits="3"  branch="true"  condition-coverage="100% (2/2)" />
			<line number="24"  hits="2"  branch="false" />
			<line number="26"  hits="1"  branch="false" />
			<line number="27"  hits="1"  branch="false" />
			<line number="31"  hits="3"  branch="false" />
			<line number="32"  hits="1"  branch="false" />
		</lines>
		</class>
		<class name="remove-flag-all-controller.js"  filename="app/src/bulk-update/remove-flag-all-controller.js"  line-rate="1"  branch-rate="1" >
		<methods>
			<method name="(anonymous_1)"  hits="2"  signature="()V" >
				<lines><line number="3"  hits="2" /></lines>
			</method>
			<method name="(anonymous_2)"  hits="1"  signature="()V" >
				<lines><line number="8"  hits="1" /></lines>
			</method>
		</methods>
		<lines>
			<line number="2"  hits="1"  branch="false" />
			<line number="6"  hits="2"  branch="false" />
			<line number="8"  hits="2"  branch="false" />
			<line number="9"  hits="1"  branch="false" />
		</lines>
		</class>
	</classes>
	</package>
	<package name="src.cart"  line-rate="0.8996999999999999"  branch-rate="0.8012" >
	<classes>
		<class name="cart-items-query.js"  filename="app/src/cart/cart-items-query.js"  line-rate="0.9312999999999999"  branch-rate="0.871" >
		<methods>
			<method name="(anonymous_1)"  hits="149"  signature="()V" >
				<lines><line number="3"  hits="149" /></lines>
			</method>
			<method name="_cleanFilters"  hits="4"  signature="()V" >
				<lines><line number="5"  hits="4" /></lines>
			</method>
			<method name="(anonymous_3)"  hits="4"  signature="()V" >
				<lines><line number="7"  hits="4" /></lines>
			</method>
			<method name="_applyItems"  hits="29"  signature="()V" >
				<lines><line number="39"  hits="29" /></lines>
			</method>
			<method name="_setParams"  hits="34"  signature="()V" >
				<lines><line number="99"  hits="34" /></lines>
			</method>
			<method name="_addRow"  hits="8"  signature="()V" >
				<lines><line number="111"  hits="8" /></lines>
			</method>
			<method name="_buildRows"  hits="2"  signature="()V" >
				<lines><line number="120"  hits="2" /></lines>
			</method>
			<method name="(anonymous_8)"  hits="8"  signature="()V" >
				<lines><line number="122"  hits="8" /></lines>
			</method>
			<method name="_getSummaryQueryString"  hits="2"  signature="()V" >
				<lines><line number="131"  hits="2" /></lines>
			</method>
			<method name="_getQueryString"  hits="16"  signature="()V" >
				<lines><line number="147"  hits="16" /></lines>
			</method>
			<method name="_getQueuedQueryString"  hits="16"  signature="()V" >
				<lines><line number="165"  hits="16" /></lines>
			</method>
			<method name="_getQueryCriteria"  hits="3"  signature="()V" >
				<lines><line number="195"  hits="3" /></lines>
			</method>
			<method name="_decorate"  hits="15"  signature="()V" >
				<lines><line number="209"  hits="15" /></lines>
			</method>
			<method name="(anonymous_14)"  hits="21"  signature="()V" >
				<lines><line number="210"  hits="21" /></lines>
			</method>
			<method name="_fetchItems"  hits="16"  signature="()V" >
				<lines><line number="222"  hits="16" /></lines>
			</method>
			<method name="(anonymous_16)"  hits="15"  signature="()V" >
				<lines><line number="223"  hits="15" /></lines>
			</method>
			<method name="_fetchQueued"  hits="16"  signature="()V" >
				<lines><line number="230"  hits="16" /></lines>
			</method>
			<method name="(anonymous_18)"  hits="16"  signature="()V" >
				<lines><line number="231"  hits="16" /></lines>
			</method>
			<method name="_fetchSummary"  hits="2"  signature="()V" >
				<lines><line number="236"  hits="2" /></lines>
			</method>
			<method name="(anonymous_20)"  hits="2"  signature="()V" >
				<lines><line number="237"  hits="2" /></lines>
			</method>
			<method name="_fetchItemsOnly"  hits="1"  signature="()V" >
				<lines><line number="243"  hits="1" /></lines>
			</method>
			<method name="(anonymous_22)"  hits="0"  signature="()V" >
				<lines><line number="244"  hits="0" /></lines>
			</method>
			<method name="(anonymous_23)"  hits="3"  signature="()V" >
				<lines><line number="251"  hits="3" /></lines>
			</method>
			<method name="(anonymous_24)"  hits="11"  signature="()V" >
				<lines><line number="255"  hits="11" /></lines>
			</method>
			<method name="(anonymous_25)"  hits="7"  signature="()V" >
				<lines><line number="268"  hits="7" /></lines>
			</method>
			<method name="(anonymous_26)"  hits="16"  signature="()V" >
				<lines><line number="272"  hits="16" /></lines>
			</method>
			<method name="(anonymous_27)"  hits="1"  signature="()V" >
				<lines><line number="276"  hits="1" /></lines>
			</method>
		</methods>
		<lines>
			<line number="2"  hits="1"  branch="false" />
			<line number="5"  hits="1"  branch="false" />
			<line number="6"  hits="4"  branch="false" />
			<line number="7"  hits="4"  branch="false" />
			<line number="8"  hits="4"  branch="false" />
			<line number="9"  hits="4"  branch="true"  condition-coverage="100% (2/2)" />
			<line number="10"  hits="1"  branch="false" />
			<line number="11"  hits="1"  branch="false" />
			<line number="14"  hits="4"  branch="false" />
			<line number="39"  hits="1"  branch="false" />
			<line number="40"  hits="29"  branch="false" />
			<line number="41"  hits="29"  branch="true"  condition-coverage="75% (3/4)" />
			<line number="42"  hits="29"  branch="false" />
			<line number="43"  hits="29"  branch="false" />
			<line number="44"  hits="29"  branch="false" />
			<line number="50"  hits="29"  branch="true"  condition-coverage="100% (4/4)" />
			<line number="51"  hits="1"  branch="false" />
			<line number="52"  hits="28"  branch="true"  condition-coverage="100% (5/5)" />
			<line number="53"  hits="2"  branch="false" />
			<line number="54"  hits="2"  branch="true"  condition-coverage="100% (4/4)" />
			<line number="55"  hits="1"  branch="false" />
			<line number="56"  hits="1"  branch="false" />
			<line number="61"  hits="2"  branch="true"  condition-coverage="50% (1/2)" />
			<line number="62"  hits="0"  branch="false" />
			<line number="63"  hits="0"  branch="false" />
			<line number="66"  hits="2"  branch="false" />
			<line number="68"  hits="26"  branch="true"  condition-coverage="100% (4/4)" />
			<line number="69"  hits="2"  branch="false" />
			<line number="70"  hits="2"  branch="true"  condition-coverage="100% (4/4)" />
			<line number="71"  hits="1"  branch="false" />
			<line number="72"  hits="1"  branch="false" />
			<line number="77"  hits="2"  branch="true"  condition-coverage="50% (1/2)" />
			<line number="78"  hits="0"  branch="false" />
			<line number="79"  hits="0"  branch="false" />
			<line number="82"  hits="2"  branch="false" />
			<line number="85"  hits="24"  branch="true"  condition-coverage="100% (5/5)" />
			<line number="86"  hits="1"  branch="false" />
			<line number="87"  hits="1"  branch="false" />
			<line number="92"  hits="23"  branch="true"  condition-coverage="100% (4/4)" />
			<line number="93"  hits="1"  branch="false" />
			<line number="95"  hits="22"  branch="false" />
			<line number="99"  hits="1"  branch="false" />
			<line number="100"  hits="34"  branch="false" />
			<line number="101"  hits="34"  branch="true"  condition-coverage="50% (1/2)" />
			<line number="102"  hits="0"  branch="false" />
			<line number="104"  hits="34"  branch="true"  condition-coverage="100% (2/2)" />
			<line number="105"  hits="29"  branch="false" />
			<line number="107"  hits="34"  branch="false" />
			<line number="108"  hits="34"  branch="false" />
			<line number="111"  hits="1"  branch="false" />
			<line number="112"  hits="8"  branch="true"  condition-coverage="100% (2/2)" />
			<line number="113"  hits="4"  branch="false" />
			<line number="115"  hits="4"  branch="false" />
			<line number="117"  hits="8"  branch="false" />
			<line number="120"  hits="1"  branch="false" />
			<line number="121"  hits="2"  branch="false" />
			<line number="122"  hits="2"  branch="false" />
			<line number="123"  hits="8"  branch="false" />
			<line number="124"  hits="8"  branch="true"  condition-coverage="100% (2/2)" />
			<line number="125"  hits="4"  branch="false" />
			<line number="128"  hits="2"  branch="false" />
			<line number="131"  hits="1"  branch="false" />
			<line number="132"  hits="2"  branch="false" />
			<line number="133"  hits="2"  branch="false" />
			<line number="134"  hits="2"  branch="false" />
			<line number="135"  hits="2"  branch="false" />
			<line number="136"  hits="2"  branch="true"  condition-coverage="100% (5/5)" />
			<line number="137"  hits="1"  branch="true"  condition-coverage="50% (1/2)" />
			<line number="138"  hits="0"  branch="false" />
			<line number="140"  hits="1"  branch="false" />
			<line number="142"  hits="2"  branch="false" />
			<line number="143"  hits="2"  branch="false" />
			<line number="144"  hits="2"  branch="false" />
			<line number="147"  hits="1"  branch="false" />
			<line number="148"  hits="16"  branch="false" />
			<line number="149"  hits="16"  branch="false" />
			<line number="150"  hits="16"  branch="false" />
			<line number="151"  hits="16"  branch="false" />
			<line number="153"  hits="16"  branch="true"  condition-coverage="100% (5/5)" />
			<line number="154"  hits="3"  branch="true"  condition-coverage="100% (2/2)" />
			<line number="155"  hits="2"  branch="false" />
			<line number="157"  hits="3"  branch="false" />
			<line number="159"  hits="16"  branch="false" />
			<line number="160"  hits="16"  branch="false" />
			<line number="161"  hits="16"  branch="false" />
			<line number="162"  hits="16"  branch="false" />
			<line number="165"  hits="1"  branch="false" />
			<line number="166"  hits="16"  branch="false" />
			<line number="167"  hits="16"  branch="true"  condition-coverage="100% (2/2)" />
			<line number="168"  hits="14"  branch="false" />
			<line number="170"  hits="16"  branch="true"  condition-coverage="75% (3/4)" />
			<line number="171"  hits="16"  branch="false" />
			<line number="172"  hits="16"  branch="true"  condition-coverage="50% (1/2)" />
			<line number="173"  hits="0"  branch="false" />
			<line number="175"  hits="16"  branch="false" />
			<line number="178"  hits="16"  branch="false" />
			<line number="179"  hits="16"  branch="false" />
			<line number="180"  hits="16"  branch="false" />
			<line number="181"  hits="16"  branch="true"  condition-coverage="100% (5/5)" />
			<line number="182"  hits="1"  branch="true"  condition-coverage="50% (1/2)" />
			<line number="183"  hits="0"  branch="false" />
			<line number="185"  hits="1"  branch="true"  condition-coverage="50% (1/2)" />
			<line number="186"  hits="0"  branch="false" />
			<line number="189"  hits="16"  branch="false" />
			<line number="190"  hits="16"  branch="false" />
			<line number="191"  hits="16"  branch="false" />
			<line number="192"  hits="16"  branch="false" />
			<line number="195"  hits="1"  branch="false" />
			<line number="196"  hits="3"  branch="false" />
			<line number="197"  hits="3"  branch="false" />
			<line number="198"  hits="3"  branch="false" />
			<line number="199"  hits="3"  branch="false" />
			<line number="200"  hits="3"  branch="false" />
			<line number="201"  hits="3"  branch="false" />
			<line number="202"  hits="3"  branch="false" />
			<line number="203"  hits="3"  branch="true"  condition-coverage="50% (1/2)" />
			<line number="204"  hits="0"  branch="false" />
			<line number="206"  hits="3"  branch="false" />
			<line number="209"  hits="1"  branch="false" />
			<line number="210"  hits="15"  branch="false" />
			<line number="211"  hits="21"  branch="true"  condition-coverage="100% (2/2)" />
			<line number="212"  hits="8"  branch="false" />
			<line number="214"  hits="13"  branch="false" />
			<line number="216"  hits="21"  branch="true"  condition-coverage="100% (4/4)" />
			<line number="217"  hits="8"  branch="false" />
			<line number="222"  hits="1"  branch="false" />
			<line number="223"  hits="16"  branch="false" />
			<line number="224"  hits="15"  branch="false" />
			<line number="225"  hits="15"  branch="false" />
			<line number="226"  hits="15"  branch="false" />
			<line number="230"  hits="1"  branch="false" />
			<line number="231"  hits="16"  branch="false" />
			<line number="232"  hits="16"  branch="false" />
			<line number="236"  hits="1"  branch="false" />
			<line number="237"  hits="2"  branch="false" />
			<line number="238"  hits="2"  branch="false" />
			<line number="239"  hits="2"  branch="false" />
			<line number="243"  hits="1"  branch="false" />
			<line number="244"  hits="1"  branch="false" />
			<line number="245"  hits="0"  branch="false" />
			<line number="249"  hits="149"  branch="false" />
			<line number="252"  hits="3"  branch="false" />
			<line number="256"  hits="11"  branch="false" />
			<line number="257"  hits="11"  branch="true"  condition-coverage="50% (1/2)" />
			<line number="258"  hits="11"  branch="false" />
			<line number="259"  hits="11"  branch="false" />
			<line number="261"  hits="11"  branch="true"  condition-coverage="100% (2/2)" />
			<line number="262"  hits="9"  branch="false" />
			<line number="264"  hits="2"  branch="false" />
			<line number="269"  hits="7"  branch="false" />
			<line number="273"  hits="16"  branch="false" />
			<line number="277"  hits="1"  branch="false" />
			<line number="278"  hits="1"  branch="true"  condition-coverage="50% (1/2)" />
			<line number="279"  hits="1"  branch="false" />
			<line number="280"  hits="1"  branch="false" />
			<line number="283"  hits="1"  branch="false" />
			<line number="284"  hits="1"  branch="false" />
			<line number="285"  hits="1"  branch="false" />
			<line number="286"  hits="1"  branch="false" />
			<line number="287"  hits="1"  branch="false" />
		</lines>
		</class>
		<class name="cart-module.js"  filename="app/src/cart/cart-module.js"  line-rate="1"  branch-rate="1" >
		<methods>
		</methods>
		<lines>
			<line number="3"  hits="1"  branch="false" />
		</lines>
		</class>
		<class name="cart-nav-controller.js"  filename="app/src/cart/cart-nav-controller.js"  line-rate="0.7761"  branch-rate="0.4167" >
		<methods>
			<method name="(anonymous_1)"  hits="4"  signature="()V" >
				<lines><line number="3"  hits="4" /></lines>
			</method>
			<method name="_init"  hits="4"  signature="()V" >
				<lines><line number="6"  hits="4" /></lines>
			</method>
			<method name="(anonymous_3)"  hits="0"  signature="()V" >
				<lines><line number="19"  hits="0" /></lines>
			</method>
			<method name="_setPermissions"  hits="4"  signature="()V" >
				<lines><line number="29"  hits="4" /></lines>
			</method>
			<method name="_getTask"  hits="4"  signature="()V" >
				<lines><line number="33"  hits="4" /></lines>
			</method>
			<method name="_loadTasks"  hits="5"  signature="()V" >
				<lines><line number="41"  hits="5" /></lines>
			</method>
			<method name="(anonymous_7)"  hits="4"  signature="()V" >
				<lines><line number="42"  hits="4" /></lines>
			</method>
			<method name="(anonymous_8)"  hits="1"  signature="()V" >
				<lines><line number="47"  hits="1" /></lines>
			</method>
			<method name="(anonymous_9)"  hits="0"  signature="()V" >
				<lines><line number="52"  hits="0" /></lines>
			</method>
			<method name="(anonymous_10)"  hits="1"  signature="()V" >
				<lines><line number="67"  hits="1" /></lines>
			</method>
			<method name="(anonymous_11)"  hits="1"  signature="()V" >
				<lines><line number="71"  hits="1" /></lines>
			</method>
			<method name="(anonymous_12)"  hits="1"  signature="()V" >
				<lines><line number="77"  hits="1" /></lines>
			</method>
			<method name="_openTaskModal"  hits="1"  signature="()V" >
				<lines><line number="85"  hits="1" /></lines>
			</method>
			<method name="(anonymous_14)"  hits="1"  signature="()V" >
				<lines><line number="91"  hits="1" /></lines>
			</method>
			<method name="(anonymous_15)"  hits="1"  signature="()V" >
				<lines><line number="94"  hits="1" /></lines>
			</method>
			<method name="(anonymous_16)"  hits="1"  signature="()V" >
				<lines><line number="97"  hits="1" /></lines>
			</method>
			<method name="(anonymous_17)"  hits="0"  signature="()V" >
				<lines><line number="103"  hits="0" /></lines>
			</method>
			<method name="(anonymous_18)"  hits="0"  signature="()V" >
				<lines><line number="105"  hits="0" /></lines>
			</method>
			<method name="(anonymous_19)"  hits="0"  signature="()V" >
				<lines><line number="113"  hits="0" /></lines>
			</method>
		</methods>
		<lines>
			<line number="2"  hits="1"  branch="false" />
			<line number="6"  hits="1"  branch="false" />
			<line number="7"  hits="4"  branch="false" />
			<line number="8"  hits="4"  branch="false" />
			<line number="9"  hits="4"  branch="false" />
			<line number="10"  hits="4"  branch="false" />
			<line number="12"  hits="4"  branch="true"  condition-coverage="50% (1/2)" />
			<line number="13"  hits="0"  branch="false" />
			<line number="15"  hits="4"  branch="false" />
			<line number="16"  hits="4"  branch="false" />
			<line number="17"  hits="4"  branch="false" />
			<line number="19"  hits="4"  branch="false" />
			<line number="20"  hits="0"  branch="false" />
			<line number="21"  hits="0"  branch="false" />
			<line number="23"  hits="4"  branch="false" />
			<line number="24"  hits="4"  branch="false" />
			<line number="26"  hits="4"  branch="false" />
			<line number="29"  hits="1"  branch="false" />
			<line number="30"  hits="4"  branch="false" />
			<line number="33"  hits="1"  branch="false" />
			<line number="34"  hits="4"  branch="false" />
			<line number="35"  hits="4"  branch="true"  condition-coverage="100% (2/2)" />
			<line number="36"  hits="3"  branch="false" />
			<line number="38"  hits="1"  branch="false" />
			<line number="41"  hits="1"  branch="false" />
			<line number="42"  hits="5"  branch="false" />
			<line number="43"  hits="4"  branch="false" />
			<line number="44"  hits="4"  branch="false" />
			<line number="45"  hits="4"  branch="false" />
			<line number="46"  hits="4"  branch="true"  condition-coverage="100% (2/2)" />
			<line number="47"  hits="1"  branch="false" />
			<line number="48"  hits="1"  branch="false" />
			<line number="49"  hits="1"  branch="true"  condition-coverage="50% (1/2)" />
			<line number="50"  hits="0"  branch="false" />
			<line number="52"  hits="1"  branch="false" />
			<line number="53"  hits="0"  branch="true"  condition-coverage="0% (0/2)" />
			<line number="54"  hits="0"  branch="false" />
			<line number="58"  hits="1"  branch="true"  condition-coverage="50% (2/4)" />
			<line number="59"  hits="0"  branch="false" />
			<line number="63"  hits="4"  branch="false" />
			<line number="67"  hits="4"  branch="false" />
			<line number="68"  hits="1"  branch="true"  condition-coverage="50% (1/2)" />
			<line number="69"  hits="1"  branch="false" />
			<line number="70"  hits="1"  branch="false" />
			<line number="71"  hits="1"  branch="false" />
			<line number="72"  hits="1"  branch="false" />
			<line number="77"  hits="4"  branch="false" />
			<line number="78"  hits="1"  branch="false" />
			<line number="79"  hits="1"  branch="true"  condition-coverage="50% (1/2)" />
			<line number="80"  hits="1"  branch="false" />
			<line number="81"  hits="1"  branch="false" />
			<line number="85"  hits="1"  branch="false" />
			<line number="86"  hits="1"  branch="false" />
			<line number="92"  hits="1"  branch="false" />
			<line number="95"  hits="1"  branch="false" />
			<line number="98"  hits="1"  branch="false" />
			<line number="103"  hits="1"  branch="false" />
			<line number="104"  hits="0"  branch="false" />
			<line number="110"  hits="4"  branch="false" />
			<line number="113"  hits="4"  branch="false" />
			<line number="114"  hits="0"  branch="true"  condition-coverage="0% (0/2)" />
			<line number="115"  hits="0"  branch="false" />
			<line number="116"  hits="0"  branch="true"  condition-coverage="0% (0/2)" />
			<line number="117"  hits="0"  branch="false" />
			<line number="118"  hits="0"  branch="true"  condition-coverage="0% (0/2)" />
			<line number="119"  hits="0"  branch="false" />
			<line number="121"  hits="0"  branch="false" />
		</lines>
		</class>
		<class name="cart-service.js"  filename="app/src/cart/cart-service.js"  line-rate="0.9206"  branch-rate="0.84" >
		<methods>
			<method name="(anonymous_1)"  hits="234"  signature="()V" >
				<lines><line number="4"  hits="234" /></lines>
			</method>
			<method name="(anonymous_2)"  hits="137"  signature="()V" >
				<lines><line number="8"  hits="137" /></lines>
			</method>
			<method name="(anonymous_3)"  hits="41"  signature="()V" >
				<lines><line number="12"  hits="41" /></lines>
			</method>
			<method name="(anonymous_4)"  hits="6"  signature="()V" >
				<lines><line number="18"  hits="6" /></lines>
			</method>
			<method name="(anonymous_5)"  hits="28"  signature="()V" >
				<lines><line number="23"  hits="28" /></lines>
			</method>
			<method name="(anonymous_6)"  hits="6"  signature="()V" >
				<lines><line number="25"  hits="6" /></lines>
			</method>
			<method name="(anonymous_7)"  hits="173"  signature="()V" >
				<lines><line number="30"  hits="173" /></lines>
			</method>
			<method name="_setItems"  hits="1"  signature="()V" >
				<lines><line number="38"  hits="1" /></lines>
			</method>
			<method name="(anonymous_9)"  hits="2"  signature="()V" >
				<lines><line number="40"  hits="2" /></lines>
			</method>
			<method name="_syncItems"  hits="1"  signature="()V" >
				<lines><line number="47"  hits="1" /></lines>
			</method>
			<method name="(anonymous_11)"  hits="0"  signature="()V" >
				<lines><line number="48"  hits="0" /></lines>
			</method>
			<method name="(anonymous_12)"  hits="12"  signature="()V" >
				<lines><line number="61"  hits="12" /></lines>
			</method>
			<method name="(anonymous_13)"  hits="3"  signature="()V" >
				<lines><line number="85"  hits="3" /></lines>
			</method>
			<method name="(anonymous_14)"  hits="3"  signature="()V" >
				<lines><line number="87"  hits="3" /></lines>
			</method>
			<method name="(anonymous_15)"  hits="1"  signature="()V" >
				<lines><line number="98"  hits="1" /></lines>
			</method>
			<method name="(anonymous_16)"  hits="1"  signature="()V" >
				<lines><line number="101"  hits="1" /></lines>
			</method>
			<method name="(anonymous_17)"  hits="38"  signature="()V" >
				<lines><line number="104"  hits="38" /></lines>
			</method>
			<method name="(anonymous_18)"  hits="19"  signature="()V" >
				<lines><line number="116"  hits="19" /></lines>
			</method>
			<method name="(anonymous_19)"  hits="0"  signature="()V" >
				<lines><line number="119"  hits="0" /></lines>
			</method>
			<method name="(anonymous_20)"  hits="11"  signature="()V" >
				<lines><line number="122"  hits="11" /></lines>
			</method>
			<method name="(anonymous_21)"  hits="32"  signature="()V" >
				<lines><line number="139"  hits="32" /></lines>
			</method>
			<method name="(anonymous_22)"  hits="31"  signature="()V" >
				<lines><line number="142"  hits="31" /></lines>
			</method>
			<method name="(anonymous_23)"  hits="24"  signature="()V" >
				<lines><line number="143"  hits="24" /></lines>
			</method>
			<method name="(anonymous_24)"  hits="4"  signature="()V" >
				<lines><line number="147"  hits="4" /></lines>
			</method>
			<method name="(anonymous_25)"  hits="14"  signature="()V" >
				<lines><line number="155"  hits="14" /></lines>
			</method>
			<method name="(anonymous_26)"  hits="19"  signature="()V" >
				<lines><line number="163"  hits="19" /></lines>
			</method>
			<method name="(anonymous_27)"  hits="0"  signature="()V" >
				<lines><line number="168"  hits="0" /></lines>
			</method>
			<method name="(anonymous_28)"  hits="0"  signature="()V" >
				<lines><line number="171"  hits="0" /></lines>
			</method>
			<method name="(anonymous_29)"  hits="2"  signature="()V" >
				<lines><line number="177"  hits="2" /></lines>
			</method>
			<method name="(anonymous_30)"  hits="24"  signature="()V" >
				<lines><line number="188"  hits="24" /></lines>
			</method>
			<method name="(anonymous_31)"  hits="1"  signature="()V" >
				<lines><line number="200"  hits="1" /></lines>
			</method>
			<method name="(anonymous_32)"  hits="73"  signature="()V" >
				<lines><line number="204"  hits="73" /></lines>
			</method>
			<method name="(anonymous_33)"  hits="4"  signature="()V" >
				<lines><line number="207"  hits="4" /></lines>
			</method>
			<method name="(anonymous_34)"  hits="11"  signature="()V" >
				<lines><line number="220"  hits="11" /></lines>
			</method>
		</methods>
		<lines>
			<line number="3"  hits="1"  branch="false" />
			<line number="6"  hits="234"  branch="false" />
			<line number="10"  hits="137"  branch="false" />
			<line number="12"  hits="137"  branch="false" />
			<line number="13"  hits="41"  branch="false" />
			<line number="14"  hits="41"  branch="false" />
			<line number="15"  hits="41"  branch="true"  condition-coverage="100% (2/2)" />
			<line number="16"  hits="5"  branch="false" />
			<line number="18"  hits="41"  branch="false" />
			<line number="19"  hits="6"  branch="false" />
			<line number="23"  hits="137"  branch="false" />
			<line number="24"  hits="28"  branch="false" />
			<line number="25"  hits="28"  branch="false" />
			<line number="26"  hits="6"  branch="false" />
			<line number="30"  hits="137"  branch="false" />
			<line number="31"  hits="173"  branch="false" />
			<line number="32"  hits="173"  branch="true"  condition-coverage="100% (2/2)" />
			<line number="33"  hits="102"  branch="false" />
			<line number="35"  hits="71"  branch="false" />
			<line number="38"  hits="1"  branch="false" />
			<line number="39"  hits="1"  branch="false" />
			<line number="40"  hits="1"  branch="false" />
			<line number="41"  hits="2"  branch="false" />
			<line number="43"  hits="1"  branch="false" />
			<line number="44"  hits="1"  branch="false" />
			<line number="47"  hits="1"  branch="false" />
			<line number="48"  hits="1"  branch="false" />
			<line number="49"  hits="0"  branch="false" />
			<line number="50"  hits="0"  branch="false" />
			<line number="60"  hits="137"  branch="false" />
			<line number="62"  hits="12"  branch="false" />
			<line number="63"  hits="12"  branch="false" />
			<line number="64"  hits="12"  branch="true"  condition-coverage="100% (2/2)" />
			<line number="65"  hits="4"  branch="true"  condition-coverage="100% (2/2)" />
			<line number="66"  hits="1"  branch="true"  condition-coverage="50% (1/2)" />
			<line number="67"  hits="1"  branch="false" />
			<line number="68"  hits="1"  branch="true"  condition-coverage="50% (1/2)" />
			<line number="69"  hits="1"  branch="false" />
			<line number="71"  hits="1"  branch="false" />
			<line number="74"  hits="4"  branch="false" />
			<line number="75"  hits="4"  branch="false" />
			<line number="78"  hits="12"  branch="true"  condition-coverage="100% (2/2)" />
			<line number="79"  hits="11"  branch="false" />
			<line number="80"  hits="11"  branch="false" />
			<line number="81"  hits="11"  branch="false" />
			<line number="83"  hits="12"  branch="false" />
			<line number="86"  hits="3"  branch="false" />
			<line number="87"  hits="3"  branch="false" />
			<line number="88"  hits="3"  branch="false" />
			<line number="90"  hits="3"  branch="false" />
			<line number="91"  hits="3"  branch="false" />
			<line number="92"  hits="3"  branch="false" />
			<line number="93"  hits="3"  branch="true"  condition-coverage="50% (1/2)" />
			<line number="94"  hits="0"  branch="false" />
			<line number="95"  hits="0"  branch="false" />
			<line number="99"  hits="1"  branch="false" />
			<line number="102"  hits="1"  branch="false" />
			<line number="105"  hits="38"  branch="false" />
			<line number="106"  hits="38"  branch="false" />
			<line number="107"  hits="38"  branch="true"  condition-coverage="100% (2/2)" />
			<line number="108"  hits="19"  branch="false" />
			<line number="109"  hits="19"  branch="true"  condition-coverage="50% (1/2)" />
			<line number="110"  hits="19"  branch="false" />
			<line number="113"  hits="19"  branch="false" />
			<line number="114"  hits="19"  branch="false" />
			<line number="117"  hits="19"  branch="false" />
			<line number="120"  hits="0"  branch="false" />
			<line number="123"  hits="11"  branch="false" />
			<line number="124"  hits="11"  branch="false" />
			<line number="125"  hits="11"  branch="true"  condition-coverage="100% (2/2)" />
			<line number="126"  hits="6"  branch="false" />
			<line number="127"  hits="6"  branch="false" />
			<line number="128"  hits="6"  branch="false" />
			<line number="130"  hits="11"  branch="true"  condition-coverage="100% (2/2)" />
			<line number="131"  hits="3"  branch="true"  condition-coverage="100% (2/2)" />
			<line number="132"  hits="2"  branch="false" />
			<line number="134"  hits="3"  branch="false" />
			<line number="135"  hits="3"  branch="false" />
			<line number="136"  hits="3"  branch="false" />
			<line number="140"  hits="32"  branch="false" />
			<line number="143"  hits="31"  branch="false" />
			<line number="144"  hits="24"  branch="false" />
			<line number="148"  hits="4"  branch="false" />
			<line number="149"  hits="4"  branch="true"  condition-coverage="100% (4/4)" />
			<line number="150"  hits="2"  branch="false" />
			<line number="152"  hits="2"  branch="false" />
			<line number="156"  hits="14"  branch="false" />
			<line number="157"  hits="14"  branch="true"  condition-coverage="75% (3/4)" />
			<line number="158"  hits="14"  branch="false" />
			<line number="160"  hits="0"  branch="false" />
			<line number="164"  hits="19"  branch="false" />
			<line number="165"  hits="19"  branch="false" />
			<line number="166"  hits="19"  branch="false" />
			<line number="169"  hits="0"  branch="false" />
			<line number="171"  hits="0"  branch="false" />
			<line number="172"  hits="0"  branch="false" />
			<line number="175"  hits="0"  branch="false" />
			<line number="178"  hits="2"  branch="false" />
			<line number="179"  hits="2"  branch="true"  condition-coverage="100% (2/2)" />
			<line number="180"  hits="1"  branch="true"  condition-coverage="50% (1/2)" />
			<line number="181"  hits="1"  branch="false" />
			<line number="183"  hits="1"  branch="false" />
			<line number="184"  hits="1"  branch="false" />
			<line number="185"  hits="1"  branch="false" />
			<line number="189"  hits="24"  branch="true"  condition-coverage="50% (1/2)" />
			<line number="190"  hits="24"  branch="false" />
			<line number="192"  hits="24"  branch="false" />
			<line number="193"  hits="24"  branch="true"  condition-coverage="100% (4/4)" />
			<line number="194"  hits="2"  branch="false" />
			<line number="196"  hits="24"  branch="false" />
			<line number="197"  hits="24"  branch="false" />
			<line number="198"  hits="24"  branch="false" />
			<line number="201"  hits="1"  branch="false" />
			<line number="202"  hits="1"  branch="false" />
			<line number="205"  hits="73"  branch="false" />
			<line number="208"  hits="4"  branch="false" />
			<line number="209"  hits="4"  branch="true"  condition-coverage="100% (2/2)" />
			<line number="210"  hits="3"  branch="false" />
			<line number="211"  hits="3"  branch="false" />
			<line number="212"  hits="3"  branch="false" />
			<line number="214"  hits="1"  branch="true"  condition-coverage="50% (1/2)" />
			<line number="215"  hits="1"  branch="false" />
			<line number="218"  hits="4"  branch="false" />
			<line number="221"  hits="11"  branch="false" />
			<line number="222"  hits="11"  branch="false" />
			<line number="223"  hits="11"  branch="true"  condition-coverage="100% (2/2)" />
		</lines>
		</class>
		<class name="cart.js"  filename="app/src/cart/cart.js"  line-rate="0.9143000000000001"  branch-rate="1" >
		<methods>
			<method name="(anonymous_1)"  hits="3"  signature="()V" >
				<lines><line number="4"  hits="3" /></lines>
			</method>
			<method name="(anonymous_2)"  hits="1"  signature="()V" >
				<lines><line number="14"  hits="1" /></lines>
			</method>
			<method name="(anonymous_3)"  hits="0"  signature="()V" >
				<lines><line number="15"  hits="0" /></lines>
			</method>
			<method name="(anonymous_4)"  hits="1"  signature="()V" >
				<lines><line number="20"  hits="1" /></lines>
			</method>
			<method name="(anonymous_5)"  hits="1"  signature="()V" >
				<lines><line number="26"  hits="1" /></lines>
			</method>
			<method name="(anonymous_6)"  hits="2"  signature="()V" >
				<lines><line number="31"  hits="2" /></lines>
			</method>
			<method name="(anonymous_7)"  hits="3"  signature="()V" >
				<lines><line number="35"  hits="3" /></lines>
			</method>
			<method name="_updateCartCount"  hits="8"  signature="()V" >
				<lines><line number="39"  hits="8" /></lines>
			</method>
			<method name="(anonymous_9)"  hits="4"  signature="()V" >
				<lines><line number="48"  hits="4" /></lines>
			</method>
			<method name="(anonymous_10)"  hits="2"  signature="()V" >
				<lines><line number="51"  hits="2" /></lines>
			</method>
			<method name="(anonymous_11)"  hits="0"  signature="()V" >
				<lines><line number="56"  hits="0" /></lines>
			</method>
			<method name="(anonymous_12)"  hits="0"  signature="()V" >
				<lines><line number="64"  hits="0" /></lines>
			</method>
		</methods>
		<lines>
			<line number="3"  hits="1"  branch="false" />
			<line number="7"  hits="3"  branch="false" />
			<line number="8"  hits="3"  branch="false" />
			<line number="10"  hits="3"  branch="true"  condition-coverage="100% (2/2)" />
			<line number="12"  hits="3"  branch="false" />
			<line number="14"  hits="3"  branch="false" />
			<line number="15"  hits="1"  branch="false" />
			<line number="16"  hits="0"  branch="false" />
			<line number="20"  hits="3"  branch="false" />
			<line number="21"  hits="1"  branch="false" />
			<line number="22"  hits="1"  branch="false" />
			<line number="23"  hits="1"  branch="false" />
			<line number="26"  hits="3"  branch="false" />
			<line number="27"  hits="1"  branch="false" />
			<line number="28"  hits="1"  branch="false" />
			<line number="31"  hits="3"  branch="false" />
			<line number="32"  hits="2"  branch="false" />
			<line number="35"  hits="3"  branch="false" />
			<line number="36"  hits="3"  branch="false" />
			<line number="39"  hits="1"  branch="false" />
			<line number="40"  hits="8"  branch="true"  condition-coverage="100% (2/2)" />
			<line number="41"  hits="3"  branch="false" />
			<line number="42"  hits="3"  branch="false" />
			<line number="46"  hits="3"  branch="false" />
			<line number="48"  hits="3"  branch="false" />
			<line number="49"  hits="4"  branch="false" />
			<line number="51"  hits="4"  branch="false" />
			<line number="52"  hits="2"  branch="false" />
			<line number="53"  hits="2"  branch="false" />
			<line number="54"  hits="2"  branch="false" />
			<line number="55"  hits="2"  branch="false" />
			<line number="57"  hits="0"  branch="false" />
			<line number="62"  hits="3"  branch="false" />
			<line number="64"  hits="3"  branch="false" />
			<line number="65"  hits="0"  branch="false" />
		</lines>
		</class>
	</classes>
	</package>
	<package name="src.chart"  line-rate="1"  branch-rate="1" >
	<classes>
		<class name="chart-controller.js"  filename="app/src/chart/chart-controller.js"  line-rate="1"  branch-rate="1" >
		<methods>
		</methods>
		<lines>
		</lines>
		</class>
	</classes>
	</package>
	<package name="src.component"  line-rate="0.6742"  branch-rate="0.39390000000000003" >
	<classes>
		<class name="bytes-filter.js"  filename="app/src/component/bytes-filter.js"  line-rate="0.875"  branch-rate="0.6667000000000001" >
		<methods>
			<method name="(anonymous_1)"  hits="1"  signature="()V" >
				<lines><line number="4"  hits="1" /></lines>
			</method>
			<method name="(anonymous_2)"  hits="1"  signature="()V" >
				<lines><line number="7"  hits="1" /></lines>
			</method>
		</methods>
		<lines>
			<line number="3"  hits="1"  branch="false" />
			<line number="7"  hits="1"  branch="false" />
			<line number="8"  hits="1"  branch="true"  condition-coverage="75% (3/4)" />
			<line number="9"  hits="0"  branch="false" />
			<line number="12"  hits="1"  branch="true"  condition-coverage="50% (1/2)" />
			<line number="13"  hits="1"  branch="false" />
			<line number="16"  hits="1"  branch="false" />
			<line number="18"  hits="1"  branch="false" />
		</lines>
		</class>
		<class name="component-module.js"  filename="app/src/component/component-module.js"  line-rate="1"  branch-rate="1" >
		<methods>
		</methods>
		<lines>
			<line number="1"  hits="1"  branch="false" />
		</lines>
		</class>
		<class name="detail-scroll-directive.js"  filename="app/src/component/detail-scroll-directive.js"  line-rate="0.4808"  branch-rate="0.16670000000000001" >
		<methods>
			<method name="(anonymous_1)"  hits="3"  signature="()V" >
				<lines><line number="4"  hits="3" /></lines>
			</method>
			<method name="(anonymous_2)"  hits="3"  signature="()V" >
				<lines><line number="9"  hits="3" /></lines>
			</method>
			<method name="(anonymous_3)"  hits="1"  signature="()V" >
				<lines><line number="23"  hits="1" /></lines>
			</method>
			<method name="(anonymous_4)"  hits="1"  signature="()V" >
				<lines><line number="24"  hits="1" /></lines>
			</method>
			<method name="(anonymous_5)"  hits="1"  signature="()V" >
				<lines><line number="25"  hits="1" /></lines>
			</method>
			<method name="(anonymous_6)"  hits="0"  signature="()V" >
				<lines><line number="32"  hits="0" /></lines>
			</method>
			<method name="(anonymous_7)"  hits="0"  signature="()V" >
				<lines><line number="49"  hits="0" /></lines>
			</method>
			<method name="(anonymous_8)"  hits="4"  signature="()V" >
				<lines><line number="57"  hits="4" /></lines>
			</method>
			<method name="(anonymous_9)"  hits="3"  signature="()V" >
				<lines><line number="63"  hits="3" /></lines>
			</method>
			<method name="(anonymous_10)"  hits="15"  signature="()V" >
				<lines><line number="69"  hits="15" /></lines>
			</method>
			<method name="(anonymous_11)"  hits="0"  signature="()V" >
				<lines><line number="71"  hits="0" /></lines>
			</method>
			<method name="(anonymous_12)"  hits="0"  signature="()V" >
				<lines><line number="76"  hits="0" /></lines>
			</method>
			<method name="_scroll"  hits="2"  signature="()V" >
				<lines><line number="81"  hits="2" /></lines>
			</method>
			<method name="_setSecondaryContentStyle"  hits="0"  signature="()V" >
				<lines><line number="104"  hits="0" /></lines>
			</method>
			<method name="_setContentNavStyle"  hits="0"  signature="()V" >
				<lines><line number="128"  hits="0" /></lines>
			</method>
			<method name="_removeStyleForSmallScreen"  hits="2"  signature="()V" >
				<lines><line number="137"  hits="2" /></lines>
			</method>
			<method name="(anonymous_17)"  hits="2"  signature="()V" >
				<lines><line number="147"  hits="2" /></lines>
			</method>
		</methods>
		<lines>
			<line number="3"  hits="1"  branch="false" />
			<line number="7"  hits="3"  branch="false" />
			<line number="11"  hits="3"  branch="false" />
			<line number="12"  hits="3"  branch="false" />
			<line number="13"  hits="3"  branch="false" />
			<line number="14"  hits="3"  branch="false" />
			<line number="15"  hits="3"  branch="false" />
			<line number="16"  hits="3"  branch="false" />
			<line number="17"  hits="3"  branch="false" />
			<line number="18"  hits="3"  branch="false" />
			<line number="19"  hits="3"  branch="false" />
			<line number="20"  hits="3"  branch="false" />
			<line number="21"  hits="3"  branch="false" />
			<line number="23"  hits="3"  branch="false" />
			<line number="24"  hits="1"  branch="false" />
			<line number="25"  hits="1"  branch="false" />
			<line number="26"  hits="1"  branch="false" />
			<line number="27"  hits="1"  branch="false" />
			<line number="28"  hits="1"  branch="false" />
			<line number="30"  hits="1"  branch="false" />
			<line number="31"  hits="1"  branch="true"  condition-coverage="50% (1/2)" />
			<line number="32"  hits="0"  branch="false" />
			<line number="33"  hits="0"  branch="false" />
			<line number="34"  hits="0"  branch="false" />
			<line number="35"  hits="0"  branch="false" />
			<line number="36"  hits="0"  branch="false" />
			<line number="37"  hits="0"  branch="false" />
			<line number="41"  hits="1"  branch="false" />
			<line number="42"  hits="1"  branch="false" />
			<line number="44"  hits="1"  branch="false" />
			<line number="46"  hits="1"  branch="false" />
			<line number="47"  hits="1"  branch="false" />
			<line number="49"  hits="1"  branch="false" />
			<line number="50"  hits="0"  branch="false" />
			<line number="56"  hits="3"  branch="false" />
			<line number="57"  hits="3"  branch="false" />
			<line number="58"  hits="4"  branch="true"  condition-coverage="100% (2/2)" />
			<line number="59"  hits="1"  branch="false" />
			<line number="63"  hits="3"  branch="false" />
			<line number="64"  hits="3"  branch="true"  condition-coverage="50% (1/2)" />
			<line number="65"  hits="0"  branch="false" />
			<line number="69"  hits="3"  branch="false" />
			<line number="70"  hits="15"  branch="false" />
			<line number="71"  hits="15"  branch="false" />
			<line number="72"  hits="0"  branch="false" />
			<line number="76"  hits="3"  branch="false" />
			<line number="77"  hits="0"  branch="false" />
			<line number="78"  hits="0"  branch="false" />
			<line number="81"  hits="1"  branch="false" />
			<line number="82"  hits="2"  branch="true"  condition-coverage="50% (1/2)" />
			<line number="83"  hits="2"  branch="false" />
			<line number="86"  hits="0"  branch="false" />
			<line number="87"  hits="0"  branch="false" />
			<line number="88"  hits="0"  branch="false" />
			<line number="90"  hits="0"  branch="true"  condition-coverage="0% (0/4)" />
			<line number="91"  hits="0"  branch="true"  condition-coverage="0% (0/4)" />
			<line number="92"  hits="0"  branch="false" />
			<line number="93"  hits="0"  branch="false" />
			<line number="95"  hits="0"  branch="true"  condition-coverage="0% (0/4)" />
			<line number="96"  hits="0"  branch="false" />
			<line number="97"  hits="0"  branch="false" />
			<line number="101"  hits="0"  branch="false" />
			<line number="104"  hits="1"  branch="false" />
			<line number="106"  hits="0"  branch="false" />
			<line number="108"  hits="0"  branch="true"  condition-coverage="0% (0/4)" />
			<line number="110"  hits="0"  branch="false" />
			<line number="113"  hits="0"  branch="true"  condition-coverage="0% (0/2)" />
			<line number="114"  hits="0"  branch="false" />
			<line number="115"  hits="0"  branch="true"  condition-coverage="0% (0/2)" />
			<line number="116"  hits="0"  branch="false" />
			<line number="118"  hits="0"  branch="true"  condition-coverage="0% (0/2)" />
			<line number="119"  hits="0"  branch="false" />
			<line number="124"  hits="0"  branch="false" />
			<line number="128"  hits="1"  branch="false" />
			<line number="129"  hits="0"  branch="false" />
			<line number="130"  hits="0"  branch="true"  condition-coverage="0% (0/2)" />
			<line number="131"  hits="0"  branch="false" />
			<line number="133"  hits="0"  branch="false" />
			<line number="134"  hits="0"  branch="false" />
			<line number="137"  hits="1"  branch="false" />
			<line number="138"  hits="2"  branch="false" />
			<line number="139"  hits="2"  branch="false" />
			<line number="140"  hits="2"  branch="false" />
			<line number="141"  hits="2"  branch="true"  condition-coverage="50% (1/2)" />
			<line number="142"  hits="0"  branch="false" />
			<line number="143"  hits="0"  branch="false" />
			<line number="147"  hits="3"  branch="false" />
			<line number="148"  hits="2"  branch="true"  condition-coverage="50% (1/2)" />
			<line number="149"  hits="2"  branch="false" />
			<line number="151"  hits="0"  branch="false" />
			<line number="152"  hits="0"  branch="false" />
			<line number="153"  hits="0"  branch="false" />
			<line number="155"  hits="0"  branch="false" />
			<line number="156"  hits="0"  branch="true"  condition-coverage="0% (0/2)" />
			<line number="157"  hits="0"  branch="false" />
			<line number="159"  hits="0"  branch="false" />
			<line number="160"  hits="0"  branch="false" />
			<line number="161"  hits="0"  branch="false" />
			<line number="163"  hits="0"  branch="true"  condition-coverage="0% (0/2)" />
			<line number="164"  hits="0"  branch="false" />
			<line number="166"  hits="0"  branch="false" />
			<line number="167"  hits="0"  branch="false" />
			<line number="170"  hits="0"  branch="true"  condition-coverage="0% (0/2)" />
			<line number="171"  hits="0"  branch="false" />
		</lines>
		</class>
		<class name="highlight-directive.js"  filename="app/src/component/highlight-directive.js"  line-rate="0.8856999999999999"  branch-rate="0.5" >
		<methods>
			<method name="(anonymous_1)"  hits="4"  signature="()V" >
				<lines><line number="4"  hits="4" /></lines>
			</method>
			<method name="(anonymous_2)"  hits="4"  signature="()V" >
				<lines><line number="9"  hits="4" /></lines>
			</method>
			<method name="(anonymous_3)"  hits="2"  signature="()V" >
				<lines><line number="12"  hits="2" /></lines>
			</method>
			<method name="(anonymous_4)"  hits="2"  signature="()V" >
				<lines><line number="15"  hits="2" /></lines>
			</method>
			<method name="_unhighlight"  hits="4"  signature="()V" >
				<lines><line number="28"  hits="4" /></lines>
			</method>
			<method name="_highlight"  hits="2"  signature="()V" >
				<lines><line number="36"  hits="2" /></lines>
			</method>
		</methods>
		<lines>
			<line number="3"  hits="1"  branch="false" />
			<line number="7"  hits="4"  branch="false" />
			<line number="10"  hits="4"  branch="false" />
			<line number="12"  hits="4"  branch="false" />
			<line number="13"  hits="2"  branch="false" />
			<line number="14"  hits="2"  branch="false" />
			<line number="17"  hits="2"  branch="false" />
			<line number="18"  hits="2"  branch="false" />
			<line number="19"  hits="2"  branch="false" />
			<line number="21"  hits="2"  branch="false" />
			<line number="22"  hits="4"  branch="false" />
			<line number="25"  hits="2"  branch="false" />
			<line number="28"  hits="1"  branch="false" />
			<line number="29"  hits="4"  branch="true"  condition-coverage="50% (1/2)" />
			<line number="30"  hits="0"  branch="false" />
			<line number="31"  hits="4"  branch="true"  condition-coverage="50% (1/2)" />
			<line number="32"  hits="4"  branch="false" />
			<line number="36"  hits="1"  branch="false" />
			<line number="37"  hits="2"  branch="false" />
			<line number="38"  hits="2"  branch="false" />
			<line number="39"  hits="2"  branch="false" />
			<line number="40"  hits="2"  branch="false" />
			<line number="42"  hits="2"  branch="true"  condition-coverage="50% (1/2)" />
			<line number="43"  hits="2"  branch="false" />
			<line number="44"  hits="4"  branch="false" />
			<line number="48"  hits="2"  branch="true"  condition-coverage="50% (1/2)" />
			<line number="49"  hits="0"  branch="false" />
			<line number="50"  hits="0"  branch="false" />
			<line number="51"  hits="0"  branch="false" />
			<line number="52"  hits="2"  branch="true"  condition-coverage="50% (1/2)" />
			<line number="53"  hits="2"  branch="false" />
			<line number="54"  hits="2"  branch="false" />
			<line number="55"  hits="2"  branch="false" />
			<line number="56"  hits="2"  branch="false" />
			<line number="57"  hits="2"  branch="false" />
		</lines>
		</class>
		<class name="placeholder-directive.js"  filename="app/src/component/placeholder-directive.js"  line-rate="0.2"  branch-rate="0.0909" >
		<methods>
			<method name="(anonymous_1)"  hits="1"  signature="()V" >
				<lines><line number="4"  hits="1" /></lines>
			</method>
			<method name="(anonymous_2)"  hits="1"  signature="()V" >
				<lines><line number="8"  hits="1" /></lines>
			</method>
			<method name="(anonymous_3)"  hits="0"  signature="()V" >
				<lines><line number="20"  hits="0" /></lines>
			</method>
			<method name="(anonymous_4)"  hits="0"  signature="()V" >
				<lines><line number="28"  hits="0" /></lines>
			</method>
			<method name="(anonymous_5)"  hits="0"  signature="()V" >
				<lines><line number="36"  hits="0" /></lines>
			</method>
			<method name="(anonymous_6)"  hits="0"  signature="()V" >
				<lines><line number="47"  hits="0" /></lines>
			</method>
			<method name="(anonymous_7)"  hits="0"  signature="()V" >
				<lines><line number="51"  hits="0" /></lines>
			</method>
		</methods>
		<lines>
			<line number="3"  hits="1"  branch="false" />
			<line number="6"  hits="1"  branch="false" />
			<line number="10"  hits="1"  branch="true"  condition-coverage="50% (1/2)" />
			<line number="11"  hits="0"  branch="false" />
			<line number="15"  hits="1"  branch="false" />
			<line number="16"  hits="1"  branch="true"  condition-coverage="50% (1/2)" />
			<line number="17"  hits="1"  branch="false" />
			<line number="20"  hits="0"  branch="false" />
			<line number="21"  hits="0"  branch="false" />
			<line number="24"  hits="0"  branch="true"  condition-coverage="0% (0/2)" />
			<line number="25"  hits="0"  branch="false" />
			<line number="28"  hits="0"  branch="false" />
			<line number="29"  hits="0"  branch="true"  condition-coverage="0% (0/2)" />
			<line number="30"  hits="0"  branch="false" />
			<line number="33"  hits="0"  branch="true"  condition-coverage="0% (0/2)" />
			<line number="34"  hits="0"  branch="false" />
			<line number="37"  hits="0"  branch="true"  condition-coverage="0% (0/2)" />
			<line number="38"  hits="0"  branch="false" />
			<line number="39"  hits="0"  branch="true"  condition-coverage="0% (0/2)" />
			<line number="40"  hits="0"  branch="false" />
			<line number="45"  hits="0"  branch="true"  condition-coverage="0% (0/4)" />
			<line number="46"  hits="0"  branch="false" />
			<line number="47"  hits="0"  branch="false" />
			<line number="48"  hits="0"  branch="true"  condition-coverage="0% (0/2)" />
			<line number="51"  hits="0"  branch="false" />
			<line number="52"  hits="0"  branch="true"  condition-coverage="0% (0/2)" />
			<line number="53"  hits="0"  branch="false" />
			<line number="54"  hits="0"  branch="false" />
			<line number="55"  hits="0"  branch="false" />
			<line number="58"  hits="0"  branch="false" />
		</lines>
		</class>
		<class name="popover-directive.js"  filename="app/src/component/popover-directive.js"  line-rate="0.8108"  branch-rate="0.5909" >
		<methods>
			<method name="(anonymous_1)"  hits="8"  signature="()V" >
				<lines><line number="4"  hits="8" /></lines>
			</method>
			<method name="(anonymous_2)"  hits="8"  signature="()V" >
				<lines><line number="8"  hits="8" /></lines>
			</method>
			<method name="(anonymous_3)"  hits="5"  signature="()V" >
				<lines><line number="10"  hits="5" /></lines>
			</method>
			<method name="(anonymous_4)"  hits="0"  signature="()V" >
				<lines><line number="33"  hits="0" /></lines>
			</method>
			<method name="(anonymous_5)"  hits="0"  signature="()V" >
				<lines><line number="36"  hits="0" /></lines>
			</method>
			<method name="(anonymous_6)"  hits="0"  signature="()V" >
				<lines><line number="42"  hits="0" /></lines>
			</method>
			<method name="_anchorPopover"  hits="2"  signature="()V" >
				<lines><line number="47"  hits="2" /></lines>
			</method>
		</methods>
		<lines>
			<line number="3"  hits="1"  branch="false" />
			<line number="6"  hits="8"  branch="false" />
			<line number="10"  hits="8"  branch="false" />
			<line number="11"  hits="5"  branch="false" />
			<line number="13"  hits="5"  branch="false" />
			<line number="16"  hits="5"  branch="true"  condition-coverage="100% (2/2)" />
			<line number="17"  hits="3"  branch="true"  condition-coverage="100% (2/2)" />
			<line number="18"  hits="2"  branch="false" />
			<line number="20"  hits="2"  branch="true"  condition-coverage="50% (1/2)" />
			<line number="21"  hits="2"  branch="false" />
			<line number="23"  hits="2"  branch="false" />
			<line number="25"  hits="1"  branch="false" />
			<line number="27"  hits="2"  branch="true"  condition-coverage="100% (2/2)" />
			<line number="28"  hits="1"  branch="false" />
			<line number="29"  hits="1"  branch="true"  condition-coverage="50% (1/2)" />
			<line number="30"  hits="1"  branch="false" />
			<line number="31"  hits="1"  branch="false" />
			<line number="34"  hits="0"  branch="false" />
			<line number="35"  hits="0"  branch="true"  condition-coverage="0% (0/2)" />
			<line number="36"  hits="0"  branch="false" />
			<line number="37"  hits="0"  branch="false" />
			<line number="43"  hits="0"  branch="false" />
			<line number="47"  hits="1"  branch="false" />
			<line number="48"  hits="2"  branch="false" />
			<line number="56"  hits="2"  branch="true"  condition-coverage="50% (1/2)" />
			<line number="57"  hits="2"  branch="false" />
			<line number="58"  hits="2"  branch="false" />
			<line number="59"  hits="2"  branch="false" />
			<line number="60"  hits="2"  branch="false" />
			<line number="61"  hits="2"  branch="false" />
			<line number="64"  hits="2"  branch="true"  condition-coverage="50% (1/2)" />
			<line number="65"  hits="2"  branch="true"  condition-coverage="50% (1/2)" />
			<line number="66"  hits="0"  branch="false" />
			<line number="68"  hits="2"  branch="false" />
			<line number="72"  hits="2"  branch="true"  condition-coverage="50% (1/2)" />
			<line number="73"  hits="0"  branch="false" />
			<line number="75"  hits="2"  branch="false" />
		</lines>
		</class>
		<class name="search-tool-toggle-directive.js"  filename="app/src/component/search-tool-toggle-directive.js"  line-rate="0.9"  branch-rate="0.5" >
		<methods>
			<method name="(anonymous_1)"  hits="1"  signature="()V" >
				<lines><line number="4"  hits="1" /></lines>
			</method>
			<method name="(anonymous_2)"  hits="1"  signature="()V" >
				<lines><line number="8"  hits="1" /></lines>
			</method>
			<method name="(anonymous_3)"  hits="1"  signature="()V" >
				<lines><line number="12"  hits="1" /></lines>
			</method>
			<method name="(anonymous_4)"  hits="2"  signature="()V" >
				<lines><line number="20"  hits="2" /></lines>
			</method>
		</methods>
		<lines>
			<line number="3"  hits="1"  branch="false" />
			<line number="6"  hits="1"  branch="false" />
			<line number="10"  hits="1"  branch="false" />
			<line number="12"  hits="1"  branch="false" />
			<line number="13"  hits="1"  branch="true"  condition-coverage="50% (1/2)" />
			<line number="14"  hits="1"  branch="false" />
			<line number="16"  hits="0"  branch="false" />
			<line number="20"  hits="1"  branch="false" />
			<line number="21"  hits="2"  branch="false" />
			<line number="22"  hits="2"  branch="false" />
		</lines>
		</class>
		<class name="selected-filter-directive.js"  filename="app/src/component/selected-filter-directive.js"  line-rate="0.9706"  branch-rate="0.75" >
		<methods>
			<method name="(anonymous_1)"  hits="3"  signature="()V" >
				<lines><line number="4"  hits="3" /></lines>
			</method>
			<method name="(anonymous_2)"  hits="3"  signature="()V" >
				<lines><line number="9"  hits="3" /></lines>
			</method>
			<method name="(anonymous_3)"  hits="43"  signature="()V" >
				<lines><line number="16"  hits="43" /></lines>
			</method>
			<method name="(anonymous_4)"  hits="4"  signature="()V" >
				<lines><line number="17"  hits="4" /></lines>
			</method>
			<method name="(anonymous_5)"  hits="3"  signature="()V" >
				<lines><line number="44"  hits="3" /></lines>
			</method>
			<method name="(anonymous_6)"  hits="4"  signature="()V" >
				<lines><line number="46"  hits="4" /></lines>
			</method>
			<method name="(anonymous_7)"  hits="3"  signature="()V" >
				<lines><line number="50"  hits="3" /></lines>
			</method>
			<method name="(anonymous_8)"  hits="3"  signature="()V" >
				<lines><line number="54"  hits="3" /></lines>
			</method>
			<method name="(anonymous_9)"  hits="42"  signature="()V" >
				<lines><line number="58"  hits="42" /></lines>
			</method>
			<method name="(anonymous_10)"  hits="1"  signature="()V" >
				<lines><line number="66"  hits="1" /></lines>
			</method>
		</methods>
		<lines>
			<line number="3"  hits="1"  branch="false" />
			<line number="7"  hits="3"  branch="false" />
			<line number="11"  hits="3"  branch="false" />
			<line number="12"  hits="3"  branch="false" />
			<line number="13"  hits="3"  branch="false" />
			<line number="16"  hits="3"  branch="false" />
			<line number="17"  hits="43"  branch="false" />
			<line number="18"  hits="4"  branch="false" />
			<line number="19"  hits="4"  branch="false" />
			<line number="20"  hits="4"  branch="false" />
			<line number="21"  hits="4"  branch="false" />
			<line number="22"  hits="4"  branch="false" />
			<line number="24"  hits="4"  branch="true"  condition-coverage="50% (1/2)" />
			<line number="25"  hits="4"  branch="false" />
			<line number="26"  hits="4"  branch="false" />
			<line number="29"  hits="4"  branch="false" />
			<line number="31"  hits="4"  branch="true"  condition-coverage="50% (1/2)" />
			<line number="32"  hits="0"  branch="false" />
			<line number="38"  hits="4"  branch="false" />
			<line number="39"  hits="4"  branch="false" />
			<line number="44"  hits="3"  branch="false" />
			<line number="46"  hits="3"  branch="false" />
			<line number="47"  hits="4"  branch="false" />
			<line number="50"  hits="3"  branch="false" />
			<line number="51"  hits="3"  branch="false" />
			<line number="54"  hits="3"  branch="false" />
			<line number="55"  hits="3"  branch="false" />
			<line number="58"  hits="3"  branch="false" />
			<line number="59"  hits="42"  branch="true"  condition-coverage="100% (4/4)" />
			<line number="60"  hits="33"  branch="false" />
			<line number="61"  hits="33"  branch="false" />
			<line number="62"  hits="33"  branch="false" />
			<line number="66"  hits="3"  branch="false" />
			<line number="67"  hits="1"  branch="false" />
		</lines>
		</class>
		<class name="table-results-directive.js"  filename="app/src/component/table-results-directive.js"  line-rate="0.8234999999999999"  branch-rate="0.7" >
		<methods>
			<method name="(anonymous_1)"  hits="6"  signature="()V" >
				<lines><line number="4"  hits="6" /></lines>
			</method>
			<method name="(anonymous_2)"  hits="6"  signature="()V" >
				<lines><line number="9"  hits="6" /></lines>
			</method>
			<method name="(anonymous_3)"  hits="15"  signature="()V" >
				<lines><line number="19"  hits="15" /></lines>
			</method>
			<method name="(anonymous_4)"  hits="16"  signature="()V" >
				<lines><line number="29"  hits="16" /></lines>
			</method>
			<method name="(anonymous_5)"  hits="24"  signature="()V" >
				<lines><line number="37"  hits="24" /></lines>
			</method>
			<method name="(anonymous_6)"  hits="0"  signature="()V" >
				<lines><line number="38"  hits="0" /></lines>
			</method>
			<method name="(anonymous_7)"  hits="1"  signature="()V" >
				<lines><line number="45"  hits="1" /></lines>
			</method>
			<method name="(anonymous_8)"  hits="78"  signature="()V" >
				<lines><line number="49"  hits="78" /></lines>
			</method>
			<method name="(anonymous_9)"  hits="0"  signature="()V" >
				<lines><line number="66"  hits="0" /></lines>
			</method>
			<method name="(anonymous_10)"  hits="84"  signature="()V" >
				<lines><line number="77"  hits="84" /></lines>
			</method>
			<method name="(anonymous_11)"  hits="6"  signature="()V" >
				<lines><line number="86"  hits="6" /></lines>
			</method>
			<method name="(anonymous_12)"  hits="0"  signature="()V" >
				<lines><line number="95"  hits="0" /></lines>
			</method>
		</methods>
		<lines>
			<line number="3"  hits="1"  branch="false" />
			<line number="7"  hits="6"  branch="false" />
			<line number="11"  hits="6"  branch="false" />
			<line number="12"  hits="6"  branch="false" />
			<line number="13"  hits="6"  branch="false" />
			<line number="15"  hits="6"  branch="false" />
			<line number="16"  hits="6"  branch="false" />
			<line number="19"  hits="6"  branch="false" />
			<line number="20"  hits="15"  branch="true"  condition-coverage="100% (2/2)" />
			<line number="21"  hits="1"  branch="false" />
			<line number="22"  hits="14"  branch="true"  condition-coverage="100% (2/2)" />
			<line number="23"  hits="13"  branch="false" />
			<line number="26"  hits="1"  branch="false" />
			<line number="29"  hits="6"  branch="false" />
			<line number="30"  hits="16"  branch="true"  condition-coverage="50% (1/2)" />
			<line number="31"  hits="0"  branch="false" />
			<line number="34"  hits="16"  branch="false" />
			<line number="37"  hits="6"  branch="false" />
			<line number="38"  hits="24"  branch="false" />
			<line number="39"  hits="0"  branch="true"  condition-coverage="0% (0/2)" />
			<line number="40"  hits="0"  branch="false" />
			<line number="45"  hits="6"  branch="false" />
			<line number="46"  hits="1"  branch="false" />
			<line number="49"  hits="6"  branch="false" />
			<line number="51"  hits="78"  branch="true"  condition-coverage="100% (2/2)" />
			<line number="52"  hits="66"  branch="false" />
			<line number="53"  hits="66"  branch="true"  condition-coverage="50% (1/2)" />
			<line number="54"  hits="66"  branch="false" />
			<line number="57"  hits="12"  branch="false" />
			<line number="58"  hits="12"  branch="false" />
			<line number="60"  hits="12"  branch="true"  condition-coverage="50% (1/2)" />
			<line number="61"  hits="0"  branch="false" />
			<line number="62"  hits="0"  branch="false" />
			<line number="64"  hits="12"  branch="true"  condition-coverage="50% (1/2)" />
			<line number="65"  hits="0"  branch="false" />
			<line number="66"  hits="0"  branch="false" />
			<line number="67"  hits="0"  branch="false" />
			<line number="70"  hits="12"  branch="false" />
			<line number="71"  hits="12"  branch="false" />
[...]
			<line number="8"  hits="0"  branch="false" />
			<line number="10"  hits="0"  branch="false" />
			<line number="11"  hits="0"  branch="false" />
			<line number="14"  hits="0"  branch="false" />
			<line number="15"  hits="0"  branch="false" />
		</lines>
		</class>
		<class name="param-control.js"  filename="app/src/taskrunner/params/param-control.js"  line-rate="0.7692"  branch-rate="0.5" >
		<methods>
			<method name="(anonymous_1)"  hits="3"  signature="()V" >
				<lines><line number="3"  hits="3" /></lines>
			</method>
			<method name="_isGeometry"  hits="3"  signature="()V" >
				<lines><line number="6"  hits="3" /></lines>
			</method>
			<method name="_isProjection"  hits="3"  signature="()V" >
				<lines><line number="10"  hits="3" /></lines>
			</method>
			<method name="_isCatalogPath"  hits="3"  signature="()V" >
				<lines><line number="14"  hits="3" /></lines>
			</method>
			<method name="_setMapHeight"  hits="3"  signature="()V" >
				<lines><line number="18"  hits="3" /></lines>
			</method>
			<method name="(anonymous_6)"  hits="0"  signature="()V" >
				<lines><line number="27"  hits="0" /></lines>
			</method>
			<method name="_link"  hits="3"  signature="()V" >
				<lines><line number="46"  hits="3" /></lines>
			</method>
			<method name="(anonymous_8)"  hits="3"  signature="()V" >
				<lines><line number="53"  hits="3" /></lines>
			</method>
			<method name="_controller"  hits="3"  signature="()V" >
				<lines><line number="60"  hits="3" /></lines>
			</method>
			<method name="(anonymous_10)"  hits="3"  signature="()V" >
				<lines><line number="80"  hits="3" /></lines>
			</method>
			<method name="(anonymous_11)"  hits="1"  signature="()V" >
				<lines><line number="83"  hits="1" /></lines>
			</method>
			<method name="(anonymous_12)"  hits="1"  signature="()V" >
				<lines><line number="95"  hits="1" /></lines>
			</method>
			<method name="(anonymous_13)"  hits="1"  signature="()V" >
				<lines><line number="97"  hits="1" /></lines>
			</method>
			<method name="(anonymous_14)"  hits="2"  signature="()V" >
				<lines><line number="116"  hits="2" /></lines>
			</method>
			<method name="(anonymous_15)"  hits="2"  signature="()V" >
				<lines><line number="123"  hits="2" /></lines>
			</method>
			<method name="(anonymous_16)"  hits="2"  signature="()V" >
				<lines><line number="126"  hits="2" /></lines>
			</method>
			<method name="(anonymous_17)"  hits="0"  signature="()V" >
				<lines><line number="132"  hits="0" /></lines>
			</method>
			<method name="(anonymous_18)"  hits="1"  signature="()V" >
				<lines><line number="137"  hits="1" /></lines>
			</method>
			<method name="(anonymous_19)"  hits="1"  signature="()V" >
				<lines><line number="144"  hits="1" /></lines>
			</method>
			<method name="(anonymous_20)"  hits="0"  signature="()V" >
				<lines><line number="150"  hits="0" /></lines>
			</method>
		</methods>
		<lines>
			<line number="2"  hits="1"  branch="false" />
			<line number="6"  hits="1"  branch="false" />
			<line number="7"  hits="3"  branch="true"  condition-coverage="100% (2/2)" />
			<line number="10"  hits="1"  branch="false" />
			<line number="11"  hits="3"  branch="true"  condition-coverage="100% (2/2)" />
			<line number="14"  hits="1"  branch="false" />
			<line number="15"  hits="3"  branch="true"  condition-coverage="100% (2/2)" />
			<line number="18"  hits="1"  branch="false" />
			<line number="19"  hits="3"  branch="false" />
			<line number="20"  hits="3"  branch="true"  condition-coverage="50% (1/2)" />
			<line number="21"  hits="0"  branch="false" />
			<line number="23"  hits="3"  branch="false" />
			<line number="24"  hits="3"  branch="true"  condition-coverage="50% (1/2)" />
			<line number="25"  hits="0"  branch="false" />
			<line number="27"  hits="3"  branch="false" />
			<line number="30"  hits="0"  branch="false" />
			<line number="31"  hits="0"  branch="false" />
			<line number="33"  hits="0"  branch="true"  condition-coverage="0% (0/2)" />
			<line number="34"  hits="0"  branch="false" />
			<line number="37"  hits="0"  branch="false" />
			<line number="38"  hits="0"  branch="false" />
			<line number="40"  hits="0"  branch="true"  condition-coverage="0% (0/2)" />
			<line number="41"  hits="0"  branch="false" />
			<line number="46"  hits="1"  branch="false" />
			<line number="47"  hits="3"  branch="true"  condition-coverage="50% (1/2)" />
			<line number="48"  hits="3"  branch="false" />
			<line number="50"  hits="3"  branch="false" />
			<line number="51"  hits="3"  branch="false" />
			<line number="52"  hits="3"  branch="true"  condition-coverage="50% (1/2)" />
			<line number="53"  hits="3"  branch="false" />
			<line number="54"  hits="3"  branch="false" />
			<line number="60"  hits="1"  branch="false" />
			<line number="62"  hits="3"  branch="false" />
			<line number="63"  hits="3"  branch="false" />
			<line number="65"  hits="3"  branch="false" />
			<line number="66"  hits="3"  branch="true"  condition-coverage="50% (1/2)" />
			<line number="67"  hits="0"  branch="false" />
			<line number="70"  hits="3"  branch="true"  condition-coverage="50% (1/2)" />
			<line number="72"  hits="3"  branch="false" />
			<line number="73"  hits="3"  branch="true"  condition-coverage="50% (1/2)" />
			<line number="74"  hits="0"  branch="false" />
			<line number="76"  hits="3"  branch="false" />
			<line number="81"  hits="3"  branch="false" />
			<line number="84"  hits="1"  branch="false" />
			<line number="85"  hits="1"  branch="true"  condition-coverage="50% (1/2)" />
			<line number="86"  hits="1"  branch="false" />
			<line number="87"  hits="0"  branch="true"  condition-coverage="0% (0/2)" />
			<line number="88"  hits="0"  branch="false" />
			<line number="90"  hits="0"  branch="false" />
			<line number="92"  hits="1"  branch="false" />
			<line number="93"  hits="1"  branch="false" />
			<line number="94"  hits="1"  branch="false" />
			<line number="95"  hits="1"  branch="false" />
			<line number="96"  hits="1"  branch="false" />
			<line number="97"  hits="1"  branch="false" />
			<line number="98"  hits="1"  branch="false" />
			<line number="99"  hits="1"  branch="false" />
			<line number="100"  hits="1"  branch="true"  condition-coverage="50% (1/2)" />
			<line number="101"  hits="1"  branch="false" />
			<line number="102"  hits="1"  branch="false" />
			<line number="103"  hits="1"  branch="false" />
			<line number="106"  hits="1"  branch="true"  condition-coverage="50% (1/2)" />
			<line number="107"  hits="1"  branch="false" />
			<line number="110"  hits="1"  branch="false" />
			<line number="111"  hits="1"  branch="false" />
			<line number="116"  hits="3"  branch="false" />
			<line number="118"  hits="2"  branch="false" />
			<line number="124"  hits="2"  branch="false" />
			<line number="127"  hits="2"  branch="false" />
			<line number="132"  hits="2"  branch="false" />
			<line number="133"  hits="0"  branch="false" />
			<line number="137"  hits="3"  branch="false" />
			<line number="139"  hits="1"  branch="false" />
			<line number="145"  hits="1"  branch="false" />
			<line number="150"  hits="1"  branch="false" />
			<line number="151"  hits="0"  branch="false" />
			<line number="152"  hits="0"  branch="false" />
			<line number="157"  hits="3"  branch="false" />
		</lines>
		</class>
		<class name="param-service.js"  filename="app/src/taskrunner/params/param-service.js"  line-rate="0.6545000000000001"  branch-rate="0.43479999999999996" >
		<methods>
			<method name="(anonymous_1)"  hits="22"  signature="()V" >
				<lines><line number="4"  hits="22" /></lines>
			</method>
			<method name="(anonymous_2)"  hits="22"  signature="()V" >
				<lines><line number="11"  hits="22" /></lines>
			</method>
			<method name="(anonymous_3)"  hits="3"  signature="()V" >
				<lines><line number="12"  hits="3" /></lines>
			</method>
			<method name="_getParamDisplay"  hits="20"  signature="()V" >
				<lines><line number="24"  hits="20" /></lines>
			</method>
			<method name="_decorate"  hits="20"  signature="()V" >
				<lines><line number="34"  hits="20" /></lines>
			</method>
			<method name="_initReadOnly"  hits="13"  signature="()V" >
				<lines><line number="41"  hits="13" /></lines>
			</method>
			<method name="(anonymous_7)"  hits="13"  signature="()V" >
				<lines><line number="45"  hits="13" /></lines>
			</method>
			<method name="_applyChoicesAsValues"  hits="7"  signature="()V" >
				<lines><line number="66"  hits="7" /></lines>
			</method>
			<method name="(anonymous_9)"  hits="0"  signature="()V" >
				<lines><line number="69"  hits="0" /></lines>
			</method>
			<method name="_initParam"  hits="7"  signature="()V" >
				<lines><line number="75"  hits="7" /></lines>
			</method>
			<method name="_initParams"  hits="7"  signature="()V" >
				<lines><line number="87"  hits="7" /></lines>
			</method>
			<method name="(anonymous_12)"  hits="7"  signature="()V" >
				<lines><line number="93"  hits="7" /></lines>
			</method>
			<method name="(anonymous_13)"  hits="7"  signature="()V" >
				<lines><line number="119"  hits="7" /></lines>
			</method>
			<method name="(anonymous_14)"  hits="13"  signature="()V" >
				<lines><line number="137"  hits="13" /></lines>
			</method>
			<method name="(anonymous_15)"  hits="0"  signature="()V" >
				<lines><line number="141"  hits="0" /></lines>
			</method>
			<method name="(anonymous_16)"  hits="0"  signature="()V" >
				<lines><line number="145"  hits="0" /></lines>
			</method>
			<method name="(anonymous_17)"  hits="0"  signature="()V" >
				<lines><line number="146"  hits="0" /></lines>
			</method>
			<method name="(anonymous_18)"  hits="0"  signature="()V" >
				<lines><line number="160"  hits="0" /></lines>
			</method>
			<method name="(anonymous_19)"  hits="3"  signature="()V" >
				<lines><line number="164"  hits="3" /></lines>
			</method>
			<method name="(anonymous_20)"  hits="3"  signature="()V" >
				<lines><line number="167"  hits="3" /></lines>
			</method>
			<method name="(anonymous_21)"  hits="0"  signature="()V" >
				<lines><line number="175"  hits="0" /></lines>
			</method>
			<method name="(anonymous_22)"  hits="1"  signature="()V" >
				<lines><line number="186"  hits="1" /></lines>
			</method>
			<method name="(anonymous_23)"  hits="1"  signature="()V" >
				<lines><line number="190"  hits="1" /></lines>
			</method>
			<method name="(anonymous_24)"  hits="1"  signature="()V" >
				<lines><line number="191"  hits="1" /></lines>
			</method>
			<method name="(anonymous_25)"  hits="0"  signature="()V" >
				<lines><line number="193"  hits="0" /></lines>
			</method>
		</methods>
		<lines>
			<line number="3"  hits="1"  branch="false" />
			<line number="7"  hits="22"  branch="false" />
			<line number="8"  hits="22"  branch="false" />
			<line number="9"  hits="22"  branch="false" />
			<line number="11"  hits="22"  branch="false" />
			<line number="12"  hits="22"  branch="false" />
			<line number="13"  hits="3"  branch="false" />
			<line number="14"  hits="3"  branch="false" />
			<line number="15"  hits="3"  branch="true"  condition-coverage="50% (1/2)" />
			<line number="16"  hits="0"  branch="false" />
			<line number="18"  hits="3"  branch="false" />
			<line number="20"  hits="3"  branch="false" />
			<line number="24"  hits="1"  branch="false" />
			<line number="25"  hits="20"  branch="false" />
			<line number="26"  hits="20"  branch="true"  condition-coverage="50% (1/2)" />
			<line number="27"  hits="20"  branch="false" />
			<line number="28"  hits="20"  branch="false" />
			<line number="29"  hits="20"  branch="false" />
			<line number="31"  hits="20"  branch="false" />
			<line number="34"  hits="1"  branch="false" />
			<line number="35"  hits="20"  branch="false" />
			<line number="36"  hits="20"  branch="false" />
			<line number="37"  hits="20"  branch="false" />
			<line number="38"  hits="20"  branch="false" />
			<line number="41"  hits="1"  branch="false" />
			<line number="43"  hits="13"  branch="false" />
			<line number="45"  hits="13"  branch="false" />
			<line number="46"  hits="13"  branch="true"  condition-coverage="50% (1/2)" />
			<line number="47"  hits="0"  branch="false" />
			<line number="49"  hits="13"  branch="true"  condition-coverage="75% (3/4)" />
			<line number="50"  hits="0"  branch="false" />
			<line number="51"  hits="0"  branch="false" />
			<line number="54"  hits="13"  branch="false" />
			<line number="56"  hits="13"  branch="true"  condition-coverage="50% (1/2)" />
			<line number="57"  hits="13"  branch="false" />
			<line number="59"  hits="0"  branch="false" />
			<line number="63"  hits="13"  branch="false" />
			<line number="66"  hits="1"  branch="false" />
			<line number="67"  hits="7"  branch="true"  condition-coverage="75% (3/4)" />
			<line number="68"  hits="0"  branch="false" />
			<line number="69"  hits="0"  branch="false" />
			<line number="70"  hits="0"  branch="false" />
			<line number="75"  hits="1"  branch="false" />
			<line number="76"  hits="7"  branch="true"  condition-coverage="50% (1/2)" />
			<line number="77"  hits="0"  branch="true"  condition-coverage="0% (0/2)" />
			<line number="78"  hits="0"  branch="false" />
			<line number="81"  hits="7"  branch="true"  condition-coverage="75% (3/4)" />
			<line number="82"  hits="0"  branch="false" />
			<line number="84"  hits="7"  branch="false" />
			<line number="87"  hits="1"  branch="false" />
			<line number="88"  hits="7"  branch="false" />
			<line number="89"  hits="7"  branch="false" />
			<line number="90"  hits="7"  branch="false" />
			<line number="91"  hits="7"  branch="false" />
			<line number="93"  hits="7"  branch="false" />
			<line number="94"  hits="7"  branch="false" />
			<line number="95"  hits="7"  branch="true"  condition-coverage="50% (1/2)" />
			<line number="96"  hits="0"  branch="false" />
			<line number="97"  hits="0"  branch="false" />
			<line number="98"  hits="0"  branch="false" />
			<line number="100"  hits="7"  branch="false" />
			<line number="103"  hits="7"  branch="false" />
			<line number="104"  hits="7"  branch="false" />
			<line number="106"  hits="7"  branch="true"  condition-coverage="50% (1/2)" />
			<line number="107"  hits="0"  branch="false" />
			<line number="109"  hits="7"  branch="false" />
			<line number="113"  hits="7"  branch="false" />
			<line number="114"  hits="7"  branch="false" />
			<line number="117"  hits="22"  branch="false" />
			<line number="121"  hits="7"  branch="false" />
			<line number="123"  hits="7"  branch="true"  condition-coverage="50% (1/2)" />
			<line number="124"  hits="7"  branch="false" />
			<line number="126"  hits="0"  branch="false" />
			<line number="127"  hits="0"  branch="true"  condition-coverage="0% (0/2)" />
			<line number="128"  hits="0"  branch="false" />
			<line number="130"  hits="0"  branch="false" />
			<line number="134"  hits="7"  branch="false" />
			<line number="138"  hits="13"  branch="false" />
			<line number="142"  hits="0"  branch="false" />
			<line number="146"  hits="0"  branch="false" />
			<line number="147"  hits="0"  branch="true"  condition-coverage="0% (0/2)" />
			<line number="148"  hits="0"  branch="true"  condition-coverage="0% (0/2)" />
			<line number="149"  hits="0"  branch="false" />
			<line number="153"  hits="0"  branch="false" />
			<line number="154"  hits="0"  branch="true"  condition-coverage="0% (0/2)" />
			<line number="155"  hits="0"  branch="false" />
			<line number="157"  hits="0"  branch="false" />
			<line number="161"  hits="0"  branch="false" />
			<line number="165"  hits="3"  branch="false" />
			<line number="166"  hits="3"  branch="false" />
			<line number="167"  hits="3"  branch="false" />
			<line number="168"  hits="3"  branch="true"  condition-coverage="50% (1/2)" />
			<line number="169"  hits="3"  branch="false" />
			<line number="170"  hits="3"  branch="false" />
			<line number="172"  hits="3"  branch="false" />
			<line number="174"  hits="3"  branch="true"  condition-coverage="50% (1/2)" />
			<line number="175"  hits="3"  branch="false" />
			<line number="176"  hits="0"  branch="false" />
			<line number="177"  hits="0"  branch="false" />
			<line number="178"  hits="0"  branch="false" />
			<line number="179"  hits="0"  branch="false" />
			<line number="180"  hits="0"  branch="false" />
			<line number="183"  hits="3"  branch="false" />
			<line number="187"  hits="1"  branch="false" />
			<line number="191"  hits="1"  branch="false" />
			<line number="192"  hits="1"  branch="true"  condition-coverage="50% (1/2)" />
			<line number="193"  hits="0"  branch="false" />
			<line number="194"  hits="0"  branch="true"  condition-coverage="0% (0/2)" />
			<line number="195"  hits="0"  branch="false" />
			<line number="196"  hits="0"  branch="false" />
		</lines>
		</class>
		<class name="template-service.js"  filename="app/src/taskrunner/params/template-service.js"  line-rate="0.9487000000000001"  branch-rate="0.5" >
		<methods>
			<method name="(anonymous_1)"  hits="3"  signature="()V" >
				<lines><line number="4"  hits="3" /></lines>
			</method>
			<method name="(anonymous_2)"  hits="3"  signature="()V" >
				<lines><line number="88"  hits="3" /></lines>
			</method>
		</methods>
		<lines>
			<line number="3"  hits="1"  branch="false" />
			<line number="6"  hits="3"  branch="false" />
			<line number="7"  hits="3"  branch="false" />
			<line number="8"  hits="3"  branch="false" />
			<line number="9"  hits="3"  branch="false" />
			<line number="10"  hits="3"  branch="false" />
			<line number="11"  hits="3"  branch="false" />
			<line number="12"  hits="3"  branch="false" />
			<line number="13"  hits="3"  branch="false" />
			<line number="14"  hits="3"  branch="false" />
			<line number="15"  hits="3"  branch="false" />
			<line number="16"  hits="3"  branch="false" />
			<line number="17"  hits="3"  branch="false" />
			<line number="18"  hits="3"  branch="false" />
			<line number="20"  hits="3"  branch="false" />
			<line number="21"  hits="3"  branch="false" />
			<line number="22"  hits="3"  branch="false" />
			<line number="23"  hits="3"  branch="false" />
			<line number="24"  hits="3"  branch="false" />
			<line number="25"  hits="3"  branch="false" />
			<line number="26"  hits="3"  branch="false" />
			<line number="27"  hits="3"  branch="false" />
			<line number="28"  hits="3"  branch="false" />
			<line number="29"  hits="3"  branch="false" />
			<line number="30"  hits="3"  branch="false" />
			<line number="31"  hits="3"  branch="false" />
			<line number="33"  hits="3"  branch="false" />
			<line number="39"  hits="3"  branch="false" />
			<line number="45"  hits="3"  branch="false" />
			<line number="46"  hits="3"  branch="false" />
			<line number="48"  hits="3"  branch="false" />
			<line number="86"  hits="3"  branch="false" />
			<line number="89"  hits="3"  branch="false" />
			<line number="90"  hits="3"  branch="true"  condition-coverage="50% (1/2)" />
			<line number="91"  hits="0"  branch="false" />
			<line number="93"  hits="3"  branch="false" />
			<line number="94"  hits="3"  branch="true"  condition-coverage="50% (1/2)" />
			<line number="95"  hits="0"  branch="false" />
			<line number="97"  hits="3"  branch="false" />
		</lines>
		</class>
		<class name="view-items.js"  filename="app/src/taskrunner/params/view-items.js"  line-rate="0.3333"  branch-rate="1" >
		<methods>
			<method name="(anonymous_1)"  hits="0"  signature="()V" >
				<lines><line number="5"  hits="0" /></lines>
			</method>
			<method name="(anonymous_2)"  hits="0"  signature="()V" >
				<lines><line number="9"  hits="0" /></lines>
			</method>
		</methods>
		<lines>
			<line number="4"  hits="1"  branch="false" />
			<line number="7"  hits="0"  branch="false" />
			<line number="10"  hits="0"  branch="false" />
		</lines>
		</class>
	</classes>
	</package>
</packages>
</coverage>
