<?xml version="1.0" ?>
<!DOCTYPE coverage SYSTEM "http://cobertura.sourceforge.net/xml/coverage-04.dtd">
<coverage lines-valid="5737"  lines-covered="1123"  line-rate="0.1957"  branches-valid="1965"  branches-covered="148"  branch-rate="0.0753"  timestamp="1438634277304" complexity="0" version="0.1">
<sources>
	<source>C:\dev\webstorm\voyager-angular-ui\apps\portal</source>
</sources>
<packages>
	<package name="..app.src.bulk-updater"  line-rate="0.060599999999999994"  branch-rate="0" >
	<classes>
		<class name="bulk-updater-controller.js"  filename="app\src\bulk-updater\bulk-updater-controller.js"  line-rate="0.05"  branch-rate="0" >
		<methods>
			<method name="(anonymous_1)"  hits="0"  signature="()V" >
				<lines><line number="3"  hits="0" /></lines>
			</method>
			<method name="_init"  hits="0"  signature="()V" >
				<lines><line number="22"  hits="0" /></lines>
			</method>
			<method name="(anonymous_3)"  hits="0"  signature="()V" >
				<lines><line number="23"  hits="0" /></lines>
			</method>
			<method name="(anonymous_4)"  hits="0"  signature="()V" >
				<lines><line number="30"  hits="0" /></lines>
			</method>
			<method name="(anonymous_5)"  hits="0"  signature="()V" >
				<lines><line number="36"  hits="0" /></lines>
			</method>
			<method name="(anonymous_6)"  hits="0"  signature="()V" >
				<lines><line number="40"  hits="0" /></lines>
			</method>
			<method name="(anonymous_7)"  hits="0"  signature="()V" >
				<lines><line number="45"  hits="0" /></lines>
			</method>
			<method name="(anonymous_8)"  hits="0"  signature="()V" >
				<lines><line number="50"  hits="0" /></lines>
			</method>
			<method name="(anonymous_9)"  hits="0"  signature="()V" >
				<lines><line number="64"  hits="0" /></lines>
			</method>
			<method name="(anonymous_10)"  hits="0"  signature="()V" >
				<lines><line number="69"  hits="0" /></lines>
			</method>
		</methods>
		<lines>
			<line number="2"  hits="1"  branch="false" />
			<line number="6"  hits="0"  branch="false" />
			<line number="7"  hits="0"  branch="false" />
			<line number="8"  hits="0"  branch="false" />
			<line number="10"  hits="0"  branch="false" />
			<line number="12"  hits="0"  branch="false" />
			<line number="13"  hits="0"  branch="true"  condition-coverage="0% (0/2)" />
			<line number="14"  hits="0"  branch="false" />
			<line number="15"  hits="0"  branch="false" />
			<line number="18"  hits="0"  branch="false" />
			<line number="22"  hits="1"  branch="false" />
			<line number="23"  hits="0"  branch="false" />
			<line number="24"  hits="0"  branch="false" />
			<line number="28"  hits="0"  branch="false" />
			<line number="30"  hits="0"  branch="false" />
			<line number="31"  hits="0"  branch="true"  condition-coverage="0% (0/4)" />
			<line number="32"  hits="0"  branch="false" />
			<line number="36"  hits="0"  branch="false" />
			<line number="37"  hits="0"  branch="false" />
			<line number="40"  hits="0"  branch="false" />
			<line number="41"  hits="0"  branch="true"  condition-coverage="0% (0/2)" />
			<line number="42"  hits="0"  branch="false" />
			<line number="43"  hits="0"  branch="false" />
			<line number="44"  hits="0"  branch="false" />
			<line number="45"  hits="0"  branch="false" />
			<line number="46"  hits="0"  branch="false" />
			<line number="47"  hits="0"  branch="false" />
			<line number="48"  hits="0"  branch="true"  condition-coverage="0% (0/2)" />
			<line number="49"  hits="0"  branch="false" />
			<line number="50"  hits="0"  branch="false" />
			<line number="51"  hits="0"  branch="false" />
			<line number="54"  hits="0"  branch="false" />
			<line number="55"  hits="0"  branch="false" />
			<line number="59"  hits="0"  branch="false" />
			<line number="60"  hits="0"  branch="false" />
			<line number="64"  hits="0"  branch="false" />
			<line number="65"  hits="0"  branch="false" />
			<line number="66"  hits="0"  branch="false" />
			<line number="69"  hits="0"  branch="false" />
			<line number="70"  hits="0"  branch="false" />
		</lines>
		</class>
		<class name="edit-presentation-controller.js"  filename="app\src\bulk-updater\edit-presentation-controller.js"  line-rate="0.08109999999999999"  branch-rate="0" >
		<methods>
			<method name="(anonymous_1)"  hits="0"  signature="()V" >
				<lines><line number="3"  hits="0" /></lines>
			</method>
			<method name="_init"  hits="0"  signature="()V" >
				<lines><line number="22"  hits="0" /></lines>
			</method>
			<method name="(anonymous_3)"  hits="0"  signature="()V" >
				<lines><line number="24"  hits="0" /></lines>
			</method>
			<method name="(anonymous_4)"  hits="0"  signature="()V" >
				<lines><line number="33"  hits="0" /></lines>
			</method>
			<method name="(anonymous_5)"  hits="0"  signature="()V" >
				<lines><line number="37"  hits="0" /></lines>
			</method>
			<method name="(anonymous_6)"  hits="0"  signature="()V" >
				<lines><line number="43"  hits="0" /></lines>
			</method>
			<method name="(anonymous_7)"  hits="0"  signature="()V" >
				<lines><line number="62"  hits="0" /></lines>
			</method>
			<method name="(anonymous_8)"  hits="0"  signature="()V" >
				<lines><line number="66"  hits="0" /></lines>
			</method>
			<method name="_getFieldList"  hits="0"  signature="()V" >
				<lines><line number="70"  hits="0" /></lines>
			</method>
		</methods>
		<lines>
			<line number="2"  hits="1"  branch="false" />
			<line number="6"  hits="0"  branch="false" />
			<line number="7"  hits="0"  branch="false" />
			<line number="9"  hits="0"  branch="false" />
			<line number="11"  hits="0"  branch="false" />
			<line number="12"  hits="0"  branch="true"  condition-coverage="0% (0/2)" />
			<line number="13"  hits="0"  branch="false" />
			<line number="16"  hits="0"  branch="false" />
			<line number="22"  hits="1"  branch="false" />
			<line number="24"  hits="0"  branch="false" />
			<line number="25"  hits="0"  branch="false" />
			<line number="28"  hits="0"  branch="false" />
			<line number="31"  hits="0"  branch="false" />
			<line number="33"  hits="0"  branch="false" />
			<line number="34"  hits="0"  branch="false" />
			<line number="37"  hits="0"  branch="false" />
			<line number="38"  hits="0"  branch="true"  condition-coverage="0% (0/4)" />
			<line number="39"  hits="0"  branch="false" />
			<line number="40"  hits="0"  branch="false" />
			<line number="41"  hits="0"  branch="false" />
			<line number="43"  hits="0"  branch="false" />
			<line number="44"  hits="0"  branch="false" />
			<line number="45"  hits="0"  branch="true"  condition-coverage="0% (0/2)" />
			<line number="46"  hits="0"  branch="false" />
			<line number="47"  hits="0"  branch="false" />
			<line number="50"  hits="0"  branch="false" />
			<line number="51"  hits="0"  branch="false" />
			<line number="52"  hits="0"  branch="false" />
			<line number="56"  hits="0"  branch="false" />
			<line number="57"  hits="0"  branch="false" />
			<line number="58"  hits="0"  branch="false" />
			<line number="62"  hits="0"  branch="false" />
			<line number="63"  hits="0"  branch="false" />
			<line number="66"  hits="0"  branch="false" />
			<line number="67"  hits="0"  branch="false" />
			<line number="70"  hits="1"  branch="false" />
			<line number="71"  hits="0"  branch="false" />
		</lines>
		</class>
		<class name="remove-flag-all-controller.js"  filename="app\src\bulk-updater\remove-flag-all-controller.js"  line-rate="0.0455"  branch-rate="0" >
		<methods>
			<method name="(anonymous_1)"  hits="0"  signature="()V" >
				<lines><line number="3"  hits="0" /></lines>
			</method>
			<method name="(anonymous_2)"  hits="0"  signature="()V" >
				<lines><line number="15"  hits="0" /></lines>
			</method>
			<method name="(anonymous_3)"  hits="0"  signature="()V" >
				<lines><line number="18"  hits="0" /></lines>
			</method>
			<method name="(anonymous_4)"  hits="0"  signature="()V" >
				<lines><line number="23"  hits="0" /></lines>
			</method>
			<method name="(anonymous_5)"  hits="0"  signature="()V" >
				<lines><line number="32"  hits="0" /></lines>
			</method>
			<method name="(anonymous_6)"  hits="0"  signature="()V" >
				<lines><line number="37"  hits="0" /></lines>
			</method>
		</methods>
		<lines>
			<line number="2"  hits="1"  branch="false" />
			<line number="6"  hits="0"  branch="false" />
			<line number="8"  hits="0"  branch="false" />
			<line number="10"  hits="0"  branch="false" />
			<line number="11"  hits="0"  branch="true"  condition-coverage="0% (0/2)" />
			<line number="12"  hits="0"  branch="false" />
			<line number="15"  hits="0"  branch="false" />
			<line number="16"  hits="0"  branch="false" />
			<line number="17"  hits="0"  branch="false" />
			<line number="18"  hits="0"  branch="false" />
			<line number="19"  hits="0"  branch="false" />
			<line number="20"  hits="0"  branch="false" />
			<line number="21"  hits="0"  branch="true"  condition-coverage="0% (0/2)" />
			<line number="22"  hits="0"  branch="false" />
			<line number="23"  hits="0"  branch="false" />
			<line number="24"  hits="0"  branch="false" />
			<line number="27"  hits="0"  branch="false" />
			<line number="32"  hits="0"  branch="false" />
			<line number="33"  hits="0"  branch="false" />
			<line number="34"  hits="0"  branch="false" />
			<line number="37"  hits="0"  branch="false" />
			<line number="38"  hits="0"  branch="false" />
		</lines>
		</class>
	</classes>
	</package>
	<package name="..app.src.cart"  line-rate="0.0874"  branch-rate="0" >
	<classes>
		<class name="cart-items-controller.js"  filename="app\src\cart\cart-items-controller.js"  line-rate="0.07690000000000001"  branch-rate="1" >
		<methods>
			<method name="(anonymous_1)"  hits="0"  signature="()V" >
				<lines><line number="4"  hits="0" /></lines>
			</method>
			<method name="(anonymous_2)"  hits="0"  signature="()V" >
				<lines><line number="13"  hits="0" /></lines>
			</method>
			<method name="(anonymous_3)"  hits="0"  signature="()V" >
				<lines><line number="17"  hits="0" /></lines>
			</method>
			<method name="(anonymous_4)"  hits="0"  signature="()V" >
				<lines><line number="22"  hits="0" /></lines>
			</method>
		</methods>
		<lines>
			<line number="3"  hits="1"  branch="false" />
			<line number="7"  hits="0"  branch="false" />
			<line number="8"  hits="0"  branch="false" />
			<line number="9"  hits="0"  branch="false" />
			<line number="11"  hits="0"  branch="false" />
			<line number="13"  hits="0"  branch="false" />
			<line number="14"  hits="0"  branch="false" />
			<line number="17"  hits="0"  branch="false" />
			<line number="18"  hits="0"  branch="false" />
			<line number="19"  hits="0"  branch="false" />
			<line number="22"  hits="0"  branch="false" />
			<line number="23"  hits="0"  branch="false" />
			<line number="24"  hits="0"  branch="false" />
		</lines>
		</class>
		<class name="cart-items-query.js"  filename="app\src\cart\cart-items-query.js"  line-rate="0.1074"  branch-rate="0" >
		<methods>
			<method name="(anonymous_1)"  hits="8"  signature="()V" >
				<lines><line number="3"  hits="8" /></lines>
			</method>
			<method name="_cleanFilters"  hits="0"  signature="()V" >
				<lines><line number="5"  hits="0" /></lines>
			</method>
			<method name="(anonymous_3)"  hits="0"  signature="()V" >
				<lines><line number="7"  hits="0" /></lines>
			</method>
			<method name="_applyItems"  hits="0"  signature="()V" >
				<lines><line number="39"  hits="0" /></lines>
			</method>
			<method name="_setParams"  hits="0"  signature="()V" >
				<lines><line number="82"  hits="0" /></lines>
			</method>
			<method name="_addRow"  hits="0"  signature="()V" >
				<lines><line number="94"  hits="0" /></lines>
			</method>
			<method name="_buildRows"  hits="0"  signature="()V" >
				<lines><line number="103"  hits="0" /></lines>
			</method>
			<method name="(anonymous_8)"  hits="0"  signature="()V" >
				<lines><line number="105"  hits="0" /></lines>
			</method>
			<method name="_getSummaryQueryString"  hits="0"  signature="()V" >
				<lines><line number="114"  hits="0" /></lines>
			</method>
			<method name="_getQueryString"  hits="0"  signature="()V" >
				<lines><line number="130"  hits="0" /></lines>
			</method>
			<method name="_getQueuedQueryString"  hits="0"  signature="()V" >
				<lines><line number="147"  hits="0" /></lines>
			</method>
			<method name="_getQueryCriteria"  hits="0"  signature="()V" >
				<lines><line number="177"  hits="0" /></lines>
			</method>
			<method name="_decorate"  hits="0"  signature="()V" >
				<lines><line number="191"  hits="0" /></lines>
			</method>
			<method name="(anonymous_14)"  hits="0"  signature="()V" >
				<lines><line number="192"  hits="0" /></lines>
			</method>
			<method name="_fetchItems"  hits="0"  signature="()V" >
				<lines><line number="201"  hits="0" /></lines>
			</method>
			<method name="(anonymous_16)"  hits="0"  signature="()V" >
				<lines><line number="202"  hits="0" /></lines>
			</method>
			<method name="_fetchQueued"  hits="0"  signature="()V" >
				<lines><line number="209"  hits="0" /></lines>
			</method>
			<method name="(anonymous_18)"  hits="0"  signature="()V" >
				<lines><line number="210"  hits="0" /></lines>
			</method>
			<method name="_fetchSummary"  hits="0"  signature="()V" >
				<lines><line number="215"  hits="0" /></lines>
			</method>
			<method name="(anonymous_20)"  hits="0"  signature="()V" >
				<lines><line number="216"  hits="0" /></lines>
			</method>
			<method name="_fetchItemsOnly"  hits="0"  signature="()V" >
				<lines><line number="222"  hits="0" /></lines>
			</method>
			<method name="(anonymous_22)"  hits="0"  signature="()V" >
				<lines><line number="223"  hits="0" /></lines>
			</method>
			<method name="(anonymous_23)"  hits="0"  signature="()V" >
				<lines><line number="230"  hits="0" /></lines>
			</method>
			<method name="(anonymous_24)"  hits="0"  signature="()V" >
				<lines><line number="234"  hits="0" /></lines>
			</method>
			<method name="(anonymous_25)"  hits="0"  signature="()V" >
				<lines><line number="247"  hits="0" /></lines>
			</method>
			<method name="(anonymous_26)"  hits="0"  signature="()V" >
				<lines><line number="251"  hits="0" /></lines>
			</method>
		</methods>
		<lines>
			<line number="2"  hits="1"  branch="false" />
			<line number="5"  hits="1"  branch="false" />
			<line number="6"  hits="0"  branch="false" />
			<line number="7"  hits="0"  branch="false" />
			<line number="8"  hits="0"  branch="false" />
			<line number="9"  hits="0"  branch="true"  condition-coverage="0% (0/2)" />
			<line number="10"  hits="0"  branch="false" />
			<line number="11"  hits="0"  branch="false" />
			<line number="14"  hits="0"  branch="false" />
			<line number="39"  hits="1"  branch="false" />
			<line number="40"  hits="0"  branch="false" />
			<line number="41"  hits="0"  branch="true"  condition-coverage="0% (0/4)" />
			<line number="42"  hits="0"  branch="false" />
			<line number="43"  hits="0"  branch="false" />
			<line number="44"  hits="0"  branch="false" />
			<line number="50"  hits="0"  branch="true"  condition-coverage="0% (0/4)" />
			<line number="51"  hits="0"  branch="false" />
			<line number="52"  hits="0"  branch="true"  condition-coverage="0% (0/5)" />
			<line number="53"  hits="0"  branch="false" />
			<line number="54"  hits="0"  branch="true"  condition-coverage="0% (0/4)" />
			<line number="55"  hits="0"  branch="false" />
			<line number="56"  hits="0"  branch="false" />
			<line number="60"  hits="0"  branch="false" />
			<line number="61"  hits="0"  branch="true"  condition-coverage="0% (0/4)" />
			<line number="62"  hits="0"  branch="false" />
			<line number="63"  hits="0"  branch="true"  condition-coverage="0% (0/4)" />
			<line number="64"  hits="0"  branch="false" />
			<line number="65"  hits="0"  branch="false" />
			<line number="69"  hits="0"  branch="false" />
			<line number="70"  hits="0"  branch="true"  condition-coverage="0% (0/5)" />
			<line number="71"  hits="0"  branch="false" />
			<line number="72"  hits="0"  branch="false" />
			<line number="78"  hits="0"  branch="false" />
			<line number="82"  hits="1"  branch="false" />
			<line number="83"  hits="0"  branch="false" />
			<line number="84"  hits="0"  branch="true"  condition-coverage="0% (0/2)" />
			<line number="85"  hits="0"  branch="false" />
			<line number="87"  hits="0"  branch="true"  condition-coverage="0% (0/2)" />
			<line number="88"  hits="0"  branch="false" />
			<line number="90"  hits="0"  branch="false" />
			<line number="91"  hits="0"  branch="false" />
			<line number="94"  hits="1"  branch="false" />
			<line number="95"  hits="0"  branch="true"  condition-coverage="0% (0/2)" />
			<line number="96"  hits="0"  branch="false" />
			<line number="98"  hits="0"  branch="false" />
			<line number="100"  hits="0"  branch="false" />
			<line number="103"  hits="1"  branch="false" />
			<line number="104"  hits="0"  branch="false" />
			<line number="105"  hits="0"  branch="false" />
			<line number="106"  hits="0"  branch="false" />
			<line number="107"  hits="0"  branch="true"  condition-coverage="0% (0/2)" />
			<line number="108"  hits="0"  branch="false" />
			<line number="111"  hits="0"  branch="false" />
			<line number="114"  hits="1"  branch="false" />
			<line number="115"  hits="0"  branch="false" />
			<line number="116"  hits="0"  branch="false" />
			<line number="117"  hits="0"  branch="false" />
			<line number="118"  hits="0"  branch="false" />
			<line number="119"  hits="0"  branch="true"  condition-coverage="0% (0/5)" />
			<line number="120"  hits="0"  branch="true"  condition-coverage="0% (0/2)" />
			<line number="121"  hits="0"  branch="false" />
			<line number="123"  hits="0"  branch="false" />
			<line number="125"  hits="0"  branch="false" />
			<line number="126"  hits="0"  branch="false" />
			<line number="127"  hits="0"  branch="false" />
			<line number="130"  hits="1"  branch="false" />
			<line number="131"  hits="0"  branch="false" />
			<line number="132"  hits="0"  branch="false" />
			<line number="133"  hits="0"  branch="false" />
			<line number="134"  hits="0"  branch="false" />
			<line number="135"  hits="0"  branch="true"  condition-coverage="0% (0/5)" />
			<line number="136"  hits="0"  branch="true"  condition-coverage="0% (0/2)" />
			<line number="137"  hits="0"  branch="false" />
			<line number="139"  hits="0"  branch="false" />
			<line number="141"  hits="0"  branch="false" />
			<line number="142"  hits="0"  branch="false" />
			<line number="143"  hits="0"  branch="false" />
			<line number="144"  hits="0"  branch="false" />
			<line number="147"  hits="1"  branch="false" />
			<line number="148"  hits="0"  branch="false" />
			<line number="149"  hits="0"  branch="true"  condition-coverage="0% (0/2)" />
			<line number="150"  hits="0"  branch="false" />
			<line number="152"  hits="0"  branch="true"  condition-coverage="0% (0/4)" />
			<line number="153"  hits="0"  branch="false" />
			<line number="154"  hits="0"  branch="true"  condition-coverage="0% (0/2)" />
			<line number="155"  hits="0"  branch="false" />
			<line number="157"  hits="0"  branch="false" />
			<line number="160"  hits="0"  branch="false" />
			<line number="161"  hits="0"  branch="false" />
			<line number="162"  hits="0"  branch="false" />
			<line number="163"  hits="0"  branch="true"  condition-coverage="0% (0/5)" />
			<line number="164"  hits="0"  branch="true"  condition-coverage="0% (0/2)" />
			<line number="165"  hits="0"  branch="false" />
			<line number="167"  hits="0"  branch="true"  condition-coverage="0% (0/2)" />
			<line number="168"  hits="0"  branch="false" />
			<line number="171"  hits="0"  branch="false" />
			<line number="172"  hits="0"  branch="false" />
			<line number="173"  hits="0"  branch="false" />
			<line number="174"  hits="0"  branch="false" />
			<line number="177"  hits="1"  branch="false" />
			<line number="178"  hits="0"  branch="false" />
			<line number="179"  hits="0"  branch="false" />
			<line number="180"  hits="0"  branch="false" />
			<line number="181"  hits="0"  branch="false" />
			<line number="182"  hits="0"  branch="false" />
			<line number="183"  hits="0"  branch="false" />
			<line number="184"  hits="0"  branch="false" />
			<line number="185"  hits="0"  branch="true"  condition-coverage="0% (0/2)" />
			<line number="186"  hits="0"  branch="false" />
			<line number="188"  hits="0"  branch="false" />
			<line number="191"  hits="1"  branch="false" />
			<line number="192"  hits="0"  branch="false" />
			<line number="193"  hits="0"  branch="true"  condition-coverage="0% (0/2)" />
			<line number="194"  hits="0"  branch="false" />
			<line number="196"  hits="0"  branch="false" />
			<line number="201"  hits="1"  branch="false" />
			<line number="202"  hits="0"  branch="false" />
			<line number="203"  hits="0"  branch="false" />
			<line number="204"  hits="0"  branch="false" />
			<line number="205"  hits="0"  branch="false" />
			<line number="209"  hits="1"  branch="false" />
			<line number="210"  hits="0"  branch="false" />
			<line number="211"  hits="0"  branch="false" />
			<line number="215"  hits="1"  branch="false" />
			<line number="216"  hits="0"  branch="false" />
			<line number="217"  hits="0"  branch="false" />
			<line number="218"  hits="0"  branch="false" />
			<line number="222"  hits="1"  branch="false" />
			<line number="223"  hits="0"  branch="false" />
			<line number="224"  hits="0"  branch="false" />
			<line number="228"  hits="8"  branch="false" />
			<line number="231"  hits="0"  branch="false" />
			<line number="235"  hits="0"  branch="false" />
			<line number="236"  hits="0"  branch="true"  condition-coverage="0% (0/2)" />
			<line number="237"  hits="0"  branch="false" />
			<line number="238"  hits="0"  branch="false" />
			<line number="240"  hits="0"  branch="true"  condition-coverage="0% (0/2)" />
			<line number="241"  hits="0"  branch="false" />
			<line number="243"  hits="0"  branch="false" />
			<line number="248"  hits="0"  branch="false" />
			<line number="252"  hits="0"  branch="false" />
			<line number="253"  hits="0"  branch="true"  condition-coverage="0% (0/2)" />
			<line number="254"  hits="0"  branch="false" />
			<line number="255"  hits="0"  branch="false" />
			<line number="258"  hits="0"  branch="false" />
			<line number="259"  hits="0"  branch="false" />
			<line number="260"  hits="0"  branch="false" />
			<line number="261"  hits="0"  branch="false" />
			<line number="262"  hits="0"  branch="false" />
		</lines>
		</class>
		<class name="cart-module.js"  filename="app\src\cart\cart-module.js"  line-rate="1"  branch-rate="1" >
		<methods>
		</methods>
		<lines>
			<line number="3"  hits="1"  branch="false" />
		</lines>
		</class>
		<class name="cart-nav-controller.js"  filename="app\src\cart\cart-nav-controller.js"  line-rate="0.11539999999999999"  branch-rate="0" >
		<methods>
			<method name="(anonymous_1)"  hits="0"  signature="()V" >
				<lines><line number="3"  hits="0" /></lines>
			</method>
			<method name="_init"  hits="0"  signature="()V" >
				<lines><line number="6"  hits="0" /></lines>
			</method>
			<method name="(anonymous_3)"  hits="0"  signature="()V" >
				<lines><line number="17"  hits="0" /></lines>
			</method>
			<method name="_setPermissions"  hits="0"  signature="()V" >
				<lines><line number="27"  hits="0" /></lines>
			</method>
			<method name="_getTask"  hits="0"  signature="()V" >
				<lines><line number="31"  hits="0" /></lines>
			</method>
			<method name="_loadTasks"  hits="0"  signature="()V" >
				<lines><line number="39"  hits="0" /></lines>
			</method>
			<method name="(anonymous_7)"  hits="0"  signature="()V" >
				<lines><line number="40"  hits="0" /></lines>
			</method>
			<method name="(anonymous_8)"  hits="0"  signature="()V" >
				<lines><line number="45"  hits="0" /></lines>
			</method>
			<method name="(anonymous_9)"  hits="0"  signature="()V" >
				<lines><line number="56"  hits="0" /></lines>
			</method>
			<method name="(anonymous_10)"  hits="0"  signature="()V" >
				<lines><line number="60"  hits="0" /></lines>
			</method>
			<method name="(anonymous_11)"  hits="0"  signature="()V" >
				<lines><line number="66"  hits="0" /></lines>
			</method>
			<method name="_openTaskModal"  hits="0"  signature="()V" >
				<lines><line number="74"  hits="0" /></lines>
			</method>
			<method name="(anonymous_13)"  hits="0"  signature="()V" >
				<lines><line number="80"  hits="0" /></lines>
			</method>
			<method name="(anonymous_14)"  hits="0"  signature="()V" >
				<lines><line number="83"  hits="0" /></lines>
			</method>
			<method name="(anonymous_15)"  hits="0"  signature="()V" >
				<lines><line number="86"  hits="0" /></lines>
			</method>
			<method name="(anonymous_16)"  hits="0"  signature="()V" >
				<lines><line number="92"  hits="0" /></lines>
			</method>
			<method name="(anonymous_17)"  hits="0"  signature="()V" >
				<lines><line number="94"  hits="0" /></lines>
			</method>
		</methods>
		<lines>
			<line number="2"  hits="1"  branch="false" />
			<line number="6"  hits="1"  branch="false" />
			<line number="7"  hits="0"  branch="false" />
			<line number="8"  hits="0"  branch="false" />
			<line number="9"  hits="0"  branch="false" />
			<line number="11"  hits="0"  branch="true"  condition-coverage="0% (0/2)" />
			<line number="12"  hits="0"  branch="false" />
			<line number="14"  hits="0"  branch="false" />
			<line number="15"  hits="0"  branch="false" />
			<line number="17"  hits="0"  branch="false" />
			<line number="18"  hits="0"  branch="false" />
			<line number="19"  hits="0"  branch="false" />
			<line number="21"  hits="0"  branch="false" />
			<line number="22"  hits="0"  branch="false" />
			<line number="24"  hits="0"  branch="false" />
			<line number="27"  hits="1"  branch="false" />
			<line number="28"  hits="0"  branch="false" />
			<line number="31"  hits="1"  branch="false" />
			<line number="32"  hits="0"  branch="false" />
			<line number="33"  hits="0"  branch="true"  condition-coverage="0% (0/2)" />
			<line number="34"  hits="0"  branch="false" />
			<line number="36"  hits="0"  branch="false" />
			<line number="39"  hits="1"  branch="false" />
			<line number="40"  hits="0"  branch="false" />
			<line number="41"  hits="0"  branch="false" />
			<line number="42"  hits="0"  branch="false" />
			<line number="43"  hits="0"  branch="false" />
			<line number="44"  hits="0"  branch="true"  condition-coverage="0% (0/2)" />
			<line number="45"  hits="0"  branch="false" />
			<line number="46"  hits="0"  branch="false" />
			<line number="47"  hits="0"  branch="true"  condition-coverage="0% (0/4)" />
			<line number="48"  hits="0"  branch="false" />
			<line number="52"  hits="0"  branch="false" />
			<line number="56"  hits="0"  branch="false" />
			<line number="57"  hits="0"  branch="true"  condition-coverage="0% (0/2)" />
			<line number="58"  hits="0"  branch="false" />
			<line number="59"  hits="0"  branch="false" />
			<line number="60"  hits="0"  branch="false" />
			<line number="61"  hits="0"  branch="false" />
			<line number="66"  hits="0"  branch="false" />
			<line number="67"  hits="0"  branch="false" />
			<line number="68"  hits="0"  branch="true"  condition-coverage="0% (0/2)" />
			<line number="69"  hits="0"  branch="false" />
			<line number="70"  hits="0"  branch="false" />
			<line number="74"  hits="1"  branch="false" />
			<line number="75"  hits="0"  branch="false" />
			<line number="81"  hits="0"  branch="false" />
			<line number="84"  hits="0"  branch="false" />
			<line number="87"  hits="0"  branch="false" />
			<line number="92"  hits="0"  branch="false" />
			<line number="93"  hits="0"  branch="false" />
			<line number="99"  hits="0"  branch="false" />
		</lines>
		</class>
		<class name="cart-service.js"  filename="app\src\cart\cart-service.js"  line-rate="0.07440000000000001"  branch-rate="0" >
		<methods>
			<method name="(anonymous_1)"  hits="16"  signature="()V" >
				<lines><line number="4"  hits="16" /></lines>
			</method>
			<method name="(anonymous_2)"  hits="8"  signature="()V" >
				<lines><line number="8"  hits="8" /></lines>
			</method>
			<method name="(anonymous_3)"  hits="0"  signature="()V" >
				<lines><line number="12"  hits="0" /></lines>
			</method>
			<method name="(anonymous_4)"  hits="0"  signature="()V" >
				<lines><line number="18"  hits="0" /></lines>
			</method>
			<method name="(anonymous_5)"  hits="0"  signature="()V" >
				<lines><line number="23"  hits="0" /></lines>
			</method>
			<method name="(anonymous_6)"  hits="0"  signature="()V" >
				<lines><line number="25"  hits="0" /></lines>
			</method>
			<method name="(anonymous_7)"  hits="0"  signature="()V" >
				<lines><line number="30"  hits="0" /></lines>
			</method>
			<method name="_setItems"  hits="0"  signature="()V" >
				<lines><line number="38"  hits="0" /></lines>
			</method>
			<method name="(anonymous_9)"  hits="0"  signature="()V" >
				<lines><line number="40"  hits="0" /></lines>
			</method>
			<method name="_syncItems"  hits="0"  signature="()V" >
				<lines><line number="47"  hits="0" /></lines>
			</method>
			<method name="(anonymous_11)"  hits="0"  signature="()V" >
				<lines><line number="48"  hits="0" /></lines>
			</method>
			<method name="(anonymous_12)"  hits="0"  signature="()V" >
				<lines><line number="61"  hits="0" /></lines>
			</method>
			<method name="(anonymous_13)"  hits="0"  signature="()V" >
				<lines><line number="85"  hits="0" /></lines>
			</method>
			<method name="(anonymous_14)"  hits="0"  signature="()V" >
				<lines><line number="87"  hits="0" /></lines>
			</method>
			<method name="(anonymous_15)"  hits="0"  signature="()V" >
				<lines><line number="98"  hits="0" /></lines>
			</method>
			<method name="(anonymous_16)"  hits="0"  signature="()V" >
				<lines><line number="101"  hits="0" /></lines>
			</method>
			<method name="(anonymous_17)"  hits="0"  signature="()V" >
				<lines><line number="104"  hits="0" /></lines>
			</method>
			<method name="(anonymous_18)"  hits="0"  signature="()V" >
				<lines><line number="116"  hits="0" /></lines>
			</method>
			<method name="(anonymous_19)"  hits="0"  signature="()V" >
				<lines><line number="119"  hits="0" /></lines>
			</method>
			<method name="(anonymous_20)"  hits="0"  signature="()V" >
				<lines><line number="137"  hits="0" /></lines>
			</method>
			<method name="(anonymous_21)"  hits="0"  signature="()V" >
				<lines><line number="140"  hits="0" /></lines>
			</method>
			<method name="(anonymous_22)"  hits="0"  signature="()V" >
				<lines><line number="141"  hits="0" /></lines>
			</method>
			<method name="(anonymous_23)"  hits="0"  signature="()V" >
				<lines><line number="145"  hits="0" /></lines>
			</method>
			<method name="(anonymous_24)"  hits="0"  signature="()V" >
				<lines><line number="153"  hits="0" /></lines>
			</method>
			<method name="(anonymous_25)"  hits="0"  signature="()V" >
				<lines><line number="161"  hits="0" /></lines>
			</method>
			<method name="(anonymous_26)"  hits="0"  signature="()V" >
				<lines><line number="166"  hits="0" /></lines>
			</method>
			<method name="(anonymous_27)"  hits="0"  signature="()V" >
				<lines><line number="169"  hits="0" /></lines>
			</method>
			<method name="(anonymous_28)"  hits="0"  signature="()V" >
				<lines><line number="175"  hits="0" /></lines>
			</method>
			<method name="(anonymous_29)"  hits="0"  signature="()V" >
				<lines><line number="184"  hits="0" /></lines>
			</method>
			<method name="(anonymous_30)"  hits="0"  signature="()V" >
				<lines><line number="194"  hits="0" /></lines>
			</method>
			<method name="(anonymous_31)"  hits="0"  signature="()V" >
				<lines><line number="197"  hits="0" /></lines>
			</method>
			<method name="(anonymous_32)"  hits="0"  signature="()V" >
				<lines><line number="210"  hits="0" /></lines>
			</method>
		</methods>
		<lines>
			<line number="3"  hits="1"  branch="false" />
			<line number="6"  hits="16"  branch="false" />
			<line number="10"  hits="8"  branch="false" />
			<line number="12"  hits="8"  branch="false" />
			<line number="13"  hits="0"  branch="false" />
			<line number="14"  hits="0"  branch="false" />
			<line number="15"  hits="0"  branch="true"  condition-coverage="0% (0/2)" />
			<line number="16"  hits="0"  branch="false" />
			<line number="18"  hits="0"  branch="false" />
			<line number="19"  hits="0"  branch="false" />
			<line number="23"  hits="8"  branch="false" />
			<line number="24"  hits="0"  branch="false" />
			<line number="25"  hits="0"  branch="false" />
			<line number="26"  hits="0"  branch="false" />
			<line number="30"  hits="8"  branch="false" />
			<line number="31"  hits="0"  branch="false" />
			<line number="32"  hits="0"  branch="true"  condition-coverage="0% (0/2)" />
			<line number="33"  hits="0"  branch="false" />
			<line number="35"  hits="0"  branch="false" />
			<line number="38"  hits="1"  branch="false" />
			<line number="39"  hits="0"  branch="false" />
			<line number="40"  hits="0"  branch="false" />
			<line number="41"  hits="0"  branch="false" />
			<line number="43"  hits="0"  branch="false" />
			<line number="44"  hits="0"  branch="false" />
			<line number="47"  hits="1"  branch="false" />
			<line number="48"  hits="0"  branch="false" />
			<line number="49"  hits="0"  branch="false" />
			<line number="50"  hits="0"  branch="false" />
			<line number="60"  hits="8"  branch="false" />
			<line number="62"  hits="0"  branch="false" />
			<line number="63"  hits="0"  branch="false" />
			<line number="64"  hits="0"  branch="true"  condition-coverage="0% (0/2)" />
			<line number="65"  hits="0"  branch="true"  condition-coverage="0% (0/2)" />
			<line number="66"  hits="0"  branch="true"  condition-coverage="0% (0/2)" />
			<line number="67"  hits="0"  branch="false" />
			<line number="68"  hits="0"  branch="true"  condition-coverage="0% (0/2)" />
			<line number="69"  hits="0"  branch="false" />
			<line number="71"  hits="0"  branch="false" />
			<line number="74"  hits="0"  branch="false" />
			<line number="75"  hits="0"  branch="false" />
			<line number="78"  hits="0"  branch="true"  condition-coverage="0% (0/2)" />
			<line number="79"  hits="0"  branch="false" />
			<line number="80"  hits="0"  branch="false" />
			<line number="81"  hits="0"  branch="false" />
			<line number="83"  hits="0"  branch="false" />
			<line number="86"  hits="0"  branch="false" />
			<line number="87"  hits="0"  branch="false" />
			<line number="88"  hits="0"  branch="false" />
			<line number="90"  hits="0"  branch="false" />
			<line number="91"  hits="0"  branch="false" />
			<line number="92"  hits="0"  branch="false" />
			<line number="93"  hits="0"  branch="true"  condition-coverage="0% (0/2)" />
			<line number="94"  hits="0"  branch="false" />
			<line number="95"  hits="0"  branch="false" />
			<line number="99"  hits="0"  branch="false" />
			<line number="102"  hits="0"  branch="false" />
			<line number="105"  hits="0"  branch="false" />
			<line number="106"  hits="0"  branch="false" />
			<line number="107"  hits="0"  branch="true"  condition-coverage="0% (0/2)" />
			<line number="108"  hits="0"  branch="false" />
			<line number="109"  hits="0"  branch="true"  condition-coverage="0% (0/2)" />
			<line number="110"  hits="0"  branch="false" />
			<line number="113"  hits="0"  branch="false" />
			<line number="114"  hits="0"  branch="false" />
			<line number="117"  hits="0"  branch="false" />
			<line number="120"  hits="0"  branch="false" />
			<line number="121"  hits="0"  branch="false" />
			<line number="122"  hits="0"  branch="true"  condition-coverage="0% (0/2)" />
			<line number="123"  hits="0"  branch="false" />
			<line number="124"  hits="0"  branch="false" />
			<line number="125"  hits="0"  branch="false" />
			<line number="127"  hits="0"  branch="true"  condition-coverage="0% (0/2)" />
			<line number="128"  hits="0"  branch="false" />
			<line number="130"  hits="0"  branch="false" />
			<line number="132"  hits="0"  branch="true"  condition-coverage="0% (0/2)" />
			<line number="133"  hits="0"  branch="false" />
			<line number="134"  hits="0"  branch="false" />
			<line number="138"  hits="0"  branch="false" />
			<line number="141"  hits="0"  branch="false" />
			<line number="142"  hits="0"  branch="false" />
			<line number="146"  hits="0"  branch="false" />
			<line number="147"  hits="0"  branch="true"  condition-coverage="0% (0/4)" />
			<line number="148"  hits="0"  branch="false" />
			<line number="150"  hits="0"  branch="false" />
			<line number="154"  hits="0"  branch="false" />
			<line number="155"  hits="0"  branch="true"  condition-coverage="0% (0/4)" />
			<line number="156"  hits="0"  branch="false" />
			<line number="158"  hits="0"  branch="false" />
			<line number="162"  hits="0"  branch="false" />
			<line number="163"  hits="0"  branch="false" />
			<line number="164"  hits="0"  branch="false" />
			<line number="167"  hits="0"  branch="false" />
			<line number="169"  hits="0"  branch="false" />
			<line number="170"  hits="0"  branch="false" />
			<line number="173"  hits="0"  branch="false" />
			<line number="176"  hits="0"  branch="false" />
			<line number="177"  hits="0"  branch="true"  condition-coverage="0% (0/2)" />
			<line number="178"  hits="0"  branch="false" />
			<line number="180"  hits="0"  branch="false" />
			<line number="181"  hits="0"  branch="false" />
			<line number="182"  hits="0"  branch="false" />
			<line number="185"  hits="0"  branch="false" />
			<line number="186"  hits="0"  branch="false" />
			<line number="187"  hits="0"  branch="true"  condition-coverage="0% (0/4)" />
			<line number="188"  hits="0"  branch="false" />
			<line number="190"  hits="0"  branch="false" />
			<line number="191"  hits="0"  branch="false" />
			<line number="192"  hits="0"  branch="false" />
			<line number="195"  hits="0"  branch="false" />
			<line number="198"  hits="0"  branch="false" />
			<line number="199"  hits="0"  branch="true"  condition-coverage="0% (0/2)" />
			<line number="200"  hits="0"  branch="false" />
			<line number="201"  hits="0"  branch="false" />
			<line number="202"  hits="0"  branch="false" />
			<line number="204"  hits="0"  branch="true"  condition-coverage="0% (0/2)" />
			<line number="205"  hits="0"  branch="false" />
			<line number="208"  hits="0"  branch="false" />
			<line number="211"  hits="0"  branch="false" />
			<line number="212"  hits="0"  branch="false" />
			<line number="213"  hits="0"  branch="true"  condition-coverage="0% (0/2)" />
		</lines>
		</class>
		<class name="cart.js"  filename="app\src\cart\cart.js"  line-rate="0.0189"  branch-rate="0" >
		<methods>
			<method name="(anonymous_1)"  hits="0"  signature="()V" >
				<lines><line number="4"  hits="0" /></lines>
			</method>
			<method name="(anonymous_2)"  hits="0"  signature="()V" >
				<lines><line number="24"  hits="0" /></lines>
			</method>
			<method name="(anonymous_3)"  hits="0"  signature="()V" >
				<lines><line number="25"  hits="0" /></lines>
			</method>
			<method name="(anonymous_4)"  hits="0"  signature="()V" >
				<lines><line number="30"  hits="0" /></lines>
			</method>
			<method name="(anonymous_5)"  hits="0"  signature="()V" >
				<lines><line number="36"  hits="0" /></lines>
			</method>
			<method name="(anonymous_6)"  hits="0"  signature="()V" >
				<lines><line number="43"  hits="0" /></lines>
			</method>
			<method name="(anonymous_7)"  hits="0"  signature="()V" >
				<lines><line number="47"  hits="0" /></lines>
			</method>
			<method name="(anonymous_8)"  hits="0"  signature="()V" >
				<lines><line number="51"  hits="0" /></lines>
			</method>
			<method name="(anonymous_9)"  hits="0"  signature="()V" >
				<lines><line number="54"  hits="0" /></lines>
			</method>
			<method name="(anonymous_10)"  hits="0"  signature="()V" >
				<lines><line number="62"  hits="0" /></lines>
			</method>
			<method name="(anonymous_11)"  hits="0"  signature="()V" >
				<lines><line number="65"  hits="0" /></lines>
			</method>
			<method name="(anonymous_12)"  hits="0"  signature="()V" >
				<lines><line number="72"  hits="0" /></lines>
			</method>
			<method name="(anonymous_13)"  hits="0"  signature="()V" >
				<lines><line number="76"  hits="0" /></lines>
			</method>
			<method name="(anonymous_14)"  hits="0"  signature="()V" >
				<lines><line number="83"  hits="0" /></lines>
			</method>
			<method name="(anonymous_15)"  hits="0"  signature="()V" >
				<lines><line number="86"  hits="0" /></lines>
			</method>
			<method name="(anonymous_16)"  hits="0"  signature="()V" >
				<lines><line number="92"  hits="0" /></lines>
			</method>
		</methods>
		<lines>
			<line number="3"  hits="1"  branch="false" />
			<line number="7"  hits="0"  branch="false" />
			<line number="9"  hits="0"  branch="false" />
			<line number="10"  hits="0"  branch="false" />
			<line number="11"  hits="0"  branch="false" />
			<line number="13"  hits="0"  branch="true"  condition-coverage="0% (0/2)" />
			<line number="15"  hits="0"  branch="false" />
			<line number="18"  hits="0"  branch="false" />
			<line number="24"  hits="0"  branch="false" />
			<line number="25"  hits="0"  branch="false" />
			<line number="26"  hits="0"  branch="false" />
			<line number="30"  hits="0"  branch="false" />
			<line number="31"  hits="0"  branch="false" />
			<line number="32"  hits="0"  branch="false" />
			<line number="33"  hits="0"  branch="false" />
			<line number="36"  hits="0"  branch="false" />
			<line number="37"  hits="0"  branch="false" />
			<line number="38"  hits="0"  branch="false" />
			<line number="39"  hits="0"  branch="false" />
			<line number="40"  hits="0"  branch="false" />
			<line number="43"  hits="0"  branch="false" />
			<line number="44"  hits="0"  branch="false" />
			<line number="47"  hits="0"  branch="false" />
			<line number="48"  hits="0"  branch="false" />
			<line number="51"  hits="0"  branch="false" />
			<line number="52"  hits="0"  branch="false" />
			<line number="53"  hits="0"  branch="false" />
			<line number="54"  hits="0"  branch="false" />
			<line number="55"  hits="0"  branch="true"  condition-coverage="0% (0/2)" />
			<line number="56"  hits="0"  branch="false" />
			<line number="57"  hits="0"  branch="false" />
			<line number="62"  hits="0"  branch="false" />
			<line number="63"  hits="0"  branch="true"  condition-coverage="0% (0/2)" />
			<line number="64"  hits="0"  branch="false" />
			<line number="65"  hits="0"  branch="false" />
			<line number="66"  hits="0"  branch="false" />
			<line number="68"  hits="0"  branch="false" />
			<line number="72"  hits="0"  branch="false" />
			<line number="73"  hits="0"  branch="false" />
			<line number="76"  hits="0"  branch="false" />
			<line number="77"  hits="0"  branch="true"  condition-coverage="0% (0/2)" />
			<line number="78"  hits="0"  branch="false" />
			<line number="79"  hits="0"  branch="false" />
			<line number="83"  hits="0"  branch="false" />
			<line number="84"  hits="0"  branch="false" />
			<line number="86"  hits="0"  branch="false" />
			<line number="87"  hits="0"  branch="false" />
			<line number="88"  hits="0"  branch="false" />
			<line number="89"  hits="0"  branch="false" />
			<line number="90"  hits="0"  branch="false" />
			<line number="91"  hits="0"  branch="false" />
			<line number="93"  hits="0"  branch="false" />
			<line number="98"  hits="0"  branch="false" />
		</lines>
		</class>
	</classes>
	</package>
	<package name="..app.src.chart"  line-rate="0.044000000000000004"  branch-rate="0" >
	<classes>
		<class name="chart-controller.js"  filename="app\src\chart\chart-controller.js"  line-rate="0.044000000000000004"  branch-rate="0" >
		<methods>
			<method name="(anonymous_1)"  hits="0"  signature="()V" >
				<lines><line number="3"  hits="0" /></lines>
			</method>
			<method name="(anonymous_2)"  hits="0"  signature="()V" >
				<lines><line number="21"  hits="0" /></lines>
			</method>
			<method name="(anonymous_3)"  hits="0"  signature="()V" >
				<lines><line number="32"  hits="0" /></lines>
			</method>
			<method name="load"  hits="0"  signature="()V" >
				<lines><line number="36"  hits="0" /></lines>
			</method>
			<method name="(anonymous_5)"  hits="0"  signature="()V" >
				<lines><line number="102"  hits="0" /></lines>
			</method>
			<method name="(anonymous_6)"  hits="0"  signature="()V" >
				<lines><line number="108"  hits="0" /></lines>
			</method>
			<method name="(anonymous_7)"  hits="0"  signature="()V" >
				<lines><line number="114"  hits="0" /></lines>
			</method>
			<method name="(anonymous_8)"  hits="0"  signature="()V" >
				<lines><line number="120"  hits="0" /></lines>
			</method>
			<method name="(anonymous_9)"  hits="0"  signature="()V" >
				<lines><line number="126"  hits="0" /></lines>
			</method>
			<method name="(anonymous_10)"  hits="0"  signature="()V" >
				<lines><line number="143"  hits="0" /></lines>
			</method>
			<method name="createPieChart"  hits="0"  signature="()V" >
				<lines><line number="236"  hits="0" /></lines>
			</method>
			<method name="createDataTable"  hits="0"  signature="()V" >
				<lines><line number="296"  hits="0" /></lines>
			</method>
			<method name="(anonymous_13)"  hits="0"  signature="()V" >
				<lines><line number="301"  hits="0" /></lines>
			</method>
			<method name="(anonymous_14)"  hits="0"  signature="()V" >
				<lines><line number="310"  hits="0" /></lines>
			</method>
			<method name="(anonymous_15)"  hits="0"  signature="()V" >
				<lines><line number="313"  hits="0" /></lines>
			</method>
			<method name="(anonymous_16)"  hits="0"  signature="()V" >
				<lines><line number="316"  hits="0" /></lines>
			</method>
			<method name="(anonymous_17)"  hits="0"  signature="()V" >
				<lines><line number="319"  hits="0" /></lines>
			</method>
			<method name="(anonymous_18)"  hits="0"  signature="()V" >
				<lines><line number="322"  hits="0" /></lines>
			</method>
			<method name="(anonymous_19)"  hits="0"  signature="()V" >
				<lines><line number="325"  hits="0" /></lines>
			</method>
			<method name="(anonymous_20)"  hits="0"  signature="()V" >
				<lines><line number="328"  hits="0" /></lines>
			</method>
			<method name="(anonymous_21)"  hits="0"  signature="()V" >
				<lines><line number="340"  hits="0" /></lines>
			</method>
			<method name="(anonymous_22)"  hits="0"  signature="()V" >
				<lines><line number="345"  hits="0" /></lines>
			</method>
			<method name="(anonymous_23)"  hits="0"  signature="()V" >
				<lines><line number="354"  hits="0" /></lines>
			</method>
		</methods>
		<lines>
			<line number="2"  hits="1"  branch="false" />
			<line number="9"  hits="0"  branch="false" />
			<line number="10"  hits="0"  branch="false" />
			<line number="11"  hits="0"  branch="false" />
			<line number="12"  hits="0"  branch="false" />
			<line number="13"  hits="0"  branch="false" />
			<line number="14"  hits="0"  branch="false" />
			<line number="18"  hits="0"  branch="false" />
			<line number="19"  hits="0"  branch="false" />
			<line number="21"  hits="0"  branch="false" />
			<line number="22"  hits="0"  branch="false" />
			<line number="23"  hits="0"  branch="false" />
			<line number="26"  hits="0"  branch="false" />
			<line number="27"  hits="0"  branch="false" />
			<line number="28"  hits="0"  branch="false" />
			<line number="30"  hits="0"  branch="false" />
			<line number="32"  hits="0"  branch="false" />
			<line number="33"  hits="0"  branch="false" />
			<line number="36"  hits="1"  branch="false" />
			<line number="38"  hits="0"  branch="false" />
			<line number="41"  hits="0"  branch="false" />
			<line number="44"  hits="0"  branch="true"  condition-coverage="0% (0/5)" />
			<line number="46"  hits="0"  branch="false" />
			<line number="49"  hits="0"  branch="true"  condition-coverage="0% (0/5)" />
			<line number="51"  hits="0"  branch="false" />
			<line number="54"  hits="0"  branch="true"  condition-coverage="0% (0/5)" />
			<line number="56"  hits="0"  branch="false" />
			<line number="59"  hits="0"  branch="true"  condition-coverage="0% (0/2)" />
			<line number="61"  hits="0"  branch="true"  condition-coverage="0% (0/2)" />
			<line number="62"  hits="0"  branch="false" />
			<line number="65"  hits="0"  branch="true"  condition-coverage="0% (0/2)" />
			<line number="66"  hits="0"  branch="false" />
			<line number="68"  hits="0"  branch="true"  condition-coverage="0% (0/2)" />
			<line number="69"  hits="0"  branch="false" />
			<line number="71"  hits="0"  branch="true"  condition-coverage="0% (0/2)" />
			<line number="72"  hits="0"  branch="false" />
			<line number="74"  hits="0"  branch="true"  condition-coverage="0% (0/2)" />
			<line number="75"  hits="0"  branch="false" />
			<line number="77"  hits="0"  branch="true"  condition-coverage="0% (0/2)" />
			<line number="78"  hits="0"  branch="false" />
			<line number="84"  hits="0"  branch="false" />
			<line number="99"  hits="0"  branch="false" />
			<line number="102"  hits="0"  branch="false" />
			<line number="103"  hits="0"  branch="false" />
			<line number="106"  hits="0"  branch="false" />
			<line number="108"  hits="0"  branch="false" />
			<line number="109"  hits="0"  branch="false" />
			<line number="112"  hits="0"  branch="false" />
			<line number="114"  hits="0"  branch="false" />
			<line number="115"  hits="0"  branch="false" />
			<line number="118"  hits="0"  branch="false" />
			<line number="120"  hits="0"  branch="false" />
			<line number="121"  hits="0"  branch="false" />
			<line number="124"  hits="0"  branch="false" />
			<line number="126"  hits="0"  branch="false" />
			<line number="127"  hits="0"  branch="false" />
			<line number="130"  hits="0"  branch="false" />
			<line number="137"  hits="0"  branch="false" />
			<line number="143"  hits="0"  branch="false" />
			<line number="144"  hits="0"  branch="false" />
			<line number="151"  hits="0"  branch="false" />
			<line number="152"  hits="0"  branch="false" />
			<line number="153"  hits="0"  branch="false" />
			<line number="154"  hits="0"  branch="false" />
			<line number="155"  hits="0"  branch="false" />
			<line number="159"  hits="0"  branch="false" />
			<line number="161"  hits="0"  branch="false" />
			<line number="165"  hits="0"  branch="false" />
			<line number="167"  hits="0"  branch="false" />
			<line number="168"  hits="0"  branch="false" />
			<line number="236"  hits="1"  branch="false" />
			<line number="237"  hits="0"  branch="false" />
			<line number="238"  hits="0"  branch="false" />
			<line number="246"  hits="0"  branch="false" />
			<line number="296"  hits="1"  branch="false" />
			<line number="297"  hits="0"  branch="false" />
			<line number="305"  hits="0"  branch="false" />
			<line number="311"  hits="0"  branch="false" />
			<line number="314"  hits="0"  branch="false" />
			<line number="317"  hits="0"  branch="false" />
			<line number="320"  hits="0"  branch="false" />
			<line number="323"  hits="0"  branch="false" />
			<line number="326"  hits="0"  branch="false" />
			<line number="329"  hits="0"  branch="false" />
			<line number="341"  hits="0"  branch="false" />
			<line number="345"  hits="0"  branch="false" />
			<line number="346"  hits="0"  branch="false" />
			<line number="351"  hits="0"  branch="false" />
			<line number="354"  hits="0"  branch="false" />
			<line number="355"  hits="0"  branch="false" />
			<line number="356"  hits="0"  branch="false" />
		</lines>
		</class>
	</classes>
	</package>
	<package name="..app.src.component"  line-rate="0.0663"  branch-rate="0" >
	<classes>
		<class name="bytes-filter.js"  filename="app\src\component\bytes-filter.js"  line-rate="0.125"  branch-rate="0" >
		<methods>
			<method name="(anonymous_1)"  hits="0"  signature="()V" >
				<lines><line number="4"  hits="0" /></lines>
			</method>
			<method name="(anonymous_2)"  hits="0"  signature="()V" >
				<lines><line number="7"  hits="0" /></lines>
			</method>
		</methods>
		<lines>
			<line number="3"  hits="1"  branch="false" />
			<line number="7"  hits="0"  branch="false" />
			<line number="8"  hits="0"  branch="true"  condition-coverage="0% (0/4)" />
			<line number="9"  hits="0"  branch="false" />
			<line number="12"  hits="0"  branch="true"  condition-coverage="0% (0/2)" />
			<line number="13"  hits="0"  branch="false" />
			<line number="16"  hits="0"  branch="false" />
			<line number="18"  hits="0"  branch="false" />
		</lines>
		</class>
		<class name="clip-service.js"  filename="app\src\component\clip-service.js"  line-rate="0.04"  branch-rate="0" >
		<methods>
			<method name="(anonymous_1)"  hits="0"  signature="()V" >
				<lines><line number="4"  hits="0" /></lines>
			</method>
			<method name="(anonymous_2)"  hits="0"  signature="()V" >
				<lines><line number="8"  hits="0" /></lines>
			</method>
			<method name="(anonymous_3)"  hits="0"  signature="()V" >
				<lines><line number="12"  hits="0" /></lines>
			</method>
			<method name="(anonymous_4)"  hits="0"  signature="()V" >
				<lines><line number="20"  hits="0" /></lines>
			</method>
			<method name="(anonymous_5)"  hits="0"  signature="()V" >
				<lines><line number="26"  hits="0" /></lines>
			</method>
			<method name="(anonymous_6)"  hits="0"  signature="()V" >
				<lines><line number="33"  hits="0" /></lines>
			</method>
			<method name="(anonymous_7)"  hits="0"  signature="()V" >
				<lines><line number="46"  hits="0" /></lines>
			</method>
			<method name="(anonymous_8)"  hits="0"  signature="()V" >
				<lines><line number="54"  hits="0" /></lines>
			</method>
			<method name="(anonymous_9)"  hits="0"  signature="()V" >
				<lines><line number="55"  hits="0" /></lines>
			</method>
			<method name="(anonymous_10)"  hits="0"  signature="()V" >
				<lines><line number="59"  hits="0" /></lines>
			</method>
			<method name="(anonymous_11)"  hits="0"  signature="()V" >
				<lines><line number="60"  hits="0" /></lines>
			</method>
			<method name="(anonymous_12)"  hits="0"  signature="()V" >
				<lines><line number="64"  hits="0" /></lines>
			</method>
			<method name="(anonymous_13)"  hits="0"  signature="()V" >
				<lines><line number="65"  hits="0" /></lines>
			</method>
			<method name="(anonymous_14)"  hits="0"  signature="()V" >
				<lines><line number="69"  hits="0" /></lines>
			</method>
		</methods>
		<lines>
			<line number="3"  hits="1"  branch="false" />
			<line number="8"  hits="0"  branch="false" />
			<line number="9"  hits="0"  branch="false" />
			<line number="12"  hits="0"  branch="false" />
			<line number="13"  hits="0"  branch="true"  condition-coverage="0% (0/2)" />
			<line number="14"  hits="0"  branch="false" />
			<line number="16"  hits="0"  branch="false" />
			<line number="20"  hits="0"  branch="false" />
			<line number="22"  hits="0"  branch="false" />
			<line number="23"  hits="0"  branch="false" />
			<line number="24"  hits="0"  branch="false" />
			<line number="26"  hits="0"  branch="false" />
			<line number="27"  hits="0"  branch="false" />
			<line number="29"  hits="0"  branch="false" />
			<line number="32"  hits="0"  branch="false" />
			<line number="35"  hits="0"  branch="false" />
			<line number="37"  hits="0"  branch="false" />
			<line number="47"  hits="0"  branch="false" />
			<line number="48"  hits="0"  branch="true"  condition-coverage="0% (0/2)" />
			<line number="49"  hits="0"  branch="false" />
			<line number="51"  hits="0"  branch="false" />
			<line number="55"  hits="0"  branch="false" />
			<line number="60"  hits="0"  branch="false" />
			<line number="65"  hits="0"  branch="false" />
			<line number="70"  hits="0"  branch="false" />
		</lines>
		</class>
		<class name="component-module.js"  filename="app\src\component\component-module.js"  line-rate="1"  branch-rate="1" >
		<methods>
		</methods>
		<lines>
			<line number="1"  hits="1"  branch="false" />
		</lines>
		</class>
		<class name="highlight-directive.js"  filename="app\src\component\highlight-directive.js"  line-rate="0.0857"  branch-rate="0" >
		<methods>
			<method name="(anonymous_1)"  hits="0"  signature="()V" >
				<lines><line number="4"  hits="0" /></lines>
			</method>
			<method name="(anonymous_2)"  hits="0"  signature="()V" >
				<lines><line number="9"  hits="0" /></lines>
			</method>
			<method name="(anonymous_3)"  hits="0"  signature="()V" >
				<lines><line number="12"  hits="0" /></lines>
			</method>
			<method name="(anonymous_4)"  hits="0"  signature="()V" >
				<lines><line number="15"  hits="0" /></lines>
			</method>
			<method name="_unhighlight"  hits="0"  signature="()V" >
				<lines><line number="28"  hits="0" /></lines>
			</method>
			<method name="_highlight"  hits="0"  signature="()V" >
				<lines><line number="36"  hits="0" /></lines>
			</method>
		</methods>
		<lines>
			<line number="3"  hits="1"  branch="false" />
			<line number="7"  hits="0"  branch="false" />
			<line number="10"  hits="0"  branch="false" />
			<line number="12"  hits="0"  branch="false" />
			<line number="13"  hits="0"  branch="false" />
			<line number="14"  hits="0"  branch="false" />
			<line number="17"  hits="0"  branch="false" />
			<line number="18"  hits="0"  branch="false" />
			<line number="19"  hits="0"  branch="false" />
			<line number="21"  hits="0"  branch="false" />
			<line number="22"  hits="0"  branch="false" />
			<line number="25"  hits="0"  branch="false" />
			<line number="28"  hits="1"  branch="false" />
			<line number="29"  hits="0"  branch="true"  condition-coverage="0% (0/2)" />
			<line number="30"  hits="0"  branch="false" />
			<line number="31"  hits="0"  branch="true"  condition-coverage="0% (0/2)" />
			<line number="32"  hits="0"  branch="false" />
			<line number="36"  hits="1"  branch="false" />
			<line number="37"  hits="0"  branch="false" />
			<line number="38"  hits="0"  branch="false" />
			<line number="39"  hits="0"  branch="false" />
			<line number="40"  hits="0"  branch="false" />
			<line number="42"  hits="0"  branch="true"  condition-coverage="0% (0/2)" />
			<line number="43"  hits="0"  branch="false" />
			<line number="44"  hits="0"  branch="false" />
			<line number="48"  hits="0"  branch="true"  condition-coverage="0% (0/2)" />
			<line number="49"  hits="0"  branch="false" />
			<line number="50"  hits="0"  branch="false" />
			<line number="51"  hits="0"  branch="false" />
			<line number="52"  hits="0"  branch="true"  condition-coverage="0% (0/2)" />
			<line number="53"  hits="0"  branch="false" />
			<line number="54"  hits="0"  branch="false" />
			<line number="55"  hits="0"  branch="false" />
			<line number="56"  hits="0"  branch="false" />
			<line number="57"  hits="0"  branch="false" />
		</lines>
		</class>
		<class name="placeholder-directive.js"  filename="app\src\component\placeholder-directive.js"  line-rate="0.0333"  branch-rate="0" >
		<methods>
			<method name="(anonymous_1)"  hits="0"  signature="()V" >
				<lines><line number="4"  hits="0" /></lines>
			</method>
			<method name="(anonymous_2)"  hits="0"  signature="()V" >
				<lines><line number="8"  hits="0" /></lines>
			</method>
			<method name="(anonymous_3)"  hits="0"  signature="()V" >
				<lines><line number="20"  hits="0" /></lines>
			</method>
			<method name="(anonymous_4)"  hits="0"  signature="()V" >
				<lines><line number="28"  hits="0" /></lines>
			</method>
			<method name="(anonymous_5)"  hits="0"  signature="()V" >
				<lines><line number="36"  hits="0" /></lines>
			</method>
			<method name="(anonymous_6)"  hits="0"  signature="()V" >
				<lines><line number="47"  hits="0" /></lines>
			</method>
			<method name="(anonymous_7)"  hits="0"  signature="()V" >
				<lines><line number="51"  hits="0" /></lines>
			</method>
		</methods>
		<lines>
			<line number="3"  hits="1"  branch="false" />
			<line number="6"  hits="0"  branch="false" />
			<line number="10"  hits="0"  branch="true"  condition-coverage="0% (0/2)" />
			<line number="11"  hits="0"  branch="false" />
			<line number="15"  hits="0"  branch="false" />
			<line number="16"  hits="0"  branch="true"  condition-coverage="0% (0/2)" />
			<line number="17"  hits="0"  branch="false" />
			<line number="20"  hits="0"  branch="false" />
			<line number="21"  hits="0"  branch="false" />
			<line number="24"  hits="0"  branch="true"  condition-coverage="0% (0/2)" />
			<line number="25"  hits="0"  branch="false" />
			<line number="28"  hits="0"  branch="false" />
			<line number="29"  hits="0"  branch="true"  condition-coverage="0% (0/2)" />
			<line number="30"  hits="0"  branch="false" />
			<line number="33"  hits="0"  branch="true"  condition-coverage="0% (0/2)" />
			<line number="34"  hits="0"  branch="false" />
			<line number="37"  hits="0"  branch="true"  condition-coverage="0% (0/2)" />
			<line number="38"  hits="0"  branch="false" />
			<line number="39"  hits="0"  branch="true"  condition-coverage="0% (0/2)" />
			<line number="40"  hits="0"  branch="false" />
			<line number="45"  hits="0"  branch="true"  condition-coverage="0% (0/4)" />
			<line number="46"  hits="0"  branch="false" />
			<line number="47"  hits="0"  branch="false" />
			<line number="48"  hits="0"  branch="true"  condition-coverage="0% (0/2)" />
			<line number="51"  hits="0"  branch="false" />
			<line number="52"  hits="0"  branch="true"  condition-coverage="0% (0/2)" />
			<line number="53"  hits="0"  branch="false" />
			<line number="54"  hits="0"  branch="false" />
			<line number="55"  hits="0"  branch="false" />
			<line number="58"  hits="0"  branch="false" />
		</lines>
		</class>
		<class name="popover-directive.js"  filename="app\src\component\popover-directive.js"  line-rate="0.0541"  branch-rate="0" >
		<methods>
			<method name="(anonymous_1)"  hits="0"  signature="()V" >
				<lines><line number="4"  hits="0" /></lines>
			</method>
			<method name="(anonymous_2)"  hits="0"  signature="()V" >
				<lines><line number="8"  hits="0" /></lines>
			</method>
			<method name="(anonymous_3)"  hits="0"  signature="()V" >
				<lines><line number="10"  hits="0" /></lines>
			</method>
			<method name="(anonymous_4)"  hits="0"  signature="()V" >
				<lines><line number="33"  hits="0" /></lines>
			</method>
			<method name="(anonymous_5)"  hits="0"  signature="()V" >
				<lines><line number="36"  hits="0" /></lines>
			</method>
			<method name="(anonymous_6)"  hits="0"  signature="()V" >
				<lines><line number="42"  hits="0" /></lines>
			</method>
			<method name="_anchorPopover"  hits="0"  signature="()V" >
				<lines><line number="47"  hits="0" /></lines>
			</method>
		</methods>
		<lines>
			<line number="3"  hits="1"  branch="false" />
			<line number="6"  hits="0"  branch="false" />
			<line number="10"  hits="0"  branch="false" />
			<line number="11"  hits="0"  branch="false" />
			<line number="13"  hits="0"  branch="false" />
			<line number="16"  hits="0"  branch="true"  condition-coverage="0% (0/2)" />
			<line number="17"  hits="0"  branch="true"  condition-coverage="0% (0/2)" />
			<line number="18"  hits="0"  branch="false" />
			<line number="20"  hits="0"  branch="true"  condition-coverage="0% (0/2)" />
			<line number="21"  hits="0"  branch="false" />
			<line number="23"  hits="0"  branch="false" />
			<line number="25"  hits="0"  branch="false" />
			<line number="27"  hits="0"  branch="true"  condition-coverage="0% (0/2)" />
			<line number="28"  hits="0"  branch="false" />
			<line number="29"  hits="0"  branch="true"  condition-coverage="0% (0/2)" />
			<line number="30"  hits="0"  branch="false" />
			<line number="31"  hits="0"  branch="false" />
			<line number="34"  hits="0"  branch="false" />
			<line number="35"  hits="0"  branch="true"  condition-coverage="0% (0/2)" />
			<line number="36"  hits="0"  branch="false" />
			<line number="37"  hits="0"  branch="false" />
			<line number="43"  hits="0"  branch="false" />
			<line number="47"  hits="1"  branch="false" />
			<line number="48"  hits="0"  branch="false" />
			<line number="56"  hits="0"  branch="true"  condition-coverage="0% (0/2)" />
			<line number="57"  hits="0"  branch="false" />
			<line number="58"  hits="0"  branch="false" />
			<line number="59"  hits="0"  branch="false" />
			<line number="60"  hits="0"  branch="false" />
			<line number="61"  hits="0"  branch="false" />
			<line number="64"  hits="0"  branch="true"  condition-coverage="0% (0/2)" />
			<line number="65"  hits="0"  branch="true"  condition-coverage="0% (0/2)" />
			<line number="66"  hits="0"  branch="false" />
			<line number="68"  hits="0"  branch="false" />
			<line number="72"  hits="0"  branch="true"  condition-coverage="0% (0/2)" />
			<line number="73"  hits="0"  branch="false" />
			<line number="75"  hits="0"  branch="false" />
		</lines>
		</class>
		<class name="search-tool-toggle-directive.js"  filename="app\src\component\search-tool-toggle-directive.js"  line-rate="0.1"  branch-rate="0" >
		<methods>
			<method name="(anonymous_1)"  hits="0"  signature="()V" >
				<lines><line number="4"  hits="0" /></lines>
			</method>
			<method name="(anonymous_2)"  hits="0"  signature="()V" >
				<lines><line number="8"  hits="0" /></lines>
			</method>
			<method name="(anonymous_3)"  hits="0"  signature="()V" >
				<lines><line number="12"  hits="0" /></lines>
			</method>
			<method name="(anonymous_4)"  hits="0"  signature="()V" >
				<lines><line number="20"  hits="0" /></lines>
			</method>
		</methods>
		<lines>
			<line number="3"  hits="1"  branch="false" />
			<line number="6"  hits="0"  branch="false" />
			<line number="10"  hits="0"  branch="false" />
			<line number="12"  hits="0"  branch="false" />
			<line number="13"  hits="0"  branch="true"  condition-coverage="0% (0/2)" />
			<line number="14"  hits="0"  branch="false" />
			<line number="16"  hits="0"  branch="false" />
			<line number="20"  hits="0"  branch="false" />
			<line number="21"  hits="0"  branch="false" />
			<line number="22"  hits="0"  branch="false" />
		</lines>
		</class>
		<class name="selected-filter-directive.js"  filename="app\src\component\selected-filter-directive.js"  line-rate="0.05"  branch-rate="0" >
		<methods>
			<method name="(anonymous_1)"  hits="0"  signature="()V" >
				<lines><line number="4"  hits="0" /></lines>
			</method>
			<method name="(anonymous_2)"  hits="0"  signature="()V" >
				<lines><line number="8"  hits="0" /></lines>
			</method>
			<method name="(anonymous_3)"  hits="0"  signature="()V" >
				<lines><line number="10"  hits="0" /></lines>
			</method>
			<method name="(anonymous_4)"  hits="0"  signature="()V" >
				<lines><line number="11"  hits="0" /></lines>
			</method>
			<method name="(anonymous_5)"  hits="0"  signature="()V" >
				<lines><line number="25"  hits="0" /></lines>
			</method>
			<method name="(anonymous_6)"  hits="0"  signature="()V" >
				<lines><line number="27"  hits="0" /></lines>
			</method>
			<method name="(anonymous_7)"  hits="0"  signature="()V" >
				<lines><line number="31"  hits="0" /></lines>
			</method>
			<method name="(anonymous_8)"  hits="0"  signature="()V" >
				<lines><line number="39"  hits="0" /></lines>
			</method>
		</methods>
		<lines>
			<line number="3"  hits="1"  branch="false" />
			<line number="6"  hits="0"  branch="false" />
			<line number="10"  hits="0"  branch="false" />
			<line number="11"  hits="0"  branch="false" />
			<line number="12"  hits="0"  branch="false" />
			<line number="13"  hits="0"  branch="false" />
			<line number="14"  hits="0"  branch="false" />
			<line number="16"  hits="0"  branch="true"  condition-coverage="0% (0/2)" />
			<line number="17"  hits="0"  branch="false" />
			<line number="18"  hits="0"  branch="false" />
			<line number="21"  hits="0"  branch="false" />
			<line number="25"  hits="0"  branch="false" />
			<line number="27"  hits="0"  branch="false" />
			<line number="28"  hits="0"  branch="false" />
			<line number="31"  hits="0"  branch="false" />
			<line number="32"  hits="0"  branch="false" />
			<line number="36"  hits="0"  branch="false" />
			<line number="37"  hits="0"  branch="false" />
			<line number="39"  hits="0"  branch="false" />
			<line number="40"  hits="0"  branch="false" />
		</lines>
		</class>
	</classes>
	</package>
	<package name="..app.src.config"  line-rate="0.44689999999999996"  branch-rate="0.20620000000000002" >
	<classes>
		<class name="config-loader.js"  filename="app\src\config\config-loader.js"  line-rate="0.1311"  branch-rate="0" >
		<methods>
			<method name="(anonymous_1)"  hits="3"  signature="()V" >
				<lines><line number="3"  hits="3" /></lines>
			</method>
			<method name="_setConfigRoot"  hits="0"  signature="()V" >
				<lines><line number="8"  hits="0" /></lines>
			</method>
			<method name="_setProxy"  hits="0"  signature="()V" >
				<lines><line number="20"  hits="0" /></lines>
			</method>
			<method name="_loadDependencies"  hits="0"  signature="()V" >
				<lines><line number="39"  hits="0" /></lines>
			</method>
			<method name="(anonymous_5)"  hits="0"  signature="()V" >
				<lines><line number="42"  hits="0" /></lines>
			</method>
			<method name="(anonymous_6)"  hits="0"  signature="()V" >
				<lines><line number="44"  hits="0" /></lines>
			</method>
			<method name="_prepare"  hits="0"  signature="()V" >
				<lines><line number="53"  hits="0" /></lines>
			</method>
			<method name="(anonymous_8)"  hits="0"  signature="()V" >
				<lines><line number="70"  hits="0" /></lines>
			</method>
			<method name="(anonymous_9)"  hits="0"  signature="()V" >
				<lines><line number="71"  hits="0" /></lines>
			</method>
			<method name="(anonymous_10)"  hits="0"  signature="()V" >
				<lines><line number="82"  hits="0" /></lines>
			</method>
			<method name="(anonymous_11)"  hits="0"  signature="()V" >
				<lines><line number="87"  hits="0" /></lines>
			</method>
			<method name="(anonymous_12)"  hits="0"  signature="()V" >
				<lines><line number="88"  hits="0" /></lines>
			</method>
			<method name="(anonymous_13)"  hits="0"  signature="()V" >
				<lines><line number="95"  hits="0" /></lines>
			</method>
			<method name="(anonymous_14)"  hits="0"  signature="()V" >
				<lines><line number="97"  hits="0" /></lines>
			</method>
			<method name="(anonymous_15)"  hits="0"  signature="()V" >
				<lines><line number="111"  hits="0" /></lines>
			</method>
		</methods>
		<lines>
			<line number="2"  hits="1"  branch="false" />
			<line number="5"  hits="3"  branch="false" />
			<line number="6"  hits="3"  branch="false" />
			<line number="8"  hits="1"  branch="false" />
			<line number="10"  hits="0"  branch="true"  condition-coverage="0% (0/4)" />
			<line number="11"  hits="0"  branch="false" />
			<line number="13"  hits="0"  branch="true"  condition-coverage="0% (0/2)" />
			<line number="14"  hits="0"  branch="true"  condition-coverage="0% (0/2)" />
			<line number="15"  hits="0"  branch="false" />
			<line number="20"  hits="1"  branch="false" />
			<line number="22"  hits="0"  branch="true"  condition-coverage="0% (0/5)" />
			<line number="23"  hits="0"  branch="false" />
			<line number="24"  hits="0"  branch="true"  condition-coverage="0% (0/2)" />
			<line number="25"  hits="0"  branch="false" />
			<line number="27"  hits="0"  branch="false" />
			<line number="28"  hits="0"  branch="false" />
			<line number="29"  hits="0"  branch="false" />
			<line number="30"  hits="0"  branch="true"  condition-coverage="0% (0/2)" />
			<line number="31"  hits="0"  branch="false" />
			<line number="32"  hits="0"  branch="false" />
			<line number="35"  hits="0"  branch="false" />
			<line number="39"  hits="1"  branch="false" />
			<line number="41"  hits="0"  branch="false" />
			<line number="42"  hits="0"  branch="false" />
			<line number="43"  hits="0"  branch="false" />
			<line number="44"  hits="0"  branch="false" />
			<line number="45"  hits="0"  branch="false" />
			<line number="47"  hits="0"  branch="false" />
			<line number="50"  hits="0"  branch="false" />
			<line number="53"  hits="1"  branch="false" />
			<line number="54"  hits="0"  branch="true"  condition-coverage="0% (0/2)" />
			<line number="55"  hits="0"  branch="true"  condition-coverage="0% (0/2)" />
			<line number="56"  hits="0"  branch="false" />
			<line number="59"  hits="0"  branch="false" />
			<line number="60"  hits="0"  branch="false" />
			<line number="61"  hits="0"  branch="false" />
			<line number="62"  hits="0"  branch="false" />
			<line number="64"  hits="0"  branch="false" />
			<line number="65"  hits="0"  branch="false" />
			<line number="69"  hits="3"  branch="false" />
			<line number="71"  hits="0"  branch="false" />
			<line number="72"  hits="0"  branch="false" />
			<line number="75"  hits="0"  branch="false" />
			<line number="76"  hits="0"  branch="true"  condition-coverage="0% (0/2)" />
			<line number="77"  hits="0"  branch="false" />
			<line number="81"  hits="0"  branch="true"  condition-coverage="0% (0/2)" />
			<line number="82"  hits="0"  branch="false" />
			<line number="83"  hits="0"  branch="false" />
			<line number="84"  hits="0"  branch="true"  condition-coverage="0% (0/2)" />
			<line number="85"  hits="0"  branch="false" />
			<line number="87"  hits="0"  branch="false" />
			<line number="88"  hits="0"  branch="false" />
			<line number="89"  hits="0"  branch="false" />
			<line number="94"  hits="0"  branch="true"  condition-coverage="0% (0/2)" />
			<line number="95"  hits="0"  branch="false" />
			<line number="96"  hits="0"  branch="true"  condition-coverage="0% (0/2)" />
			<line number="97"  hits="0"  branch="false" />
			<line number="98"  hits="0"  branch="false" />
			<line number="101"  hits="0"  branch="false" />
			<line number="104"  hits="0"  branch="false" />
			<line number="112"  hits="0"  branch="false" />
		</lines>
		</class>
		<class name="config-module.js"  filename="app\src\config\config-module.js"  line-rate="1"  branch-rate="1" >
		<methods>
		</methods>
		<lines>
			<line number="1"  hits="1"  branch="false" />
		</lines>
		</class>
		<class name="config-service.js"  filename="app\src\config\config-service.js"  line-rate="0.5355"  branch-rate="0.303" >
		<methods>
			<method name="(anonymous_1)"  hits="23"  signature="()V" >
				<lines><line number="3"  hits="23" /></lines>
			</method>
			<method name="_setConfigFields"  hits="26"  signature="()V" >
				<lines><line number="23"  hits="26" /></lines>
			</method>
			<method name="(anonymous_3)"  hits="31"  signature="()V" >
				<lines><line number="24"  hits="31" /></lines>
			</method>
			<method name="_setSummaryFields"  hits="1"  signature="()V" >
				<lines><line number="35"  hits="1" /></lines>
			</method>
			<method name="(anonymous_5)"  hits="1"  signature="()V" >
				<lines><line number="36"  hits="1" /></lines>
			</method>
			<method name="_setTableFields"  hits="0"  signature="()V" >
				<lines><line number="44"  hits="0" /></lines>
			</method>
			<method name="(anonymous_7)"  hits="0"  signature="()V" >
				<lines><line number="46"  hits="0" /></lines>
			</method>
			<method name="_updateConfig"  hits="26"  signature="()V" >
				<lines><line number="55"  hits="26" /></lines>
			</method>
			<method name="_setFilterDataTypes"  hits="3"  signature="()V" >
				<lines><line number="79"  hits="3" /></lines>
			</method>
			<method name="(anonymous_10)"  hits="3"  signature="()V" >
				<lines><line number="82"  hits="3" /></lines>
			</method>
			<method name="(anonymous_11)"  hits="3"  signature="()V" >
				<lines><line number="83"  hits="3" /></lines>
			</method>
			<method name="_load"  hits="3"  signature="()V" >
				<lines><line number="92"  hits="3" /></lines>
			</method>
			<method name="(anonymous_13)"  hits="3"  signature="()V" >
				<lines><line number="93"  hits="3" /></lines>
			</method>
			<method name="(anonymous_14)"  hits="3"  signature="()V" >
				<lines><line number="98"  hits="3" /></lines>
			</method>
			<method name="_setDefaultConfig"  hits="1"  signature="()V" >
				<lines><line number="105"  hits="1" /></lines>
			</method>
			<method name="(anonymous_16)"  hits="1"  signature="()V" >
				<lines><line number="108"  hits="1" /></lines>
			</method>
			<method name="(anonymous_17)"  hits="0"  signature="()V" >
				<lines><line number="118"  hits="0" /></lines>
			</method>
			<method name="(anonymous_18)"  hits="0"  signature="()V" >
				<lines><line number="121"  hits="0" /></lines>
			</method>
			<method name="_setFilterConfig"  hits="3"  signature="()V" >
				<lines><line number="129"  hits="3" /></lines>
			</method>
			<method name="(anonymous_20)"  hits="2"  signature="()V" >
				<lines><line number="136"  hits="2" /></lines>
			</method>
			<method name="(anonymous_21)"  hits="0"  signature="()V" >
				<lines><line number="138"  hits="0" /></lines>
			</method>
			<method name="(anonymous_22)"  hits="0"  signature="()V" >
				<lines><line number="139"  hits="0" /></lines>
			</method>
			<method name="(anonymous_23)"  hits="1"  signature="()V" >
				<lines><line number="144"  hits="1" /></lines>
			</method>
			<method name="_createCatalogFacet"  hits="0"  signature="()V" >
				<lines><line number="151"  hits="0" /></lines>
			</method>
			<method name="_createCatalogFilter"  hits="0"  signature="()V" >
				<lines><line number="156"  hits="0" /></lines>
			</method>
			<method name="(anonymous_26)"  hits="0"  signature="()V" >
				<lines><line number="164"  hits="0" /></lines>
			</method>
			<method name="(anonymous_27)"  hits="0"  signature="()V" >
				<lines><line number="166"  hits="0" /></lines>
			</method>
			<method name="(anonymous_28)"  hits="2"  signature="()V" >
				<lines><line number="183"  hits="2" /></lines>
			</method>
			<method name="(anonymous_29)"  hits="3"  signature="()V" >
				<lines><line number="186"  hits="3" /></lines>
			</method>
			<method name="(anonymous_30)"  hits="0"  signature="()V" >
				<lines><line number="205"  hits="0" /></lines>
			</method>
			<method name="(anonymous_31)"  hits="2"  signature="()V" >
				<lines><line number="209"  hits="2" /></lines>
			</method>
			<method name="(anonymous_32)"  hits="1"  signature="()V" >
				<lines><line number="213"  hits="1" /></lines>
			</method>
			<method name="(anonymous_33)"  hits="0"  signature="()V" >
				<lines><line number="226"  hits="0" /></lines>
			</method>
			<method name="(anonymous_34)"  hits="8"  signature="()V" >
				<lines><line number="230"  hits="8" /></lines>
			</method>
			<method name="(anonymous_35)"  hits="1"  signature="()V" >
				<lines><line number="234"  hits="1" /></lines>
			</method>
			<method name="(anonymous_36)"  hits="4"  signature="()V" >
				<lines><line number="238"  hits="4" /></lines>
			</method>
			<method name="(anonymous_37)"  hits="3"  signature="()V" >
				<lines><line number="248"  hits="3" /></lines>
			</method>
			<method name="(anonymous_38)"  hits="0"  signature="()V" >
				<lines><line number="252"  hits="0" /></lines>
			</method>
			<method name="(anonymous_39)"  hits="0"  signature="()V" >
				<lines><line number="256"  hits="0" /></lines>
			</method>
			<method name="(anonymous_40)"  hits="2"  signature="()V" >
				<lines><line number="263"  hits="2" /></lines>
			</method>
			<method name="(anonymous_41)"  hits="2"  signature="()V" >
				<lines><line number="275"  hits="2" /></lines>
			</method>
			<method name="(anonymous_42)"  hits="0"  signature="()V" >
				<lines><line number="287"  hits="0" /></lines>
			</method>
			<method name="(anonymous_43)"  hits="0"  signature="()V" >
				<lines><line number="291"  hits="0" /></lines>
			</method>
[...]
			<line number="19"  hits="0"  branch="false" />
			<line number="21"  hits="0"  branch="false" />
			<line number="22"  hits="0"  branch="true"  condition-coverage="0% (0/4)" />
			<line number="23"  hits="0"  branch="false" />
			<line number="25"  hits="0"  branch="true"  condition-coverage="0% (0/2)" />
			<line number="27"  hits="0"  branch="false" />
			<line number="30"  hits="0"  branch="true"  condition-coverage="0% (0/2)" />
			<line number="31"  hits="0"  branch="false" />
			<line number="32"  hits="0"  branch="false" />
			<line number="33"  hits="0"  branch="false" />
			<line number="34"  hits="0"  branch="false" />
			<line number="38"  hits="0"  branch="false" />
			<line number="39"  hits="0"  branch="false" />
			<line number="42"  hits="0"  branch="false" />
			<line number="43"  hits="0"  branch="false" />
			<line number="44"  hits="0"  branch="false" />
			<line number="46"  hits="0"  branch="true"  condition-coverage="0% (0/4)" />
			<line number="47"  hits="0"  branch="false" />
			<line number="51"  hits="0"  branch="false" />
			<line number="52"  hits="0"  branch="false" />
			<line number="55"  hits="1"  branch="false" />
			<line number="56"  hits="0"  branch="false" />
			<line number="57"  hits="0"  branch="false" />
			<line number="58"  hits="0"  branch="false" />
			<line number="59"  hits="0"  branch="false" />
			<line number="62"  hits="1"  branch="false" />
			<line number="63"  hits="0"  branch="false" />
			<line number="64"  hits="0"  branch="false" />
			<line number="65"  hits="0"  branch="false" />
			<line number="66"  hits="0"  branch="false" />
			<line number="67"  hits="0"  branch="false" />
			<line number="68"  hits="0"  branch="false" />
			<line number="71"  hits="0"  branch="false" />
			<line number="72"  hits="0"  branch="false" />
			<line number="73"  hits="0"  branch="true"  condition-coverage="0% (0/2)" />
			<line number="74"  hits="0"  branch="false" />
			<line number="76"  hits="0"  branch="false" />
			<line number="77"  hits="0"  branch="false" />
			<line number="78"  hits="0"  branch="false" />
			<line number="79"  hits="0"  branch="false" />
			<line number="80"  hits="0"  branch="false" />
			<line number="81"  hits="0"  branch="false" />
			<line number="83"  hits="0"  branch="false" />
			<line number="84"  hits="0"  branch="false" />
			<line number="85"  hits="0"  branch="false" />
			<line number="86"  hits="0"  branch="false" />
			<line number="87"  hits="0"  branch="false" />
			<line number="91"  hits="0"  branch="false" />
			<line number="92"  hits="0"  branch="false" />
			<line number="93"  hits="0"  branch="false" />
			<line number="96"  hits="0"  branch="false" />
			<line number="97"  hits="0"  branch="false" />
			<line number="98"  hits="0"  branch="false" />
			<line number="101"  hits="1"  branch="false" />
			<line number="102"  hits="0"  branch="true"  condition-coverage="0% (0/2)" />
			<line number="103"  hits="0"  branch="false" />
			<line number="104"  hits="0"  branch="false" />
			<line number="105"  hits="0"  branch="false" />
			<line number="106"  hits="0"  branch="false" />
			<line number="107"  hits="0"  branch="false" />
			<line number="108"  hits="0"  branch="false" />
			<line number="109"  hits="0"  branch="false" />
			<line number="110"  hits="0"  branch="false" />
			<line number="111"  hits="0"  branch="false" />
			<line number="112"  hits="0"  branch="false" />
			<line number="115"  hits="0"  branch="false" />
			<line number="120"  hits="0"  branch="false" />
		</lines>
		</class>
		<class name="task-runner-module.js"  filename="app\src\taskrunner\task-runner-module.js"  line-rate="1"  branch-rate="1" >
		<methods>
		</methods>
		<lines>
			<line number="2"  hits="1"  branch="false" />
		</lines>
		</class>
		<class name="task-service.js"  filename="app\src\taskrunner\task-service.js"  line-rate="0.0635"  branch-rate="0" >
		<methods>
			<method name="(anonymous_1)"  hits="0"  signature="()V" >
				<lines><line number="4"  hits="0" /></lines>
			</method>
			<method name="_buildQuery"  hits="0"  signature="()V" >
				<lines><line number="9"  hits="0" /></lines>
			</method>
			<method name="_post"  hits="0"  signature="()V" >
				<lines><line number="17"  hits="0" /></lines>
			</method>
			<method name="_decorator"  hits="0"  signature="()V" >
				<lines><line number="26"  hits="0" /></lines>
			</method>
			<method name="(anonymous_5)"  hits="0"  signature="()V" >
				<lines><line number="29"  hits="0" /></lines>
			</method>
			<method name="(anonymous_6)"  hits="0"  signature="()V" >
				<lines><line number="30"  hits="0" /></lines>
			</method>
			<method name="(anonymous_7)"  hits="0"  signature="()V" >
				<lines><line number="45"  hits="0" /></lines>
			</method>
			<method name="(anonymous_8)"  hits="0"  signature="()V" >
				<lines><line number="46"  hits="0" /></lines>
			</method>
			<method name="(anonymous_9)"  hits="0"  signature="()V" >
				<lines><line number="48"  hits="0" /></lines>
			</method>
			<method name="(anonymous_10)"  hits="0"  signature="()V" >
				<lines><line number="53"  hits="0" /></lines>
			</method>
			<method name="(anonymous_11)"  hits="0"  signature="()V" >
				<lines><line number="59"  hits="0" /></lines>
			</method>
			<method name="(anonymous_12)"  hits="0"  signature="()V" >
				<lines><line number="63"  hits="0" /></lines>
			</method>
			<method name="(anonymous_13)"  hits="0"  signature="()V" >
				<lines><line number="67"  hits="0" /></lines>
			</method>
			<method name="(anonymous_14)"  hits="0"  signature="()V" >
				<lines><line number="71"  hits="0" /></lines>
			</method>
			<method name="(anonymous_15)"  hits="0"  signature="()V" >
				<lines><line number="75"  hits="0" /></lines>
			</method>
			<method name="(anonymous_16)"  hits="0"  signature="()V" >
				<lines><line number="79"  hits="0" /></lines>
			</method>
			<method name="(anonymous_17)"  hits="0"  signature="()V" >
				<lines><line number="83"  hits="0" /></lines>
			</method>
			<method name="(anonymous_18)"  hits="0"  signature="()V" >
				<lines><line number="87"  hits="0" /></lines>
			</method>
			<method name="(anonymous_19)"  hits="0"  signature="()V" >
				<lines><line number="91"  hits="0" /></lines>
			</method>
			<method name="(anonymous_20)"  hits="0"  signature="()V" >
				<lines><line number="95"  hits="0" /></lines>
			</method>
			<method name="(anonymous_21)"  hits="0"  signature="()V" >
				<lines><line number="105"  hits="0" /></lines>
			</method>
			<method name="(anonymous_22)"  hits="0"  signature="()V" >
				<lines><line number="109"  hits="0" /></lines>
			</method>
			<method name="(anonymous_23)"  hits="0"  signature="()V" >
				<lines><line number="114"  hits="0" /></lines>
			</method>
			<method name="(anonymous_24)"  hits="0"  signature="()V" >
				<lines><line number="118"  hits="0" /></lines>
			</method>
			<method name="(anonymous_25)"  hits="0"  signature="()V" >
				<lines><line number="122"  hits="0" /></lines>
			</method>
			<method name="(anonymous_26)"  hits="0"  signature="()V" >
				<lines><line number="126"  hits="0" /></lines>
			</method>
			<method name="(anonymous_27)"  hits="0"  signature="()V" >
				<lines><line number="136"  hits="0" /></lines>
			</method>
			<method name="(anonymous_28)"  hits="0"  signature="()V" >
				<lines><line number="140"  hits="0" /></lines>
			</method>
			<method name="(anonymous_29)"  hits="0"  signature="()V" >
				<lines><line number="153"  hits="0" /></lines>
			</method>
		</methods>
		<lines>
			<line number="3"  hits="1"  branch="false" />
			<line number="7"  hits="0"  branch="false" />
			<line number="9"  hits="1"  branch="false" />
			<line number="10"  hits="0"  branch="false" />
			<line number="11"  hits="0"  branch="true"  condition-coverage="0% (0/2)" />
			<line number="12"  hits="0"  branch="false" />
			<line number="14"  hits="0"  branch="false" />
			<line number="17"  hits="1"  branch="false" />
			<line number="18"  hits="0"  branch="false" />
			<line number="26"  hits="1"  branch="false" />
			<line number="28"  hits="0"  branch="false" />
			<line number="29"  hits="0"  branch="false" />
			<line number="30"  hits="0"  branch="false" />
			<line number="31"  hits="0"  branch="true"  condition-coverage="0% (0/2)" />
			<line number="32"  hits="0"  branch="false" />
			<line number="33"  hits="0"  branch="false" />
			<line number="36"  hits="0"  branch="false" />
			<line number="40"  hits="0"  branch="false" />
			<line number="43"  hits="0"  branch="false" />
			<line number="46"  hits="0"  branch="false" />
			<line number="47"  hits="0"  branch="false" />
			<line number="49"  hits="0"  branch="false" />
			<line number="54"  hits="0"  branch="false" />
			<line number="55"  hits="0"  branch="false" />
			<line number="56"  hits="0"  branch="false" />
			<line number="60"  hits="0"  branch="false" />
			<line number="64"  hits="0"  branch="false" />
			<line number="68"  hits="0"  branch="false" />
			<line number="72"  hits="0"  branch="false" />
			<line number="76"  hits="0"  branch="false" />
			<line number="80"  hits="0"  branch="false" />
			<line number="84"  hits="0"  branch="false" />
			<line number="88"  hits="0"  branch="false" />
			<line number="92"  hits="0"  branch="false" />
			<line number="96"  hits="0"  branch="true"  condition-coverage="0% (0/2)" />
			<line number="97"  hits="0"  branch="false" />
			<line number="99"  hits="0"  branch="true"  condition-coverage="0% (0/2)" />
			<line number="100"  hits="0"  branch="false" />
			<line number="102"  hits="0"  branch="false" />
			<line number="106"  hits="0"  branch="false" />
			<line number="110"  hits="0"  branch="true"  condition-coverage="0% (0/2)" />
			<line number="111"  hits="0"  branch="true"  condition-coverage="0% (0/2)" />
			<line number="115"  hits="0"  branch="false" />
			<line number="119"  hits="0"  branch="false" />
			<line number="123"  hits="0"  branch="false" />
			<line number="124"  hits="0"  branch="false" />
			<line number="125"  hits="0"  branch="true"  condition-coverage="0% (0/4)" />
			<line number="126"  hits="0"  branch="false" />
			<line number="127"  hits="0"  branch="true"  condition-coverage="0% (0/4)" />
			<line number="128"  hits="0"  branch="false" />
			<line number="129"  hits="0"  branch="false" />
			<line number="133"  hits="0"  branch="false" />
			<line number="137"  hits="0"  branch="false" />
			<line number="138"  hits="0"  branch="false" />
			<line number="139"  hits="0"  branch="true"  condition-coverage="0% (0/4)" />
			<line number="140"  hits="0"  branch="false" />
			<line number="141"  hits="0"  branch="true"  condition-coverage="0% (0/4)" />
			<line number="142"  hits="0"  branch="true"  condition-coverage="0% (0/4)" />
			<line number="143"  hits="0"  branch="false" />
			<line number="144"  hits="0"  branch="false" />
			<line number="145"  hits="0"  branch="false" />
			<line number="150"  hits="0"  branch="false" />
			<line number="154"  hits="0"  branch="false" />
		</lines>
		</class>
	</classes>
	</package>
	<package name="..app.src"  line-rate="0.439"  branch-rate="0.15" >
	<classes>
		<class name="app.js"  filename="app\src\app.js"  line-rate="0.439"  branch-rate="0.15" >
		<methods>
			<method name="(anonymous_1)"  hits="3"  signature="()V" >
				<lines><line number="36"  hits="3" /></lines>
			</method>
			<method name="(anonymous_2)"  hits="0"  signature="()V" >
				<lines><line number="39"  hits="0" /></lines>
			</method>
			<method name="(anonymous_3)"  hits="3"  signature="()V" >
				<lines><line number="51"  hits="3" /></lines>
			</method>
			<method name="_loadIfAllowed"  hits="0"  signature="()V" >
				<lines><line number="54"  hits="0" /></lines>
			</method>
			<method name="(anonymous_5)"  hits="0"  signature="()V" >
				<lines><line number="55"  hits="0" /></lines>
			</method>
			<method name="_canProcess"  hits="0"  signature="()V" >
				<lines><line number="64"  hits="0" /></lines>
			</method>
			<method name="(anonymous_7)"  hits="0"  signature="()V" >
				<lines><line number="65"  hits="0" /></lines>
			</method>
			<method name="(anonymous_8)"  hits="0"  signature="()V" >
				<lines><line number="98"  hits="0" /></lines>
			</method>
			<method name="(anonymous_9)"  hits="0"  signature="()V" >
				<lines><line number="107"  hits="0" /></lines>
			</method>
			<method name="(anonymous_10)"  hits="0"  signature="()V" >
				<lines><line number="127"  hits="0" /></lines>
			</method>
			<method name="(anonymous_11)"  hits="0"  signature="()V" >
				<lines><line number="141"  hits="0" /></lines>
			</method>
			<method name="(anonymous_12)"  hits="0"  signature="()V" >
				<lines><line number="150"  hits="0" /></lines>
			</method>
			<method name="(anonymous_13)"  hits="0"  signature="()V" >
				<lines><line number="159"  hits="0" /></lines>
			</method>
			<method name="(anonymous_14)"  hits="0"  signature="()V" >
				<lines><line number="169"  hits="0" /></lines>
			</method>
			<method name="(anonymous_15)"  hits="0"  signature="()V" >
				<lines><line number="170"  hits="0" /></lines>
			</method>
			<method name="(anonymous_16)"  hits="3"  signature="()V" >
				<lines><line number="194"  hits="3" /></lines>
			</method>
			<method name="(anonymous_17)"  hits="0"  signature="()V" >
				<lines><line number="210"  hits="0" /></lines>
			</method>
			<method name="(anonymous_18)"  hits="0"  signature="()V" >
				<lines><line number="213"  hits="0" /></lines>
			</method>
			<method name="(anonymous_19)"  hits="0"  signature="()V" >
				<lines><line number="216"  hits="0" /></lines>
			</method>
			<method name="(anonymous_20)"  hits="0"  signature="()V" >
				<lines><line number="219"  hits="0" /></lines>
			</method>
			<method name="(anonymous_21)"  hits="0"  signature="()V" >
				<lines><line number="222"  hits="0" /></lines>
			</method>
			<method name="(anonymous_22)"  hits="0"  signature="()V" >
				<lines><line number="225"  hits="0" /></lines>
			</method>
			<method name="(anonymous_23)"  hits="0"  signature="()V" >
				<lines><line number="229"  hits="0" /></lines>
			</method>
			<method name="(anonymous_24)"  hits="0"  signature="()V" >
				<lines><line number="232"  hits="0" /></lines>
			</method>
			<method name="(anonymous_25)"  hits="0"  signature="()V" >
				<lines><line number="235"  hits="0" /></lines>
			</method>
			<method name="(anonymous_26)"  hits="0"  signature="()V" >
				<lines><line number="238"  hits="0" /></lines>
			</method>
			<method name="(anonymous_27)"  hits="0"  signature="()V" >
				<lines><line number="241"  hits="0" /></lines>
			</method>
			<method name="(anonymous_28)"  hits="0"  signature="()V" >
				<lines><line number="244"  hits="0" /></lines>
			</method>
			<method name="(anonymous_29)"  hits="0"  signature="()V" >
				<lines><line number="247"  hits="0" /></lines>
			</method>
			<method name="(anonymous_30)"  hits="0"  signature="()V" >
				<lines><line number="251"  hits="0" /></lines>
			</method>
			<method name="(anonymous_31)"  hits="0"  signature="()V" >
				<lines><line number="255"  hits="0" /></lines>
			</method>
			<method name="(anonymous_32)"  hits="0"  signature="()V" >
				<lines><line number="259"  hits="0" /></lines>
			</method>
			<method name="(anonymous_33)"  hits="0"  signature="()V" >
				<lines><line number="263"  hits="0" /></lines>
			</method>
		</methods>
		<lines>
			<line number="3"  hits="1"  branch="false" />
			<line number="38"  hits="3"  branch="false" />
			<line number="40"  hits="0"  branch="false" />
			<line number="41"  hits="0"  branch="true"  condition-coverage="0% (0/2)" />
			<line number="42"  hits="0"  branch="false" />
			<line number="44"  hits="0"  branch="false" />
			<line number="47"  hits="0"  branch="false" />
			<line number="54"  hits="1"  branch="false" />
			<line number="55"  hits="0"  branch="false" />
			<line number="56"  hits="0"  branch="true"  condition-coverage="0% (0/2)" />
			<line number="57"  hits="0"  branch="false" />
			<line number="59"  hits="0"  branch="false" />
			<line number="64"  hits="1"  branch="false" />
			<line number="65"  hits="0"  branch="false" />
			<line number="66"  hits="0"  branch="true"  condition-coverage="0% (0/2)" />
			<line number="67"  hits="0"  branch="false" />
			<line number="69"  hits="0"  branch="false" />
			<line number="74"  hits="3"  branch="false" />
			<line number="99"  hits="0"  branch="false" />
			<line number="108"  hits="0"  branch="true"  condition-coverage="0% (0/2)" />
			<line number="109"  hits="0"  branch="false" />
			<line number="111"  hits="0"  branch="false" />
			<line number="128"  hits="0"  branch="false" />
			<line number="142"  hits="0"  branch="false" />
			<line number="151"  hits="0"  branch="false" />
			<line number="160"  hits="0"  branch="false" />
			<line number="169"  hits="3"  branch="false" />
			<line number="170"  hits="0"  branch="false" />
			<line number="171"  hits="0"  branch="true"  condition-coverage="0% (0/2)" />
			<line number="172"  hits="0"  branch="false" />
			<line number="174"  hits="0"  branch="false" />
			<line number="180"  hits="3"  branch="false" />
			<line number="186"  hits="3"  branch="true"  condition-coverage="50% (1/2)" />
			<line number="187"  hits="3"  branch="false" />
			<line number="190"  hits="3"  branch="false" />
			<line number="191"  hits="3"  branch="false" />
			<line number="192"  hits="3"  branch="false" />
			<line number="197"  hits="3"  branch="true"  condition-coverage="50% (1/2)" />
			<line number="198"  hits="0"  branch="false" />
			<line number="201"  hits="3"  branch="false" />
			<line number="203"  hits="3"  branch="false" />
			<line number="205"  hits="3"  branch="false" />
			<line number="206"  hits="3"  branch="true"  condition-coverage="50% (1/2)" />
			<line number="207"  hits="3"  branch="false" />
			<line number="210"  hits="3"  branch="false" />
			<line number="211"  hits="0"  branch="false" />
			<line number="213"  hits="3"  branch="false" />
			<line number="214"  hits="0"  branch="false" />
			<line number="216"  hits="3"  branch="false" />
			<line number="217"  hits="0"  branch="false" />
			<line number="219"  hits="3"  branch="false" />
			<line number="220"  hits="0"  branch="false" />
			<line number="222"  hits="3"  branch="false" />
			<line number="223"  hits="0"  branch="false" />
			<line number="225"  hits="3"  branch="false" />
			<line number="227"  hits="0"  branch="false" />
			<line number="229"  hits="3"  branch="false" />
			<line number="230"  hits="0"  branch="false" />
			<line number="232"  hits="3"  branch="false" />
			<line number="233"  hits="0"  branch="false" />
			<line number="235"  hits="3"  branch="false" />
			<line number="236"  hits="0"  branch="false" />
			<line number="238"  hits="3"  branch="false" />
			<line number="239"  hits="0"  branch="false" />
			<line number="241"  hits="3"  branch="false" />
			<line number="242"  hits="0"  branch="false" />
			<line number="244"  hits="3"  branch="false" />
			<line number="245"  hits="0"  branch="false" />
			<line number="247"  hits="3"  branch="false" />
			<line number="248"  hits="0"  branch="false" />
			<line number="251"  hits="3"  branch="false" />
			<line number="252"  hits="0"  branch="false" />
			<line number="255"  hits="3"  branch="false" />
			<line number="256"  hits="0"  branch="false" />
			<line number="259"  hits="3"  branch="false" />
			<line number="260"  hits="0"  branch="false" />
			<line number="263"  hits="3"  branch="false" />
			<line number="264"  hits="0"  branch="true"  condition-coverage="0% (0/2)" />
			<line number="265"  hits="0"  branch="false" />
			<line number="266"  hits="0"  branch="true"  condition-coverage="0% (0/2)" />
			<line number="267"  hits="0"  branch="false" />
			<line number="271"  hits="3"  branch="false" />
		</lines>
		</class>
	</classes>
	</package>
</packages>
</coverage>
